#
# There is insufficient memory for the Java Runtime Environment to continue.
# Native memory allocation (malloc) failed to allocate 1048576 bytes for AllocateHeap
# Possible reasons:
#   The system is out of physical RAM or swap space
#   The process is running with CompressedOops enabled, and the Java Heap may be blocking the growth of the native heap
# Possible solutions:
#   Reduce memory load on the system
#   Increase physical memory or swap space
#   Check if swap backing store is full
#   Decrease Java heap size (-Xmx/-Xms)
#   Decrease number of Java threads
#   Decrease Java thread stack sizes (-Xss)
#   Set larger code cache with -XX:ReservedCodeCacheSize=
#   JVM is running with Unscaled Compressed Oops mode in which the Java heap is
#     placed in the first 4GB address space. The Java Heap base address is the
#     maximum limit for the native heap growth. Please use -XX:HeapBaseMinAddress
#     to set the Java Heap base and to place the Java Heap above 4GB virtual address.
# This output file may be truncated or incomplete.
#
#  Out of Memory Error (./src/hotspot/share/memory/allocation.cpp:46), pid=18856, tid=17800
#
# JRE version: OpenJDK Runtime Environment (11.0.8+10) (build 11.0.8+10-b944.6842174)
# Java VM: OpenJDK 64-Bit Server VM (11.0.8+10-b944.6842174, mixed mode, tiered, compressed oops, g1 gc, windows-amd64)
# No core dump will be written. Minidumps are not enabled by default on client versions of Windows
#

---------------  S U M M A R Y ------------

Command Line: --add-opens=java.base/java.util=ALL-UNNAMED --add-opens=java.base/java.lang=ALL-UNNAMED --add-opens=java.base/java.lang.invoke=ALL-UNNAMED --add-opens=java.base/java.util=ALL-UNNAMED --add-opens=java.prefs/java.util.prefs=ALL-UNNAMED --add-opens=java.prefs/java.util.prefs=ALL-UNNAMED --add-opens=java.base/java.nio.charset=ALL-UNNAMED --add-opens=java.base/java.net=ALL-UNNAMED --add-opens=java.base/java.util.concurrent.atomic=ALL-UNNAMED -Xmx2048m -Dfile.encoding=UTF-8 -Duser.country=KR -Duser.language=ko -Duser.variant org.gradle.launcher.daemon.bootstrap.GradleDaemon 7.0.2

Host: Intel(R) Core(TM) i3-8145U CPU @ 2.10GHz, 4 cores, 7G,  Windows 10 , 64 bit Build 18362 (10.0.18362.1714)
Time: Sat Aug 14 16:18:43 2021 ¢¥eCN©öI¡¾©ö C¡ÍA¨ª¨öA elapsed time: 9 seconds (0d 0h 0m 9s)

---------------  T H R E A D  ---------------

Current thread (0x000001c2b8a3b800):  VMThread "VM Thread" [stack: 0x000000750ac00000,0x000000750ad00000] [id=17800]

Stack: [0x000000750ac00000,0x000000750ad00000]
[error occurred during error reporting (printing stack bounds), id 0xc0000005, EXCEPTION_ACCESS_VIOLATION (0xc0000005) at pc=0x000001c2a2950dad]

Native frames: (J=compiled Java code, j=interpreted, Vv=VM code, C=native code)
V  [jvm.dll+0x5de50a]
V  [jvm.dll+0x7122f5]
V  [jvm.dll+0x71384d]
V  [jvm.dll+0x713e65]
V  [jvm.dll+0x713e1b]
V  [jvm.dll+0x5dd958]
V  [jvm.dll+0x5de0f8]
C  [ntdll.dll+0xa1fff]
C  [ntdll.dll+0x6aad9]
C  [ntdll.dll+0xa0c6e]
C  0x000001c2a2950dad

VM_Operation (0x000000750bff4e00): CollectForMetadataAllocation, mode: safepoint, requested by thread 0x000001c2bb624800


---------------  P R O C E S S  ---------------

Threads class SMR info:
_java_thread_list=0x000001c2bd7dce20, length=28, elements={
0x000001c29efdd000, 0x000001c2b8a40000, 0x000001c2b8a4d800, 0x000001c2b8a5e800,
0x000001c2b8a60800, 0x000001c2b8a61800, 0x000001c2b8a67000, 0x000001c2b932e800,
0x000001c2b9415000, 0x000001c2b944c000, 0x000001c2bbb7b000, 0x000001c2b95fc800,
0x000001c2ba47c800, 0x000001c2bb566800, 0x000001c2bb99e800, 0x000001c2bbafb000,
0x000001c2bb624800, 0x000001c2bb625000, 0x000001c2ba110000, 0x000001c2ba111000,
0x000001c2baba5000, 0x000001c2babaa000, 0x000001c2baba6800, 0x000001c2baba6000,
0x000001c2baba4000, 0x000001c2baba7800, 0x000001c2baba8800, 0x000001c2bc219800
}

Java Threads: ( => current thread )
  0x000001c29efdd000 JavaThread "main" [_thread_blocked, id=19760, stack(0x000000750a600000,0x000000750a700000)]
  0x000001c2b8a40000 JavaThread "Reference Handler" daemon [_thread_blocked, id=6500, stack(0x000000750ad00000,0x000000750ae00000)]
  0x000001c2b8a4d800 JavaThread "Finalizer" daemon [_thread_blocked, id=18812, stack(0x000000750ae00000,0x000000750af00000)]
  0x000001c2b8a5e800 JavaThread "Signal Dispatcher" daemon [_thread_blocked, id=6136, stack(0x000000750af00000,0x000000750b000000)]
  0x000001c2b8a60800 JavaThread "Attach Listener" daemon [_thread_blocked, id=19744, stack(0x000000750b000000,0x000000750b100000)]
  0x000001c2b8a61800 JavaThread "C2 CompilerThread0" daemon [_thread_blocked, id=14680, stack(0x000000750b100000,0x000000750b200000)]
  0x000001c2b8a67000 JavaThread "C1 CompilerThread0" daemon [_thread_blocked, id=2996, stack(0x000000750b200000,0x000000750b300000)]
  0x000001c2b932e800 JavaThread "Sweeper thread" daemon [_thread_blocked, id=11832, stack(0x000000750b300000,0x000000750b400000)]
  0x000001c2b9415000 JavaThread "Common-Cleaner" daemon [_thread_blocked, id=6132, stack(0x000000750b400000,0x000000750b500000)]
  0x000001c2b944c000 JavaThread "Service Thread" daemon [_thread_blocked, id=13200, stack(0x000000750b500000,0x000000750b600000)]
  0x000001c2bbb7b000 JavaThread "Daemon health stats" [_thread_blocked, id=19652, stack(0x000000750ba00000,0x000000750bb00000)]
  0x000001c2b95fc800 JavaThread "Incoming local TCP Connector on port 60359" [_thread_in_native, id=1412, stack(0x000000750b700000,0x000000750b800000)]
  0x000001c2ba47c800 JavaThread "Daemon periodic checks" [_thread_blocked, id=19788, stack(0x000000750bb00000,0x000000750bc00000)]
  0x000001c2bb566800 JavaThread "Daemon" [_thread_blocked, id=15404, stack(0x000000750bc00000,0x000000750bd00000)]
  0x000001c2bb99e800 JavaThread "Handler for socket connection from /127.0.0.1:60359 to /127.0.0.1:60360" [_thread_in_native, id=5620, stack(0x000000750bd00000,0x000000750be00000)]
  0x000001c2bbafb000 JavaThread "Cancel handler" [_thread_blocked, id=17276, stack(0x000000750be00000,0x000000750bf00000)]
  0x000001c2bb624800 JavaThread "Daemon worker" [_thread_blocked, id=19628, stack(0x000000750bf00000,0x000000750c000000)]
  0x000001c2bb625000 JavaThread "Asynchronous log dispatcher for DefaultDaemonConnection: socket connection from /127.0.0.1:60359 to /127.0.0.1:60360" [_thread_blocked, id=10736, stack(0x000000750c000000,0x000000750c100000)]
  0x000001c2ba110000 JavaThread "Stdin handler" [_thread_blocked, id=9080, stack(0x000000750c100000,0x000000750c200000)]
  0x000001c2ba111000 JavaThread "Daemon client event forwarder" [_thread_blocked, id=18488, stack(0x000000750c200000,0x000000750c300000)]
  0x000001c2baba5000 JavaThread "Cache worker for file hash cache (C:\Users\ì„±ì§€í˜„\.gradle\caches\7.0.2\fileHashes)" [_thread_blocked, id=20044, stack(0x000000750c300000,0x000000750c400000)]
  0x000001c2babaa000 JavaThread "File lock request listener" [_thread_in_native, id=10792, stack(0x000000750c400000,0x000000750c500000)]
  0x000001c2baba6800 JavaThread "Cache worker for journal cache (C:\Users\ì„±ì§€í˜„\.gradle\caches\journal-1)" [_thread_blocked, id=15616, stack(0x000000750c600000,0x000000750c700000)]
  0x000001c2baba6000 JavaThread "Cache worker for file hash cache (C:\android-sdk\Woddy\.gradle\7.0.2\fileHashes)" [_thread_blocked, id=12640, stack(0x000000750c700000,0x000000750c800000)]
  0x000001c2baba4000 JavaThread "File watcher server" daemon [_thread_in_native, id=20336, stack(0x000000750c800000,0x000000750c900000)]
  0x000001c2baba7800 JavaThread "File watcher consumer" daemon [_thread_blocked, id=12728, stack(0x000000750c900000,0x000000750ca00000)]
  0x000001c2baba8800 JavaThread "Cache worker for checksums cache (C:\android-sdk\Woddy\.gradle\checksums)" [_thread_blocked, id=19276, stack(0x000000750ca00000,0x000000750cb00000)]
  0x000001c2bc219800 JavaThread "C2 CompilerThread1" daemon [_thread_blocked, id=12968, stack(0x000000750cb00000,0x000000750cc00000)]

Other Threads:
=>0x000001c2b8a3b800 VMThread "VM Thread" [stack: 0x000000750ac00000,0x000000750ad00000] [id=17800]
  0x000001c2b944d000 WatcherThread [stack: 0x000000750b600000,0x000000750b700000] [id=12232]
  0x000001c29eff7000 GCTaskThread "GC Thread#0" [stack: 0x000000750a700000,0x000000750a800000] [id=10096]
  0x000001c2b989c800 GCTaskThread "GC Thread#1" [stack: 0x000000750b800000,0x000000750b900000] [id=1640]
  0x000001c2b967a000 GCTaskThread "GC Thread#2" [stack: 0x000000750b900000,0x000000750ba00000] [id=19620]
  0x000001c2bb49d800 GCTaskThread "GC Thread#3" [stack: 0x000000750c500000,0x000000750c600000] [id=4548]
  0x000001c29f027000 ConcurrentGCThread "G1 Main Marker" [stack: 0x000000750a800000,0x000000750a900000] [id=14984]
  0x000001c29f028800 ConcurrentGCThread "G1 Conc#0" [stack: 0x000000750a900000,0x000000750aa00000] [id=2464]
  0x000001c2b8890800 ConcurrentGCThread "G1 Refine#0" [stack: 0x000000750aa00000,0x000000750ab00000] [id=12704]
  0x000001c2b8891800 ConcurrentGCThread "G1 Young RemSet Sampling" [stack: 0x000000750ab00000,0x000000750ac00000] [id=19724]

Threads with active compile tasks:
C2 CompilerThread1   9976 2307   !   4       java.net.URLClassLoader$1::run (63 bytes)

VM state:at safepoint (normal execution)

VM Mutex/Monitor currently owned by a thread:  ([mutex/lock_event])
[0x000001c29efd99d0] Threads_lock - owner thread: 0x000001c2b8a3b800
[0x000001c29efd9940] Heap_lock - owner thread: 0x000001c2bb624800

Heap address: 0x0000000080000000, size: 2048 MB, Compressed Oops mode: 32-bit
Narrow klass base: 0x0000000000000000, Narrow klass shift: 3
Compressed class space size: 1073741824 Address: 0x0000000100000000

Heap:
 garbage-first heap   total 129024K, used 19099K [0x0000000080000000, 0x0000000100000000)
  region size 1024K, 5 young (5120K), 5 survivors (5120K)
 Metaspace       used 26601K, capacity 27269K, committed 27392K, reserved 1081344K
  class space    used 3485K, capacity 3752K, committed 3840K, reserved 1048576K
Heap Regions: E=young(eden), S=young(survivor), O=old, HS=humongous(starts), HC=humongous(continues), CS=collection set, F=free, A=archive, TAMS=top-at-mark-start (previous, next)
|   0|0x0000000080000000, 0x0000000080100000, 0x0000000080100000|100%|HS|  |TAMS 0x0000000080100000, 0x0000000080100000| Complete 
|   1|0x0000000080100000, 0x0000000080200000, 0x0000000080200000|100%|HC|  |TAMS 0x0000000080200000, 0x0000000080200000| Complete 
|   2|0x0000000080200000, 0x0000000080300000, 0x0000000080300000|100%|HC|  |TAMS 0x0000000080300000, 0x0000000080300000| Complete 
|   3|0x0000000080300000, 0x0000000080400000, 0x0000000080400000|100%| O|  |TAMS 0x0000000080400000, 0x0000000080400000| Untracked 
|   4|0x0000000080400000, 0x0000000080500000, 0x0000000080500000|100%| O|  |TAMS 0x0000000080500000, 0x0000000080500000| Untracked 
|   5|0x0000000080500000, 0x0000000080600000, 0x0000000080600000|100%| O|  |TAMS 0x0000000080600000, 0x0000000080600000| Untracked 
|   6|0x0000000080600000, 0x0000000080700000, 0x0000000080700000|100%| O|  |TAMS 0x0000000080700000, 0x0000000080700000| Untracked 
|   7|0x0000000080700000, 0x0000000080800000, 0x0000000080800000|100%| O|  |TAMS 0x0000000080800000, 0x0000000080800000| Untracked 
|   8|0x0000000080800000, 0x0000000080900000, 0x0000000080900000|100%| O|  |TAMS 0x0000000080900000, 0x0000000080900000| Untracked 
|   9|0x0000000080900000, 0x0000000080a00000, 0x0000000080a00000|100%| O|  |TAMS 0x0000000080a00000, 0x0000000080a00000| Untracked 
|  10|0x0000000080a00000, 0x0000000080b00000, 0x0000000080b00000|100%| O|  |TAMS 0x0000000080b00000, 0x0000000080b00000| Untracked 
|  11|0x0000000080b00000, 0x0000000080c00000, 0x0000000080c00000|100%| O|  |TAMS 0x0000000080c00000, 0x0000000080c00000| Untracked 
|  12|0x0000000080c00000, 0x0000000080d00000, 0x0000000080d00000|100%| O|  |TAMS 0x0000000080d00000, 0x0000000080d00000| Untracked 
|  13|0x0000000080d00000, 0x0000000080dafe00, 0x0000000080e00000| 68%| O|  |TAMS 0x0000000080dafe00, 0x0000000080dafe00| Untracked 
|  14|0x0000000080e00000, 0x0000000080e00000, 0x0000000080f00000|  0%| F|  |TAMS 0x0000000080e00000, 0x0000000080e00000| Untracked 
|  15|0x0000000080f00000, 0x0000000080f00000, 0x0000000081000000|  0%| F|  |TAMS 0x0000000080f00000, 0x0000000080f00000| Untracked 
|  16|0x0000000081000000, 0x0000000081000000, 0x0000000081100000|  0%| F|  |TAMS 0x0000000081000000, 0x0000000081000000| Untracked 
|  17|0x0000000081100000, 0x0000000081100000, 0x0000000081200000|  0%| F|  |TAMS 0x0000000081100000, 0x0000000081100000| Untracked 
|  18|0x0000000081200000, 0x0000000081200000, 0x0000000081300000|  0%| F|  |TAMS 0x0000000081200000, 0x0000000081200000| Untracked 
|  19|0x0000000081300000, 0x0000000081300000, 0x0000000081400000|  0%| F|  |TAMS 0x0000000081300000, 0x0000000081300000| Untracked 
|  20|0x0000000081400000, 0x0000000081400000, 0x0000000081500000|  0%| F|  |TAMS 0x0000000081400000, 0x0000000081400000| Untracked 
|  21|0x0000000081500000, 0x0000000081500000, 0x0000000081600000|  0%| F|  |TAMS 0x0000000081500000, 0x0000000081500000| Untracked 
|  22|0x0000000081600000, 0x0000000081600000, 0x0000000081700000|  0%| F|  |TAMS 0x0000000081600000, 0x0000000081600000| Untracked 
|  23|0x0000000081700000, 0x0000000081700000, 0x0000000081800000|  0%| F|  |TAMS 0x0000000081700000, 0x0000000081700000| Untracked 
|  24|0x0000000081800000, 0x0000000081800000, 0x0000000081900000|  0%| F|  |TAMS 0x0000000081800000, 0x0000000081800000| Untracked 
|  25|0x0000000081900000, 0x0000000081900000, 0x0000000081a00000|  0%| F|  |TAMS 0x0000000081900000, 0x0000000081900000| Untracked 
|  26|0x0000000081a00000, 0x0000000081a00000, 0x0000000081b00000|  0%| F|  |TAMS 0x0000000081a00000, 0x0000000081a00000| Untracked 
|  27|0x0000000081b00000, 0x0000000081b00000, 0x0000000081c00000|  0%| F|  |TAMS 0x0000000081b00000, 0x0000000081b00000| Untracked 
|  28|0x0000000081c00000, 0x0000000081c00000, 0x0000000081d00000|  0%| F|  |TAMS 0x0000000081c00000, 0x0000000081c00000| Untracked 
|  29|0x0000000081d00000, 0x0000000081d00000, 0x0000000081e00000|  0%| F|  |TAMS 0x0000000081d00000, 0x0000000081d00000| Untracked 
|  30|0x0000000081e00000, 0x0000000081e00000, 0x0000000081f00000|  0%| F|  |TAMS 0x0000000081e00000, 0x0000000081e00000| Untracked 
|  31|0x0000000081f00000, 0x0000000081f00000, 0x0000000082000000|  0%| F|  |TAMS 0x0000000081f00000, 0x0000000081f00000| Untracked 
|  32|0x0000000082000000, 0x0000000082000000, 0x0000000082100000|  0%| F|  |TAMS 0x0000000082000000, 0x0000000082000000| Untracked 
|  33|0x0000000082100000, 0x0000000082100000, 0x0000000082200000|  0%| F|  |TAMS 0x0000000082100000, 0x0000000082100000| Untracked 
|  34|0x0000000082200000, 0x0000000082200000, 0x0000000082300000|  0%| F|  |TAMS 0x0000000082200000, 0x0000000082200000| Untracked 
|  35|0x0000000082300000, 0x0000000082300000, 0x0000000082400000|  0%| F|  |TAMS 0x0000000082300000, 0x0000000082300000| Untracked 
|  36|0x0000000082400000, 0x0000000082400000, 0x0000000082500000|  0%| F|  |TAMS 0x0000000082400000, 0x0000000082400000| Untracked 
|  37|0x0000000082500000, 0x0000000082500000, 0x0000000082600000|  0%| F|  |TAMS 0x0000000082500000, 0x0000000082500000| Untracked 
|  38|0x0000000082600000, 0x0000000082600000, 0x0000000082700000|  0%| F|  |TAMS 0x0000000082600000, 0x0000000082600000| Untracked 
|  39|0x0000000082700000, 0x0000000082700000, 0x0000000082800000|  0%| F|  |TAMS 0x0000000082700000, 0x0000000082700000| Untracked 
|  40|0x0000000082800000, 0x0000000082800000, 0x0000000082900000|  0%| F|  |TAMS 0x0000000082800000, 0x0000000082800000| Untracked 
|  41|0x0000000082900000, 0x0000000082900000, 0x0000000082a00000|  0%| F|  |TAMS 0x0000000082900000, 0x0000000082900000| Untracked 
|  42|0x0000000082a00000, 0x0000000082a00000, 0x0000000082b00000|  0%| F|  |TAMS 0x0000000082a00000, 0x0000000082a00000| Untracked 
|  43|0x0000000082b00000, 0x0000000082b00000, 0x0000000082c00000|  0%| F|  |TAMS 0x0000000082b00000, 0x0000000082b00000| Untracked 
|  44|0x0000000082c00000, 0x0000000082c00000, 0x0000000082d00000|  0%| F|  |TAMS 0x0000000082c00000, 0x0000000082c00000| Untracked 
|  45|0x0000000082d00000, 0x0000000082d00000, 0x0000000082e00000|  0%| F|  |TAMS 0x0000000082d00000, 0x0000000082d00000| Untracked 
|  46|0x0000000082e00000, 0x0000000082e00000, 0x0000000082f00000|  0%| F|  |TAMS 0x0000000082e00000, 0x0000000082e00000| Untracked 
|  47|0x0000000082f00000, 0x0000000082f00000, 0x0000000083000000|  0%| F|  |TAMS 0x0000000082f00000, 0x0000000082f00000| Untracked 
|  48|0x0000000083000000, 0x0000000083000000, 0x0000000083100000|  0%| F|  |TAMS 0x0000000083000000, 0x0000000083000000| Untracked 
|  49|0x0000000083100000, 0x0000000083100000, 0x0000000083200000|  0%| F|  |TAMS 0x0000000083100000, 0x0000000083100000| Untracked 
|  50|0x0000000083200000, 0x0000000083200000, 0x0000000083300000|  0%| F|  |TAMS 0x0000000083200000, 0x0000000083200000| Untracked 
|  51|0x0000000083300000, 0x0000000083300000, 0x0000000083400000|  0%| F|  |TAMS 0x0000000083300000, 0x0000000083300000| Untracked 
|  52|0x0000000083400000, 0x0000000083400000, 0x0000000083500000|  0%| F|  |TAMS 0x0000000083400000, 0x0000000083400000| Untracked 
|  53|0x0000000083500000, 0x0000000083500000, 0x0000000083600000|  0%| F|  |TAMS 0x0000000083500000, 0x0000000083500000| Untracked 
|  54|0x0000000083600000, 0x0000000083600000, 0x0000000083700000|  0%| F|  |TAMS 0x0000000083600000, 0x0000000083600000| Untracked 
|  55|0x0000000083700000, 0x0000000083700000, 0x0000000083800000|  0%| F|  |TAMS 0x0000000083700000, 0x0000000083700000| Untracked 
|  56|0x0000000083800000, 0x0000000083800000, 0x0000000083900000|  0%| F|  |TAMS 0x0000000083800000, 0x0000000083800000| Untracked 
|  57|0x0000000083900000, 0x0000000083900000, 0x0000000083a00000|  0%| F|  |TAMS 0x0000000083900000, 0x0000000083900000| Untracked 
|  58|0x0000000083a00000, 0x0000000083a00000, 0x0000000083b00000|  0%| F|  |TAMS 0x0000000083a00000, 0x0000000083a00000| Untracked 
|  59|0x0000000083b00000, 0x0000000083b00000, 0x0000000083c00000|  0%| F|  |TAMS 0x0000000083b00000, 0x0000000083b00000| Untracked 
|  60|0x0000000083c00000, 0x0000000083c00000, 0x0000000083d00000|  0%| F|  |TAMS 0x0000000083c00000, 0x0000000083c00000| Untracked 
|  61|0x0000000083d00000, 0x0000000083d00000, 0x0000000083e00000|  0%| F|  |TAMS 0x0000000083d00000, 0x0000000083d00000| Untracked 
|  62|0x0000000083e00000, 0x0000000083e00000, 0x0000000083f00000|  0%| F|  |TAMS 0x0000000083e00000, 0x0000000083e00000| Untracked 
|  63|0x0000000083f00000, 0x0000000083f00000, 0x0000000084000000|  0%| F|  |TAMS 0x0000000083f00000, 0x0000000083f00000| Untracked 
|  64|0x0000000084000000, 0x0000000084000000, 0x0000000084100000|  0%| F|  |TAMS 0x0000000084000000, 0x0000000084000000| Untracked 
|  65|0x0000000084100000, 0x0000000084100000, 0x0000000084200000|  0%| F|  |TAMS 0x0000000084100000, 0x0000000084100000| Untracked 
|  66|0x0000000084200000, 0x0000000084200000, 0x0000000084300000|  0%| F|  |TAMS 0x0000000084200000, 0x0000000084200000| Untracked 
|  67|0x0000000084300000, 0x0000000084300000, 0x0000000084400000|  0%| F|  |TAMS 0x0000000084300000, 0x0000000084300000| Untracked 
|  68|0x0000000084400000, 0x0000000084400000, 0x0000000084500000|  0%| F|  |TAMS 0x0000000084400000, 0x0000000084400000| Untracked 
|  69|0x0000000084500000, 0x0000000084500000, 0x0000000084600000|  0%| F|  |TAMS 0x0000000084500000, 0x0000000084500000| Untracked 
|  70|0x0000000084600000, 0x0000000084600000, 0x0000000084700000|  0%| F|  |TAMS 0x0000000084600000, 0x0000000084600000| Untracked 
|  71|0x0000000084700000, 0x0000000084700000, 0x0000000084800000|  0%| F|  |TAMS 0x0000000084700000, 0x0000000084700000| Untracked 
|  72|0x0000000084800000, 0x0000000084800000, 0x0000000084900000|  0%| F|  |TAMS 0x0000000084800000, 0x0000000084800000| Untracked 
|  73|0x0000000084900000, 0x0000000084900000, 0x0000000084a00000|  0%| F|  |TAMS 0x0000000084900000, 0x0000000084900000| Untracked 
|  74|0x0000000084a00000, 0x0000000084a00000, 0x0000000084b00000|  0%| F|  |TAMS 0x0000000084a00000, 0x0000000084a00000| Untracked 
|  75|0x0000000084b00000, 0x0000000084b00000, 0x0000000084c00000|  0%| F|  |TAMS 0x0000000084b00000, 0x0000000084b00000| Untracked 
|  76|0x0000000084c00000, 0x0000000084c00000, 0x0000000084d00000|  0%| F|  |TAMS 0x0000000084c00000, 0x0000000084c00000| Untracked 
|  77|0x0000000084d00000, 0x0000000084d00000, 0x0000000084e00000|  0%| F|  |TAMS 0x0000000084d00000, 0x0000000084d00000| Untracked 
|  78|0x0000000084e00000, 0x0000000084e00000, 0x0000000084f00000|  0%| F|  |TAMS 0x0000000084e00000, 0x0000000084e00000| Untracked 
|  79|0x0000000084f00000, 0x0000000084f00000, 0x0000000085000000|  0%| F|  |TAMS 0x0000000084f00000, 0x0000000084f00000| Untracked 
|  80|0x0000000085000000, 0x0000000085000000, 0x0000000085100000|  0%| F|  |TAMS 0x0000000085000000, 0x0000000085000000| Untracked 
|  81|0x0000000085100000, 0x0000000085100000, 0x0000000085200000|  0%| F|  |TAMS 0x0000000085100000, 0x0000000085100000| Untracked 
|  82|0x0000000085200000, 0x0000000085200000, 0x0000000085300000|  0%| F|  |TAMS 0x0000000085200000, 0x0000000085200000| Untracked 
|  83|0x0000000085300000, 0x0000000085300000, 0x0000000085400000|  0%| F|  |TAMS 0x0000000085300000, 0x0000000085300000| Untracked 
|  84|0x0000000085400000, 0x0000000085400000, 0x0000000085500000|  0%| F|  |TAMS 0x0000000085400000, 0x0000000085400000| Untracked 
|  85|0x0000000085500000, 0x0000000085500000, 0x0000000085600000|  0%| F|  |TAMS 0x0000000085500000, 0x0000000085500000| Untracked 
|  86|0x0000000085600000, 0x0000000085600000, 0x0000000085700000|  0%| F|  |TAMS 0x0000000085600000, 0x0000000085600000| Untracked 
|  87|0x0000000085700000, 0x0000000085700000, 0x0000000085800000|  0%| F|  |TAMS 0x0000000085700000, 0x0000000085700000| Untracked 
|  88|0x0000000085800000, 0x0000000085800000, 0x0000000085900000|  0%| F|  |TAMS 0x0000000085800000, 0x0000000085800000| Untracked 
|  89|0x0000000085900000, 0x0000000085900000, 0x0000000085a00000|  0%| F|  |TAMS 0x0000000085900000, 0x0000000085900000| Untracked 
|  90|0x0000000085a00000, 0x0000000085a00000, 0x0000000085b00000|  0%| F|  |TAMS 0x0000000085a00000, 0x0000000085a00000| Untracked 
|  91|0x0000000085b00000, 0x0000000085b00000, 0x0000000085c00000|  0%| F|  |TAMS 0x0000000085b00000, 0x0000000085b00000| Untracked 
|  92|0x0000000085c00000, 0x0000000085c00000, 0x0000000085d00000|  0%| F|  |TAMS 0x0000000085c00000, 0x0000000085c00000| Untracked 
|  93|0x0000000085d00000, 0x0000000085d00000, 0x0000000085e00000|  0%| F|  |TAMS 0x0000000085d00000, 0x0000000085d00000| Untracked 
|  94|0x0000000085e00000, 0x0000000085e00000, 0x0000000085f00000|  0%| F|  |TAMS 0x0000000085e00000, 0x0000000085e00000| Untracked 
|  95|0x0000000085f00000, 0x0000000085f00000, 0x0000000086000000|  0%| F|  |TAMS 0x0000000085f00000, 0x0000000085f00000| Untracked 
|  96|0x0000000086000000, 0x0000000086000000, 0x0000000086100000|  0%| F|  |TAMS 0x0000000086000000, 0x0000000086000000| Untracked 
|  97|0x0000000086100000, 0x0000000086100000, 0x0000000086200000|  0%| F|  |TAMS 0x0000000086100000, 0x0000000086100000| Untracked 
|  98|0x0000000086200000, 0x0000000086200000, 0x0000000086300000|  0%| F|  |TAMS 0x0000000086200000, 0x0000000086200000| Untracked 
|  99|0x0000000086300000, 0x0000000086300000, 0x0000000086400000|  0%| F|  |TAMS 0x0000000086300000, 0x0000000086300000| Untracked 
| 100|0x0000000086400000, 0x0000000086400000, 0x0000000086500000|  0%| F|  |TAMS 0x0000000086400000, 0x0000000086400000| Untracked 
| 101|0x0000000086500000, 0x0000000086500000, 0x0000000086600000|  0%| F|  |TAMS 0x0000000086500000, 0x0000000086500000| Untracked 
| 102|0x0000000086600000, 0x0000000086600000, 0x0000000086700000|  0%| F|  |TAMS 0x0000000086600000, 0x0000000086600000| Untracked 
| 103|0x0000000086700000, 0x0000000086700000, 0x0000000086800000|  0%| F|  |TAMS 0x0000000086700000, 0x0000000086700000| Untracked 
| 104|0x0000000086800000, 0x0000000086800000, 0x0000000086900000|  0%| F|  |TAMS 0x0000000086800000, 0x0000000086800000| Untracked 
| 105|0x0000000086900000, 0x0000000086900000, 0x0000000086a00000|  0%| F|  |TAMS 0x0000000086900000, 0x0000000086900000| Untracked 
| 106|0x0000000086a00000, 0x0000000086a00000, 0x0000000086b00000|  0%| F|  |TAMS 0x0000000086a00000, 0x0000000086a00000| Untracked 
| 107|0x0000000086b00000, 0x0000000086b00000, 0x0000000086c00000|  0%| F|  |TAMS 0x0000000086b00000, 0x0000000086b00000| Untracked 
| 108|0x0000000086c00000, 0x0000000086c00000, 0x0000000086d00000|  0%| F|  |TAMS 0x0000000086c00000, 0x0000000086c00000| Untracked 
| 109|0x0000000086d00000, 0x0000000086d00000, 0x0000000086e00000|  0%| F|  |TAMS 0x0000000086d00000, 0x0000000086d00000| Untracked 
| 110|0x0000000086e00000, 0x0000000086e00000, 0x0000000086f00000|  0%| F|  |TAMS 0x0000000086e00000, 0x0000000086e00000| Untracked 
| 111|0x0000000086f00000, 0x0000000086f00000, 0x0000000087000000|  0%| F|  |TAMS 0x0000000086f00000, 0x0000000086f00000| Untracked 
| 112|0x0000000087000000, 0x0000000087000000, 0x0000000087100000|  0%| F|  |TAMS 0x0000000087000000, 0x0000000087000000| Untracked 
| 113|0x0000000087100000, 0x0000000087100000, 0x0000000087200000|  0%| F|  |TAMS 0x0000000087100000, 0x0000000087100000| Untracked 
| 114|0x0000000087200000, 0x0000000087200000, 0x0000000087300000|  0%| F|  |TAMS 0x0000000087200000, 0x0000000087200000| Untracked 
| 115|0x0000000087300000, 0x00000000873f6e50, 0x0000000087400000| 96%| S|CS|TAMS 0x0000000087300000, 0x0000000087300000| Complete 
| 116|0x0000000087400000, 0x0000000087500000, 0x0000000087500000|100%| S|CS|TAMS 0x0000000087400000, 0x0000000087400000| Complete 
| 117|0x0000000087500000, 0x0000000087600000, 0x0000000087600000|100%| S|CS|TAMS 0x0000000087500000, 0x0000000087500000| Complete 
| 118|0x0000000087600000, 0x0000000087700000, 0x0000000087700000|100%| S|CS|TAMS 0x0000000087600000, 0x0000000087600000| Complete 
| 119|0x0000000087700000, 0x0000000087800000, 0x0000000087800000|100%| S|CS|TAMS 0x0000000087700000, 0x0000000087700000| Complete 
| 120|0x0000000087800000, 0x0000000087800000, 0x0000000087900000|  0%| F|  |TAMS 0x0000000087800000, 0x0000000087800000| Untracked 
| 121|0x0000000087900000, 0x0000000087900000, 0x0000000087a00000|  0%| F|  |TAMS 0x0000000087900000, 0x0000000087900000| Untracked 
| 122|0x0000000087a00000, 0x0000000087a00000, 0x0000000087b00000|  0%| F|  |TAMS 0x0000000087a00000, 0x0000000087a00000| Untracked 
| 123|0x0000000087b00000, 0x0000000087b00000, 0x0000000087c00000|  0%| F|  |TAMS 0x0000000087b00000, 0x0000000087b00000| Untracked 
| 124|0x0000000087c00000, 0x0000000087c00000, 0x0000000087d00000|  0%| F|  |TAMS 0x0000000087c00000, 0x0000000087c00000| Untracked 
| 125|0x0000000087d00000, 0x0000000087d00000, 0x0000000087e00000|  0%| F|  |TAMS 0x0000000087d00000, 0x0000000087d00000| Untracked 

Card table byte_map: [0x000001c2b1d50000,0x000001c2b2150000] _byte_map_base: 0x000001c2b1950000

Marking Bits (Prev, Next): (CMBitMap*) 0x000001c29f01e070, (CMBitMap*) 0x000001c29f01e038
 Prev Bits: [0x000001c2b4550000, 0x000001c2b6550000)
 Next Bits: [0x000001c2b2550000, 0x000001c2b4550000)

Polling page: 0x000001c29ce40000

Metaspace:

Usage:
  Non-class:     22.97 MB capacity,    22.57 MB ( 98%) used,   348.34 KB (  1%) free+waste,    53.25 KB ( <1%) overhead. 
      Class:      3.66 MB capacity,     3.40 MB ( 93%) used,   239.20 KB (  6%) free+waste,    27.06 KB ( <1%) overhead. 
       Both:     26.63 MB capacity,    25.98 MB ( 98%) used,   587.53 KB (  2%) free+waste,    80.31 KB ( <1%) overhead. 

Virtual space:
  Non-class space:       32.00 MB reserved,      23.00 MB ( 72%) committed 
      Class space:        1.00 GB reserved,       3.75 MB ( <1%) committed 
             Both:        1.03 GB reserved,      26.75 MB (  3%) committed 

Chunk freelists:
   Non-Class:  35.00 KB
       Class:  24.00 KB
        Both:  59.00 KB

MaxMetaspaceSize: 17179869184.00 GB
CompressedClassSpaceSize: 1.00 GB

CodeHeap 'non-profiled nmethods': size=120064Kb used=1145Kb max_used=1145Kb free=118918Kb
 bounds [0x000001c2aa410000, 0x000001c2aa680000, 0x000001c2b1950000]
CodeHeap 'profiled nmethods': size=120000Kb used=4405Kb max_used=4405Kb free=115594Kb
 bounds [0x000001c2a2ee0000, 0x000001c2a3330000, 0x000001c2aa410000]
CodeHeap 'non-nmethods': size=5696Kb used=1158Kb max_used=1207Kb free=4537Kb
 bounds [0x000001c2a2950000, 0x000001c2a2bc0000, 0x000001c2a2ee0000]
 total_blobs=2617 nmethods=2111 adapters=417
 compilation: enabled
              stopped_count=0, restarted_count=0
 full_count=0

Compilation events (20 events):
Event: 9.820 Thread 0x000001c2b8a67000 2358       3       com.google.common.cache.LongAdder::<init> (5 bytes)
Event: 9.820 Thread 0x000001c2b8a67000 nmethod 2358 0x000001c2a332e390 code [0x000001c2a332e560, 0x000001c2a332e778]
Event: 9.820 Thread 0x000001c2b8a67000 2359       3       com.google.common.cache.Striped64::<init> (5 bytes)
Event: 9.821 Thread 0x000001c2b8a67000 nmethod 2359 0x000001c2a332e890 code [0x000001c2a332ea40, 0x000001c2a332ebf8]
Event: 9.842 Thread 0x000001c2b8a67000 2362       3       java.lang.invoke.DirectMethodHandle$Holder::invokeStatic (15 bytes)
Event: 9.843 Thread 0x000001c2b8a67000 nmethod 2362 0x000001c2a332ed10 code [0x000001c2a332eee0, 0x000001c2a332f418]
Event: 9.843 Thread 0x000001c2bc219800 2308       4       com.google.common.base.CharMatcher::indexIn (48 bytes)
Event: 9.863 Thread 0x000001c2bc219800 nmethod 2308 0x000001c2aa51f090 code [0x000001c2aa51f240, 0x000001c2aa51f998]
Event: 9.863 Thread 0x000001c2bc219800 2313       4       java.util.Arrays::copyOf (40 bytes)
Event: 9.869 Thread 0x000001c2bc219800 nmethod 2313 0x000001c2aa51fc10 code [0x000001c2aa51fdc0, 0x000001c2aa520218]
Event: 9.870 Thread 0x000001c2bc219800 2360       4       java.util.concurrent.ConcurrentHashMap::putIfAbsent (8 bytes)
Event: 9.870 Thread 0x000001c2bc219800 nmethod 2360 0x000001c2aa520490 code [0x000001c2aa520620, 0x000001c2aa5206a8]
Event: 9.870 Thread 0x000001c2bc219800 2307   !   4       java.net.URLClassLoader$1::run (63 bytes)
Event: 9.871 Thread 0x000001c2b8a61800 nmethod 2306 0x000001c2aa520790 code [0x000001c2aa520ec0, 0x000001c2aa528b80]
Event: 9.876 Thread 0x000001c2b8a67000 2365       3       jdk.internal.misc.Unsafe::weakCompareAndSetInt (11 bytes)
Event: 9.876 Thread 0x000001c2b8a67000 nmethod 2365 0x000001c2a332f510 code [0x000001c2a332f6c0, 0x000001c2a332f7d8]
Event: 9.877 Thread 0x000001c2b8a61800 2367       4       jdk.internal.org.objectweb.asm.Item::isEqualTo (354 bytes)
Event: 9.885 Thread 0x000001c2b8a61800 nmethod 2367 0x000001c2aa52d710 code [0x000001c2aa52d8e0, 0x000001c2aa52e318]
Event: 9.911 Thread 0x000001c2b8a67000 2369       3       jdk.internal.misc.Unsafe::getAndAddInt (27 bytes)
Event: 9.912 Thread 0x000001c2b8a67000 nmethod 2369 0x000001c2a332f890 code [0x000001c2a332fa40, 0x000001c2a332fc78]

GC Heap History (10 events):
Event: 0.903 GC heap before
{Heap before GC invocations=0 (full 0):
 garbage-first heap   total 129024K, used 16384K [0x0000000080000000, 0x0000000100000000)
  region size 1024K, 14 young (14336K), 0 survivors (0K)
 Metaspace       used 6757K, capacity 6937K, committed 7168K, reserved 1056768K
  class space    used 589K, capacity 650K, committed 768K, reserved 1048576K
}
Event: 0.906 GC heap after
{Heap after GC invocations=1 (full 0):
 garbage-first heap   total 129024K, used 3560K [0x0000000080000000, 0x0000000100000000)
  region size 1024K, 2 young (2048K), 2 survivors (2048K)
 Metaspace       used 6757K, capacity 6937K, committed 7168K, reserved 1056768K
  class space    used 589K, capacity 650K, committed 768K, reserved 1048576K
}
Event: 2.771 GC heap before
{Heap before GC invocations=1 (full 0):
 garbage-first heap   total 129024K, used 81384K [0x0000000080000000, 0x0000000100000000)
  region size 1024K, 75 young (76800K), 2 survivors (2048K)
 Metaspace       used 11940K, capacity 12281K, committed 12544K, reserved 1060864K
  class space    used 1313K, capacity 1412K, committed 1536K, reserved 1048576K
}
Event: 2.781 GC heap after
{Heap after GC invocations=2 (full 0):
 garbage-first heap   total 129024K, used 14540K [0x0000000080000000, 0x0000000100000000)
  region size 1024K, 10 young (10240K), 10 survivors (10240K)
 Metaspace       used 11940K, capacity 12281K, committed 12544K, reserved 1060864K
  class space    used 1313K, capacity 1412K, committed 1536K, reserved 1048576K
}
Event: 7.873 GC heap before
{Heap before GC invocations=2 (full 0):
 garbage-first heap   total 129024K, used 62668K [0x0000000080000000, 0x0000000100000000)
  region size 1024K, 58 young (59392K), 10 survivors (10240K)
 Metaspace       used 20595K, capacity 21104K, committed 21248K, reserved 1067008K
  class space    used 2505K, capacity 2690K, committed 2816K, reserved 1048576K
}
Event: 7.889 GC heap after
{Heap after GC invocations=3 (full 0):
 garbage-first heap   total 129024K, used 16982K [0x0000000080000000, 0x0000000100000000)
  region size 1024K, 3 young (3072K), 3 survivors (3072K)
 Metaspace       used 20595K, capacity 21104K, committed 21248K, reserved 1067008K
  class space    used 2505K, capacity 2690K, committed 2816K, reserved 1048576K
}
Event: 9.726 GC heap before
{Heap before GC invocations=4 (full 0):
 garbage-first heap   total 129024K, used 77398K [0x0000000080000000, 0x0000000100000000)
  region size 1024K, 62 young (63488K), 3 survivors (3072K)
 Metaspace       used 26223K, capacity 26893K, committed 27008K, reserved 1073152K
  class space    used 3421K, capacity 3667K, committed 3712K, reserved 1048576K
}
Event: 9.733 GC heap after
{Heap after GC invocations=5 (full 0):
 garbage-first heap   total 129024K, used 18790K [0x0000000080000000, 0x0000000100000000)
  region size 1024K, 5 young (5120K), 5 survivors (5120K)
 Metaspace       used 26223K, capacity 26893K, committed 27008K, reserved 1073152K
  class space    used 3421K, capacity 3667K, committed 3712K, reserved 1048576K
}
Event: 9.923 GC heap before
{Heap before GC invocations=5 (full 0):
 garbage-first heap   total 129024K, used 23910K [0x0000000080000000, 0x0000000100000000)
  region size 1024K, 11 young (11264K), 5 survivors (5120K)
 Metaspace       used 26601K, capacity 27269K, committed 27392K, reserved 1079296K
  class space    used 3485K, capacity 3752K, committed 3840K, reserved 1048576K
}
Event: 9.931 GC heap after
{Heap after GC invocations=6 (full 0):
 garbage-first heap   total 129024K, used 19099K [0x0000000080000000, 0x0000000100000000)
  region size 1024K, 5 young (5120K), 5 survivors (5120K)
 Metaspace       used 26601K, capacity 27269K, committed 27392K, reserved 1079296K
  class space    used 3485K, capacity 3752K, committed 3840K, reserved 1048576K
}

Deoptimization events (20 events):
Event: 9.268 Thread 0x000001c2bb624800 Uncommon trap: trap_request=0xffffff7e fr.pc=0x000001c2aa513ba0 relative=0x0000000000000360
Event: 9.268 Thread 0x000001c2bb624800 Uncommon trap: reason=predicate action=maybe_recompile pc=0x000001c2aa513ba0 method=com.google.common.base.CharMatcher.indexIn(Ljava/lang/CharSequence;I)I @ 19 c2
Event: 9.268 Thread 0x000001c2bb624800 DEOPT PACKING pc=0x000001c2aa513ba0 sp=0x000000750bffb9b0
Event: 9.268 Thread 0x000001c2bb624800 DEOPT UNPACKING pc=0x000001c2a29774af sp=0x000000750bffb930 mode 2
Event: 9.337 Thread 0x000001c2bb624800 Uncommon trap: trap_request=0xffffffde fr.pc=0x000001c2aa4b8660 relative=0x0000000000000320
Event: 9.337 Thread 0x000001c2bb624800 Uncommon trap: reason=class_check action=maybe_recompile pc=0x000001c2aa4b8660 method=java.util.Collections$SetFromMap.remove(Ljava/lang/Object;)Z @ 5 c2
Event: 9.337 Thread 0x000001c2bb624800 DEOPT PACKING pc=0x000001c2aa4b8660 sp=0x000000750bffc3c0
Event: 9.337 Thread 0x000001c2bb624800 DEOPT UNPACKING pc=0x000001c2a29774af sp=0x000000750bffc3a8 mode 2
Event: 9.337 Thread 0x000001c2bb624800 Uncommon trap: trap_request=0xffffffde fr.pc=0x000001c2aa4b8660 relative=0x0000000000000320
Event: 9.337 Thread 0x000001c2bb624800 Uncommon trap: reason=class_check action=maybe_recompile pc=0x000001c2aa4b8660 method=java.util.Collections$SetFromMap.remove(Ljava/lang/Object;)Z @ 5 c2
Event: 9.337 Thread 0x000001c2bb624800 DEOPT PACKING pc=0x000001c2aa4b8660 sp=0x000000750bffc340
Event: 9.337 Thread 0x000001c2bb624800 DEOPT UNPACKING pc=0x000001c2a29774af sp=0x000000750bffc328 mode 2
Event: 9.386 Thread 0x000001c2bb624800 Uncommon trap: trap_request=0xffffff4d fr.pc=0x000001c2aa43b820 relative=0x00000000000004e0
Event: 9.386 Thread 0x000001c2bb624800 Uncommon trap: reason=unstable_if action=reinterpret pc=0x000001c2aa43b820 method=java.util.Properties$LineReader.readLine()I @ 249 c2
Event: 9.386 Thread 0x000001c2bb624800 DEOPT PACKING pc=0x000001c2aa43b820 sp=0x000000750bffb7f0
Event: 9.386 Thread 0x000001c2bb624800 DEOPT UNPACKING pc=0x000001c2a29774af sp=0x000000750bffb780 mode 2
Event: 9.429 Thread 0x000001c2bb624800 Uncommon trap: trap_request=0xffffffbe fr.pc=0x000001c2aa49e2a4 relative=0x0000000000000384
Event: 9.429 Thread 0x000001c2bb624800 Uncommon trap: reason=profile_predicate action=maybe_recompile pc=0x000001c2aa49e2a4 method=java.net.URI$Parser.scan(IILjava/lang/String;)I @ 6 c2
Event: 9.429 Thread 0x000001c2bb624800 DEOPT PACKING pc=0x000001c2aa49e2a4 sp=0x000000750bffaec0
Event: 9.429 Thread 0x000001c2bb624800 DEOPT UNPACKING pc=0x000001c2a29774af sp=0x000000750bffae38 mode 2

Classes redefined (0 events):
No events

Internal exceptions (20 events):
Event: 7.920 Thread 0x000001c2bb624800 Exception <a 'java/lang/NoSuchMethodError'{0x0000000087dfa4e8}: 'int java.lang.invoke.DirectMethodHandle$Holder.invokeSpecialIFC(java.lang.Object, java.lang.Object, java.lang.Object, java.lang.Object)'> (0x0000000087dfa4e8) thrown at [./src/hotspot/share/interpreter/linkResolver.cpp, line 773]
Event: 7.925 Thread 0x000001c2bb624800 Exception <a 'java/lang/NoSuchMethodError'{0x0000000087c08870}: 'java.lang.Object java.lang.invoke.DirectMethodHandle$Holder.invokeInterface(java.lang.Object, java.lang.Object, java.lang.Object)'> (0x0000000087c08870) thrown at [./src/hotspot/share/interpreter/linkResolver.cpp, line 773]
Event: 7.925 Thread 0x000001c2bb624800 Exception <a 'java/lang/IncompatibleClassChangeError'{0x0000000087c0bd78}: Found class java.lang.Object, but interface was expected> (0x0000000087c0bd78) thrown at [./src/hotspot/share/interpreter/linkResolver.cpp, line 839]
Event: 7.958 Thread 0x000001c2bb624800 Exception <a 'java/lang/NoSuchMethodError'{0x0000000087b16fa8}: 'void java.lang.invoke.DirectMethodHandle$Holder.invokeStatic(java.lang.Object, java.lang.Object, java.lang.Object, java.lang.Object, java.lang.Object)'> (0x0000000087b16fa8) thrown at [./src/hotspot/share/interpreter/linkResolver.cpp, line 773]
Event: 8.106 Thread 0x000001c2bb624800 Exception <a 'java/lang/NoSuchMethodError'{0x000000008764e5a0}: 'void java.lang.invoke.DirectMethodHandle$Holder.invokeSpecial(java.lang.Object, java.lang.Object)'> (0x000000008764e5a0) thrown at [./src/hotspot/share/interpreter/linkResolver.cpp, line 773]
Event: 8.159 Thread 0x000001c2bb624800 Exception <a 'java/lang/NoSuchMethodError'{0x00000000874d0498}: 'java.lang.Object java.lang.invoke.DirectMethodHandle$Holder.invokeSpecial(java.lang.Object, java.lang.Object, java.lang.Object, java.lang.Object, java.lang.Object, java.lang.Object, java.lang.Object, java.lang.Object, java.lang.Object)'> (0x00000000874d0498) thrown at [./src/hotspot/share/interpreter/linkResolver.cpp, line 773]
Event: 8.272 Thread 0x000001c2bb624800 Exception <a 'java/lang/NoSuchMethodError'{0x0000000086ad39b0}: 'java.lang.Object java.lang.invoke.DirectMethodHandle$Holder.invokeVirtual(java.lang.Object, java.lang.Object, java.lang.Object, java.lang.Object)'> (0x0000000086ad39b0) thrown at [./src/hotspot/share/interpreter/linkResolver.cpp, line 773]
Event: 8.310 Thread 0x000001c2bb624800 Exception <a 'java/lang/NoSuchMethodError'{0x00000000867c0468}: 'java.lang.Object java.lang.invoke.Invokers$Holder.invoker(java.lang.Object, java.lang.Object, java.lang.Object, java.lang.Object, java.lang.Object)'> (0x00000000867c0468) thrown at [./src/hotspot/share/interpreter/linkResolver.cpp, line 773]
Event: 8.525 Thread 0x000001c2bb624800 Exception <a 'java/lang/NoSuchMethodError'{0x0000000086269fb8}: 'void java.lang.invoke.DirectMethodHandle$Holder.invokeSpecial(java.lang.Object, java.lang.Object, java.lang.Object, java.lang.Object, java.lang.Object, java.lang.Object)'> (0x0000000086269fb8) thrown at [./src/hotspot/share/interpreter/linkResolver.cpp, line 773]
Event: 8.559 Thread 0x000001c2bb624800 Exception <a 'java/lang/NoSuchMethodError'{0x00000000862d3638}: 'void java.lang.invoke.DirectMethodHandle$Holder.invokeSpecial(java.lang.Object, java.lang.Object, java.lang.Object, java.lang.Object, java.lang.Object, java.lang.Object, java.lang.Object)'> (0x00000000862d3638) thrown at [./src/hotspot/share/interpreter/linkResolver.cpp, line 773]
Event: 8.560 Thread 0x000001c2bb624800 Exception <a 'java/lang/NoSuchMethodError'{0x00000000862db880}: 'java.lang.Object java.lang.invoke.Invokers$Holder.linkToTargetMethod(java.lang.Object, java.lang.Object, java.lang.Object, java.lang.Object, java.lang.Object, java.lang.Object)'> (0x00000000862db880) thrown at [./src/hotspot/share/interpreter/linkResolver.cpp, line 773]
Event: 8.918 Thread 0x000001c2bb624800 Exception <a 'java/lang/NoSuchMethodError'{0x000000008531d450}: 'void java.lang.invoke.DirectMethodHandle$Holder.invokeStaticInit(java.lang.Object, java.lang.Object)'> (0x000000008531d450) thrown at [./src/hotspot/share/interpreter/linkResolver.cpp, line 773]
Event: 9.321 Thread 0x000001c2bb624800 Exception <a 'java/lang/NoSuchMethodError'{0x0000000084932cf0}: 'void java.lang.invoke.DirectMethodHandle$Holder.invokeStatic(java.lang.Object, java.lang.Object, java.lang.Object, java.lang.Object)'> (0x0000000084932cf0) thrown at [./src/hotspot/share/interpreter/linkResolver.cpp, line 773]
Event: 9.326 Thread 0x000001c2bb624800 Exception <a 'java/lang/NoSuchMethodError'{0x0000000084946720}: 'int java.lang.invoke.DirectMethodHandle$Holder.invokeInterface(java.lang.Object, java.lang.Object)'> (0x0000000084946720) thrown at [./src/hotspot/share/interpreter/linkResolver.cpp, line 773]
Event: 9.825 Thread 0x000001c2bb624800 Exception <a 'java/lang/NoSuchMethodError'{0x0000000087b6a608}: 'java.lang.Object java.lang.invoke.DirectMethodHandle$Holder.invokeSpecialIFC(java.lang.Object, java.lang.Object, java.lang.Object, java.lang.Object)'> (0x0000000087b6a608) thrown at [./src/hotspot/share/interpreter/linkResolver.cpp, line 773]
Event: 9.875 Thread 0x000001c2bb624800 Exception <a 'java/lang/NoSuchMethodError'{0x0000000087a81970}: 'java.lang.Object java.lang.invoke.DirectMethodHandle$Holder.invokeSpecial(java.lang.Object, java.lang.Object, java.lang.Object, java.lang.Object, java.lang.Object, java.lang.Object, java.lang.Object, java.lang.Object, java.lang.Object, java.lang.Object, java.lang.Object, java.lang.Object, java.lang.Object)'> (0x0000000087a81970) thrown at [./src/hotspot/share/interpreter/linkResolver.cpp, line 773]
Event: 9.876 Thread 0x000001c2bb624800 Exception <a 'java/lang/NoSuchMethodError'{0x0000000087a92bf8}: 'java.lang.Object java.lang.invoke.DirectMethodHandle$Holder.invokeSpecial(java.lang.Object, java.lang.Object, java.lang.Object, java.lang.Object, java.lang.Object, java.lang.Object, java.lang.Object, java.lang.Object, java.lang.Object, java.lang.Object, java.lang.Object, java.lang.Object)'> (0x0000000087a92bf8) thrown at [./src/hotspot/share/interpreter/linkResolver.cpp, line 773]
Event: 9.877 Thread 0x000001c2bb624800 Exception <a 'java/lang/NoSuchMethodError'{0x0000000087a97d20}: 'java.lang.Object java.lang.invoke.Invokers$Holder.linkToTargetMethod(java.lang.Object, java.lang.Object, java.lang.Object, java.lang.Object, java.lang.Object, java.lang.Object, java.lang.Object, java.lang.Object, java.lang.Object, java.lang.Object, java.lang.Object)'> (0x0000000087a97d20) thrown at [./src/hotspot/share/interpreter/linkResolver.cpp, line 773]
Event: 9.910 Thread 0x000001c2bb624800 Exception <a 'java/lang/NoSuchMethodError'{0x00000000879e8bc0}: 'java.lang.Object java.lang.invoke.DirectMethodHandle$Holder.invokeSpecial(java.lang.Object, java.lang.Object, java.lang.Object, java.lang.Object, java.lang.Object, java.lang.Object, java.lang.Object, java.lang.Object, java.lang.Object, java.lang.Object, java.lang.Object, java.lang.Object, java.lang.Object, java.lang.Object)'> (0x00000000879e8bc0) thrown at [./src/hotspot/share/interpreter/linkResolver.cpp, line 773]
Event: 9.911 Thread 0x000001c2bb624800 Exception <a 'java/lang/NoSuchMethodError'{0x00000000879fa1b8}: 'java.lang.Object java.lang.invoke.Invokers$Holder.linkToTargetMethod(java.lang.Object, java.lang.Object, java.lang.Object, java.lang.Object, java.lang.Object, java.lang.Object, java.lang.Object, java.lang.Object, java.lang.Object, java.lang.Object, java.lang.Object, java.lang.Object)'> (0x00000000879fa1b8) thrown at [./src/hotspot/share/interpreter/linkResolver.cpp, line 773]

Events (20 events):
Event: 9.915 loading class org/gradle/api/internal/artifacts/verification/signatures/DefaultSignatureVerificationServiceFactory done
Event: 9.918 loading class org/gradle/internal/resource/connector/ResourceConnectorSpecification
Event: 9.918 loading class org/gradle/internal/resource/connector/ResourceConnectorSpecification done
Event: 9.919 loading class org/gradle/security/internal/PublicKeyService
Event: 9.919 loading class org/gradle/security/internal/PublicKeyService done
Event: 9.919 loading class org/gradle/api/internal/artifacts/verification/signatures/SignatureVerificationService
Event: 9.919 loading class org/gradle/api/internal/artifacts/verification/signatures/SignatureVerificationService done
Event: 9.920 loading class org/gradle/internal/service/ServiceRegistry
Event: 9.920 loading class org/gradle/internal/service/ServiceRegistry done
Event: 9.920 loading class org/gradle/api/internal/properties/GradleProperties
Event: 9.920 loading class org/gradle/api/internal/properties/GradleProperties done
Event: 9.920 loading class org/gradle/internal/service/ServiceRegistry
Event: 9.920 loading class org/gradle/internal/service/ServiceRegistry done
Event: 9.920 loading class org/gradle/api/internal/artifacts/ivyservice/ivyresolve/ModuleComponentRepository
Event: 9.920 loading class org/gradle/api/internal/artifacts/ivyservice/ivyresolve/ModuleComponentRepository done
Event: 9.920 loading class org/gradle/api/internal/artifacts/configurations/ResolutionStrategyInternal
Event: 9.920 loading class org/gradle/api/internal/artifacts/configurations/ResolutionStrategyInternal done
Event: 9.921 loading class org/gradle/api/artifacts/ResolutionStrategy
Event: 9.921 loading class org/gradle/api/artifacts/ResolutionStrategy done
Event: 9.923 Executing VM operation: CollectForMetadataAllocation


Dynamic libraries:
0x00007ff669380000 - 0x00007ff66938a000 	C:\Program Files\Android\Android Studio\jre\bin\java.exe
0x00007ffa80a60000 - 0x00007ffa80c50000 	C:\WINDOWS\SYSTEM32\ntdll.dll
0x00007ffa7ebf0000 - 0x00007ffa7eca2000 	C:\WINDOWS\System32\KERNEL32.DLL
0x00007ffa7de40000 - 0x00007ffa7e0e6000 	C:\WINDOWS\System32\KERNELBASE.dll
0x00007ffa7da20000 - 0x00007ffa7db1a000 	C:\WINDOWS\System32\ucrtbase.dll
0x00007ffa62a10000 - 0x00007ffa62a27000 	C:\Program Files\Android\Android Studio\jre\bin\VCRUNTIME140.dll
0x00007ffa628e0000 - 0x00007ffa628f9000 	C:\Program Files\Android\Android Studio\jre\bin\jli.dll
0x00007ffa80620000 - 0x00007ffa807b4000 	C:\WINDOWS\System32\USER32.dll
0x00007ffa7dbd0000 - 0x00007ffa7dbf1000 	C:\WINDOWS\System32\win32u.dll
0x00007ffa7ebc0000 - 0x00007ffa7ebe6000 	C:\WINDOWS\System32\GDI32.dll
0x00007ffa7e910000 - 0x00007ffa7eaa8000 	C:\WINDOWS\System32\gdi32full.dll
0x00007ffa7e0f0000 - 0x00007ffa7e18e000 	C:\WINDOWS\System32\msvcp_win.dll
0x00007ffa68c20000 - 0x00007ffa68ea4000 	C:\WINDOWS\WinSxS\amd64_microsoft.windows.common-controls_6595b64144ccf1df_6.0.18362.1734_none_9e7c63e3e45fdc87\COMCTL32.dll
0x00007ffa80580000 - 0x00007ffa8061e000 	C:\WINDOWS\System32\msvcrt.dll
0x00007ffa800d0000 - 0x00007ffa80406000 	C:\WINDOWS\System32\combase.dll
0x00007ffa7ffb0000 - 0x00007ffa800cf000 	C:\WINDOWS\System32\RPCRT4.dll
0x00007ffa7ddb0000 - 0x00007ffa7de34000 	C:\WINDOWS\System32\bcryptPrimitives.dll
0x00007ffa804a0000 - 0x00007ffa804ce000 	C:\WINDOWS\System32\IMM32.DLL
0x00007ffa60b00000 - 0x00007ffa60b9d000 	C:\Program Files\Android\Android Studio\jre\bin\msvcp140.dll
0x00007ffa39dd0000 - 0x00007ffa3a88c000 	C:\Program Files\Android\Android Studio\jre\bin\server\jvm.dll
0x00007ffa80970000 - 0x00007ffa80a13000 	C:\WINDOWS\System32\ADVAPI32.dll
0x00007ffa7eb00000 - 0x00007ffa7eb97000 	C:\WINDOWS\System32\sechost.dll
0x00007ffa80960000 - 0x00007ffa80968000 	C:\WINDOWS\System32\PSAPI.DLL
0x00007ffa79f10000 - 0x00007ffa79f19000 	C:\WINDOWS\SYSTEM32\WSOCK32.dll
0x00007ffa7fbc0000 - 0x00007ffa7fc2f000 	C:\WINDOWS\System32\WS2_32.dll
0x00007ffa76670000 - 0x00007ffa7667a000 	C:\WINDOWS\SYSTEM32\VERSION.dll
0x00007ffa7b4f0000 - 0x00007ffa7b514000 	C:\WINDOWS\SYSTEM32\WINMM.dll
0x00007ffa7b3c0000 - 0x00007ffa7b3ed000 	C:\WINDOWS\SYSTEM32\WINMMBASE.dll
0x00007ffa7dc00000 - 0x00007ffa7dc4a000 	C:\WINDOWS\System32\cfgmgr32.dll
0x00007ffa7d910000 - 0x00007ffa7d921000 	C:\WINDOWS\System32\kernel.appcore.dll
0x00007ffa6cfc0000 - 0x00007ffa6cfd1000 	C:\Program Files\Android\Android Studio\jre\bin\verify.dll
0x00007ffa7c0a0000 - 0x00007ffa7c294000 	C:\WINDOWS\SYSTEM32\DBGHELP.DLL
0x00007ffa79910000 - 0x00007ffa7993a000 	C:\WINDOWS\SYSTEM32\dbgcore.DLL
0x00007ffa6cf90000 - 0x00007ffa6cfb9000 	C:\Program Files\Android\Android Studio\jre\bin\java.dll
0x00007ffa77300000 - 0x00007ffa7730b000 	C:\Program Files\Android\Android Studio\jre\bin\jimage.dll
0x00007ffa6cf70000 - 0x00007ffa6cf88000 	C:\Program Files\Android\Android Studio\jre\bin\zip.dll
0x00007ffa7f4d0000 - 0x00007ffa7fbb7000 	C:\WINDOWS\System32\SHELL32.dll
0x00007ffa7f3a0000 - 0x00007ffa7f449000 	C:\WINDOWS\System32\shcore.dll
0x00007ffa7e190000 - 0x00007ffa7e90b000 	C:\WINDOWS\System32\windows.storage.dll
0x00007ffa7d9a0000 - 0x00007ffa7d9be000 	C:\WINDOWS\System32\profapi.dll
0x00007ffa7d950000 - 0x00007ffa7d99a000 	C:\WINDOWS\System32\powrprof.dll
0x00007ffa7d900000 - 0x00007ffa7d910000 	C:\WINDOWS\System32\UMPDC.dll
0x00007ffa7ff50000 - 0x00007ffa7ffa2000 	C:\WINDOWS\System32\shlwapi.dll
0x00007ffa7eab0000 - 0x00007ffa7eac7000 	C:\WINDOWS\System32\cryptsp.dll
0x00007ffa6cf50000 - 0x00007ffa6cf6a000 	C:\Program Files\Android\Android Studio\jre\bin\net.dll
0x00007ffa79650000 - 0x00007ffa79749000 	C:\WINDOWS\SYSTEM32\WINHTTP.dll
0x00007ffa7d0f0000 - 0x00007ffa7d157000 	C:\WINDOWS\system32\mswsock.dll
0x00007ffa6cf30000 - 0x00007ffa6cf44000 	C:\Program Files\Android\Android Studio\jre\bin\nio.dll
0x00007ffa629d0000 - 0x00007ffa629f7000 	C:\Users\¼ºÁöÇö\.gradle\native\8bec1ad78214c89d9ad589b4d07fe93259594b29d510b10fafb7a158f7737e5d\windows-amd64\native-platform.dll
0x00007ffa49e70000 - 0x00007ffa49fad000 	C:\Users\¼ºÁöÇö\.gradle\native\53dbd7edfb1c66fb8903c78663c9afc45aea4f116125fa6feffd364cf09443e8\windows-amd64\native-platform-file-events.dll
0x00007ffa758d0000 - 0x00007ffa758da000 	C:\Program Files\Android\Android Studio\jre\bin\management.dll
0x00007ffa75890000 - 0x00007ffa7589c000 	C:\Program Files\Android\Android Studio\jre\bin\management_ext.dll
0x00007ffa7cc70000 - 0x00007ffa7cca3000 	C:\WINDOWS\system32\rsaenh.dll
0x00007ffa7ead0000 - 0x00007ffa7eaf6000 	C:\WINDOWS\System32\bcrypt.dll
0x00007ffa7d820000 - 0x00007ffa7d845000 	C:\WINDOWS\SYSTEM32\USERENV.dll
0x00007ffa7d2c0000 - 0x00007ffa7d2cc000 	C:\WINDOWS\SYSTEM32\CRYPTBASE.dll
0x00007ffa7ce00000 - 0x00007ffa7ce3a000 	C:\WINDOWS\SYSTEM32\IPHLPAPI.DLL
0x00007ffa80490000 - 0x00007ffa80498000 	C:\WINDOWS\System32\NSI.dll
0x00007ffa70bf0000 - 0x00007ffa70c06000 	C:\WINDOWS\SYSTEM32\dhcpcsvc6.DLL
0x00007ffa70d10000 - 0x00007ffa70d2c000 	C:\WINDOWS\SYSTEM32\dhcpcsvc.DLL
0x00007ffa7ce40000 - 0x00007ffa7cf0a000 	C:\WINDOWS\SYSTEM32\DNSAPI.dll

dbghelp: loaded successfully - version: 4.0.5 - missing functions: none
symbol engine: initialized successfully - sym options: 0x614 - pdb path: .;C:\Program Files\Android\Android Studio\jre\bin;C:\WINDOWS\SYSTEM32;C:\WINDOWS\WinSxS\amd64_microsoft.windows.common-controls_6595b64144ccf1df_6.0.18362.1734_none_9e7c63e3e45fdc87;C:\Program Files\Android\Android Studio\jre\bin\server;C:\Users\¼ºÁöÇö\.gradle\native\8bec1ad78214c89d9ad589b4d07fe93259594b29d510b10fafb7a158f7737e5d\windows-am;C:\Users\¼ºÁöÇö\.gradle\native\8bec1ad78214c89d9ad589b4d07fe93259594b29d510b10fafb7a158f7737e5d\windows-amd64;C:\Users\¼ºÁöÇö\.gradle\native\53dbd7edfb1c66fb8903c78663c9afc45aea4f116125fa6feffd364cf09443e8\wind;C:\Users\¼ºÁöÇö\.gradle\native\53dbd7edfb1c66fb8903c78663c9afc45aea4f116125fa6feffd364cf09443e8\w;C:\Users\¼ºÁöÇö\.gradle\native\53dbd7edfb1c66fb8903c78663c9afc45aea4f116125fa6feffd364cf09443e;C:\Users\¼ºÁöÇö\.gradle\native\53dbd7edfb1c66fb8903c78663c9afc45aea4f116125fa6feffd364cf094

VM Arguments:
jvm_args: --add-opens=java.base/java.util=ALL-UNNAMED --add-opens=java.base/java.lang=ALL-UNNAMED --add-opens=java.base/java.lang.invoke=ALL-UNNAMED --add-opens=java.base/java.util=ALL-UNNAMED --add-opens=java.prefs/java.util.prefs=ALL-UNNAMED --add-opens=java.prefs/java.util.prefs=ALL-UNNAMED --add-opens=java.base/java.nio.charset=ALL-UNNAMED --add-opens=java.base/java.net=ALL-UNNAMED --add-opens=java.base/java.util.concurrent.atomic=ALL-UNNAMED -Xmx2048m -Dfile.encoding=UTF-8 -Duser.country=KR -Duser.language=ko -Duser.variant 
java_command: org.gradle.launcher.daemon.bootstrap.GradleDaemon 7.0.2
java_class_path (initial): C:\Users\¼ºÁöÇö\.gradle\wrapper\dists\gradle-7.0.2-bin\857tjihv64xamwrf0h14cai3r\gradle-7.0.2\lib\gradle-launcher-7.0.2.jar
Launcher Type: SUN_STANDARD

[Global flags]
     intx CICompilerCount                          = 3                                         {product} {ergonomic}
     uint ConcGCThreads                            = 1                                         {product} {ergonomic}
     uint G1ConcRefinementThreads                  = 4                                         {product} {ergonomic}
   size_t G1HeapRegionSize                         = 1048576                                   {product} {ergonomic}
    uintx GCDrainStackTargetSize                   = 64                                        {product} {ergonomic}
   size_t InitialHeapSize                          = 132120576                                 {product} {ergonomic}
   size_t MarkStackSize                            = 4194304                                   {product} {ergonomic}
   size_t MaxHeapSize                              = 2147483648                                {product} {command line}
   size_t MaxNewSize                               = 1287651328                                {product} {ergonomic}
   size_t MinHeapDeltaBytes                        = 1048576                                   {product} {ergonomic}
    uintx NonNMethodCodeHeapSize                   = 5830732                                {pd product} {ergonomic}
    uintx NonProfiledCodeHeapSize                  = 122913754                              {pd product} {ergonomic}
    uintx ProfiledCodeHeapSize                     = 122913754                              {pd product} {ergonomic}
    uintx ReservedCodeCacheSize                    = 251658240                              {pd product} {ergonomic}
     bool SegmentedCodeCache                       = true                                      {product} {ergonomic}
     bool UseCompressedClassPointers               = true                                 {lp64_product} {ergonomic}
     bool UseCompressedOops                        = true                                 {lp64_product} {ergonomic}
     bool UseG1GC                                  = true                                      {product} {ergonomic}
     bool UseLargePagesIndividualAllocation        = false                                  {pd product} {ergonomic}

Logging:
Log output configuration:
 #0: stdout all=warning uptime,level,tags
 #1: stderr all=off uptime,level,tags

Environment Variables:
JAVA_HOME=C:\Program Files\Java\jdk-15.0.2
CLASSPATH=%classpath%;.;.;.
PATH=C:\Program Files\Common Files\Oracle\Java\javapath;C:\Program Files (x86)\Common Files\Oracle\Java\javapath;C:\Python27\;C:\Python27\Scripts;C:\Program Files (x86)\Intel\Intel(R) Management Engine Components\iCLS\;C:\Program Files\Intel\Intel(R) Management Engine Components\iCLS\;C:\WINDOWS\system32;C:\WINDOWS;C:\WINDOWS\System32\Wbem;C:\WINDOWS\System32\WindowsPowerShell\v1.0\;C:\WINDOWS\System32\OpenSSH\;C:\Program Files (x86)\Intel\Intel(R) Management Engine Components\DAL;C:\Program Files\Intel\Intel(R) Management Engine Components\DAL;C:\Program Files\nodejs\;C:\ProgramData\chocolatey\bin;C:\MinGW\bin;C:\Program Files\Java\jdk-15.0.2\bin;C:\Program Files\Git\cmd;C:\Python27;C:\Users\¼ºÁöÇö\AppData\Local\Microsoft\WindowsApps;C:\Users\¼ºÁöÇö\AppData\Roaming\npm;C:\Users\¼ºÁöÇö\AppData\Local\atom\bin
USERNAME=sungjihyun
OS=Windows_NT
PROCESSOR_IDENTIFIER=Intel64 Family 6 Model 142 Stepping 11, GenuineIntel



---------------  S Y S T E M  ---------------

OS: Windows 10 , 64 bit Build 18362 (10.0.18362.1714)
OS uptime: 0 days 3:34 hours

CPU:total 4 (initial active 4) (2 cores per cpu, 2 threads per core) family 6 model 142 stepping 11, cmov, cx8, fxsr, mmx, sse, sse2, sse3, ssse3, sse4.1, sse4.2, popcnt, avx, avx2, aes, clmul, erms, 3dnowpref, lzcnt, ht, tsc, tscinvbit, bmi1, bmi2, adx, fma

Memory: 4k page, system-wide physical 7986M (1094M free)
TotalPageFile size 22532M (AvailPageFile size 16M)
current process WorkingSet (physical memory assigned to process): 208M, peak: 212M
current process commit charge ("private bytes"): 266M, peak: 270M

vm_info: OpenJDK 64-Bit Server VM (11.0.8+10-b944.6842174) for windows-amd64 JRE (11.0.8+10-b944.6842174), built on Sep 19 2020 01:11:42 by "builder" with MS VC++ 14.0 (VS2015)

END.
