#
# There is insufficient memory for the Java Runtime Environment to continue.
# Native memory allocation (malloc) failed to allocate 837456 bytes for Chunk::new
# Possible reasons:
#   The system is out of physical RAM or swap space
#   The process is running with CompressedOops enabled, and the Java Heap may be blocking the growth of the native heap
# Possible solutions:
#   Reduce memory load on the system
#   Increase physical memory or swap space
#   Check if swap backing store is full
#   Decrease Java heap size (-Xmx/-Xms)
#   Decrease number of Java threads
#   Decrease Java thread stack sizes (-Xss)
#   Set larger code cache with -XX:ReservedCodeCacheSize=
#   JVM is running with Unscaled Compressed Oops mode in which the Java heap is
#     placed in the first 4GB address space. The Java Heap base address is the
#     maximum limit for the native heap growth. Please use -XX:HeapBaseMinAddress
#     to set the Java Heap base and to place the Java Heap above 4GB virtual address.
# This output file may be truncated or incomplete.
#
#  Out of Memory Error (./src/hotspot/share/memory/arena.cpp:197), pid=19328, tid=11836
#
# JRE version: OpenJDK Runtime Environment (11.0.8+10) (build 11.0.8+10-b944.6842174)
# Java VM: OpenJDK 64-Bit Server VM (11.0.8+10-b944.6842174, mixed mode, tiered, compressed oops, g1 gc, windows-amd64)
# No core dump will be written. Minidumps are not enabled by default on client versions of Windows
#

---------------  S U M M A R Y ------------

Command Line: --add-opens=java.base/java.util=ALL-UNNAMED --add-opens=java.base/java.lang=ALL-UNNAMED --add-opens=java.base/java.lang.invoke=ALL-UNNAMED --add-opens=java.base/java.util=ALL-UNNAMED --add-opens=java.prefs/java.util.prefs=ALL-UNNAMED --add-opens=java.prefs/java.util.prefs=ALL-UNNAMED --add-opens=java.base/java.nio.charset=ALL-UNNAMED --add-opens=java.base/java.net=ALL-UNNAMED --add-opens=java.base/java.util.concurrent.atomic=ALL-UNNAMED -Xmx2048m -Dfile.encoding=UTF-8 -Duser.country=KR -Duser.language=ko -Duser.variant org.gradle.launcher.daemon.bootstrap.GradleDaemon 7.0.2

Host: Intel(R) Core(TM) i3-8145U CPU @ 2.10GHz, 4 cores, 7G,  Windows 10 , 64 bit Build 18362 (10.0.18362.1714)
Time: Sat Aug 14 16:29:27 2021 ¢¥eCN©öI¡¾©ö C¡ÍA¨ª¨öA elapsed time: 78 seconds (0d 0h 1m 18s)

---------------  T H R E A D  ---------------

Current thread (0x000002421fc00800):  JavaThread "C2 CompilerThread1" daemon [_thread_in_native, id=11836, stack(0x000000ee02100000,0x000000ee02200000)]


Current CompileTask:
C2:  78318 16681       4       com.sun.tools.javac.code.Types::capture (556 bytes)

Stack: [0x000000ee02100000,0x000000ee02200000]
Native frames: (J=compiled Java code, j=interpreted, Vv=VM code, C=native code)
V  [jvm.dll+0x5de50a]
V  [jvm.dll+0x7122f5]
V  [jvm.dll+0x71384d]
V  [jvm.dll+0x713f03]
V  [jvm.dll+0x23e728]
V  [jvm.dll+0xb899c]
V  [jvm.dll+0xb8e9c]
V  [jvm.dll+0x35020b]
V  [jvm.dll+0x31dea3]
V  [jvm.dll+0x31d39a]
V  [jvm.dll+0x1f7702]
V  [jvm.dll+0x1f68d4]
V  [jvm.dll+0x17f32c]
V  [jvm.dll+0x205047]
V  [jvm.dll+0x203891]
V  [jvm.dll+0x6dad3f]
V  [jvm.dll+0x6d3895]
V  [jvm.dll+0x5dd4a6]
C  [ucrtbase.dll+0x210b2]
C  [KERNEL32.DLL+0x17c24]
C  [ntdll.dll+0x6d721]


---------------  P R O C E S S  ---------------

Threads class SMR info:
_java_thread_list=0x000002421fbf33d0, length=58, elements={
0x000002427f930000, 0x000002421b552800, 0x000002421b556000, 0x000002421b570800,
0x000002421b572800, 0x000002421b574000, 0x000002421b57d800, 0x000002421b587000,
0x000002421bfe1000, 0x000002421bfe6800, 0x000002421d5ce800, 0x000002421e8e8800,
0x000002421e3b9800, 0x000002421d87c000, 0x000002421e704800, 0x000002421e2c3000,
0x000002421e2c4000, 0x000002421e2c5800, 0x000002421e2c5000, 0x000002421e2c0000,
0x000002421e195000, 0x000002421e192000, 0x000002421e196000, 0x000002421e194000,
0x000002421e198800, 0x000002421e19e000, 0x000002421e199000, 0x000002421e19d000,
0x00000242233ac000, 0x00000242233ad800, 0x00000242233b1000, 0x00000242233ae800,
0x00000242233af800, 0x00000242233b2000, 0x00000242233b2800, 0x00000242233ad000,
0x00000242233b7800, 0x00000242233b5000, 0x00000242233b3800, 0x00000242233b8800,
0x00000242233b9000, 0x00000242233b6800, 0x00000242233ba000, 0x00000242233bb000,
0x00000242233b6000, 0x000002421e191000, 0x000002421e197800, 0x000002421e192800,
0x000002421e193800, 0x000002421e19a000, 0x000002421e19b800, 0x000002421e19f800,
0x000002421e19f000, 0x000002421e19c800, 0x000002421e19b000, 0x000002421e2c1800,
0x000002421e2c2800, 0x000002421fc00800
}

Java Threads: ( => current thread )
  0x000002427f930000 JavaThread "main" [_thread_blocked, id=19500, stack(0x000000ee7fb00000,0x000000ee7fc00000)]
  0x000002421b552800 JavaThread "Reference Handler" daemon [_thread_blocked, id=17116, stack(0x000000ee00200000,0x000000ee00300000)]
  0x000002421b556000 JavaThread "Finalizer" daemon [_thread_blocked, id=7428, stack(0x000000ee00300000,0x000000ee00400000)]
  0x000002421b570800 JavaThread "Signal Dispatcher" daemon [_thread_blocked, id=6924, stack(0x000000ee00400000,0x000000ee00500000)]
  0x000002421b572800 JavaThread "Attach Listener" daemon [_thread_blocked, id=2468, stack(0x000000ee00500000,0x000000ee00600000)]
  0x000002421b574000 JavaThread "C2 CompilerThread0" daemon [_thread_in_native, id=14212, stack(0x000000ee00600000,0x000000ee00700000)]
  0x000002421b57d800 JavaThread "C1 CompilerThread0" daemon [_thread_blocked, id=9080, stack(0x000000ee00700000,0x000000ee00800000)]
  0x000002421b587000 JavaThread "Sweeper thread" daemon [_thread_blocked, id=9084, stack(0x000000ee00800000,0x000000ee00900000)]
  0x000002421bfe1000 JavaThread "Common-Cleaner" daemon [_thread_blocked, id=17552, stack(0x000000ee00900000,0x000000ee00a00000)]
  0x000002421bfe6800 JavaThread "Service Thread" daemon [_thread_blocked, id=18612, stack(0x000000ee00a00000,0x000000ee00b00000)]
  0x000002421d5ce800 JavaThread "Daemon health stats" [_thread_blocked, id=12436, stack(0x000000ee00f00000,0x000000ee01000000)]
  0x000002421e8e8800 JavaThread "Incoming local TCP Connector on port 53818" [_thread_in_native, id=5216, stack(0x000000ee00c00000,0x000000ee00d00000)]
  0x000002421e3b9800 JavaThread "Daemon periodic checks" [_thread_blocked, id=7736, stack(0x000000ee01000000,0x000000ee01100000)]
  0x000002421d87c000 JavaThread "Daemon" [_thread_blocked, id=19512, stack(0x000000ee01100000,0x000000ee01200000)]
  0x000002421e704800 JavaThread "Daemon worker" [_thread_blocked, id=19996, stack(0x000000ee01400000,0x000000ee01500000)]
  0x000002421e2c3000 JavaThread "Cache worker for file hash cache (C:\Users\ì„±ì§€í˜„\.gradle\caches\7.0.2\fileHashes)" [_thread_blocked, id=16868, stack(0x000000ee01900000,0x000000ee01a00000)]
  0x000002421e2c4000 JavaThread "File lock request listener" [_thread_in_native, id=14104, stack(0x000000ee01a00000,0x000000ee01b00000)]
  0x000002421e2c5800 JavaThread "Cache worker for journal cache (C:\Users\ì„±ì§€í˜„\.gradle\caches\journal-1)" [_thread_blocked, id=13556, stack(0x000000ee01c00000,0x000000ee01d00000)]
  0x000002421e2c5000 JavaThread "File watcher server" daemon [_thread_in_native, id=2916, stack(0x000000ee01e00000,0x000000ee01f00000)]
  0x000002421e2c0000 JavaThread "File watcher consumer" daemon [_thread_blocked, id=15268, stack(0x000000ee01f00000,0x000000ee02000000)]
  0x000002421e195000 JavaThread "Cache worker for execution history cache (C:\Users\ì„±ì§€í˜„\.gradle\caches\7.0.2\executionHistory)" [_thread_blocked, id=14608, stack(0x000000ee02300000,0x000000ee02400000)]
  0x000002421e192000 JavaThread "jar transforms" [_thread_blocked, id=13672, stack(0x000000ee02400000,0x000000ee02500000)]
  0x000002421e196000 JavaThread "jar transforms Thread 2" [_thread_blocked, id=12812, stack(0x000000ee02500000,0x000000ee02600000)]
  0x000002421e194000 JavaThread "Cache worker for file content cache (C:\Users\ì„±ì§€í˜„\.gradle\caches\7.0.2\fileContent)" [_thread_blocked, id=11540, stack(0x000000ee02600000,0x000000ee02700000)]
  0x000002421e198800 JavaThread "jar transforms Thread 3" [_thread_blocked, id=15456, stack(0x000000ee02800000,0x000000ee02900000)]
  0x000002421e19e000 JavaThread "jar transforms Thread 4" [_thread_blocked, id=1308, stack(0x000000ee02e00000,0x000000ee02f00000)]
  0x000002421e199000 JavaThread "Memory manager" [_thread_blocked, id=14096, stack(0x000000ee02f00000,0x000000ee03000000)]
  0x000002421e19d000 JavaThread "pool-3-thread-1" [_thread_blocked, id=1100, stack(0x000000ee03100000,0x000000ee03200000)]
  0x00000242233ac000 JavaThread "Handler for socket connection from /127.0.0.1:53818 to /127.0.0.1:53855" [_thread_in_native, id=19756, stack(0x000000ee01500000,0x000000ee01600000)]
  0x00000242233ad800 JavaThread "Cancel handler" [_thread_blocked, id=9204, stack(0x000000ee01600000,0x000000ee01700000)]
  0x00000242233b1000 JavaThread "Asynchronous log dispatcher for DefaultDaemonConnection: socket connection from /127.0.0.1:53818 to /127.0.0.1:53855" [_thread_blocked, id=19488, stack(0x000000ee01700000,0x000000ee01800000)]
  0x00000242233ae800 JavaThread "Stdin handler" [_thread_blocked, id=19256, stack(0x000000ee01800000,0x000000ee01900000)]
  0x00000242233af800 JavaThread "Daemon client event forwarder" [_thread_blocked, id=856, stack(0x000000ee01d00000,0x000000ee01e00000)]
  0x00000242233b2000 JavaThread "Cache worker for file hash cache (C:\android-sdk\Woddy\.gradle\7.0.2\fileHashes)" [_thread_blocked, id=16708, stack(0x000000ee02000000,0x000000ee02100000)]
  0x00000242233b2800 JavaThread "Cache worker for checksums cache (C:\android-sdk\Woddy\.gradle\checksums)" [_thread_blocked, id=20176, stack(0x000000ee02200000,0x000000ee02300000)]
  0x00000242233ad000 JavaThread "Cache worker for cache directory md-supplier (C:\Users\ì„±ì§€í˜„\.gradle\caches\7.0.2\md-supplier)" [_thread_blocked, id=9072, stack(0x000000ee02700000,0x000000ee02800000)]
  0x00000242233b7800 JavaThread "Cache worker for cache directory md-rule (C:\Users\ì„±ì§€í˜„\.gradle\caches\7.0.2\md-rule)" [_thread_blocked, id=16024, stack(0x000000ee02900000,0x000000ee02a00000)]
  0x00000242233b5000 JavaThread "Cache worker for dependencies-accessors (C:\android-sdk\Woddy\.gradle\7.0.2\dependencies-accessors)" [_thread_blocked, id=12076, stack(0x000000ee02a00000,0x000000ee02b00000)]
  0x00000242233b3800 JavaThread "Cache worker for Build Output Cleanup Cache (C:\android-sdk\Woddy\.gradle\buildOutputCleanup)" [_thread_blocked, id=7560, stack(0x000000ee02b00000,0x000000ee02c00000)]
  0x00000242233b8800 JavaThread "Build operations" [_thread_blocked, id=14520, stack(0x000000ee02c00000,0x000000ee02d00000)]
  0x00000242233b9000 JavaThread "Build operations Thread 2" [_thread_blocked, id=14792, stack(0x000000ee02d00000,0x000000ee02e00000)]
  0x00000242233b6800 JavaThread "Build operations Thread 3" [_thread_blocked, id=7752, stack(0x000000ee03000000,0x000000ee03100000)]
  0x00000242233ba000 JavaThread "Build operations Thread 4" [_thread_blocked, id=5716, stack(0x000000ee03200000,0x000000ee03300000)]
  0x00000242233bb000 JavaThread "build event listener" [_thread_blocked, id=11556, stack(0x000000ee03300000,0x000000ee03400000)]
  0x00000242233b6000 JavaThread "pool-7-thread-1" [_thread_blocked, id=8624, stack(0x000000ee03400000,0x000000ee03500000)]
  0x000002421e191000 JavaThread "build event listener" [_thread_blocked, id=13492, stack(0x000000ee03500000,0x000000ee03600000)]
  0x000002421e197800 JavaThread "Execution worker for ':'" [_thread_blocked, id=20232, stack(0x000000ee03600000,0x000000ee03700000)]
  0x000002421e192800 JavaThread "Execution worker for ':' Thread 2" [_thread_blocked, id=10448, stack(0x000000ee03700000,0x000000ee03800000)]
  0x000002421e193800 JavaThread "Execution worker for ':' Thread 3" [_thread_in_native, id=19912, stack(0x000000ee03800000,0x000000ee03900000)]
  0x000002421e19a000 JavaThread "Cache worker for execution history cache (C:\android-sdk\Woddy\.gradle\7.0.2\executionHistory)" [_thread_blocked, id=17080, stack(0x000000ee03900000,0x000000ee03a00000)]
  0x000002421e19b800 JavaThread "WorkerExecutor Queue" [_thread_blocked, id=1824, stack(0x000000ee03b00000,0x000000ee03c00000)]
  0x000002421e19f800 JavaThread "WorkerExecutor Queue Thread 2" [_thread_blocked, id=19308, stack(0x000000ee03c00000,0x000000ee03d00000)]
  0x000002421e19f000 JavaThread "pool-8-thread-1" [_thread_blocked, id=7200, stack(0x000000ee03d00000,0x000000ee03e00000)]
  0x000002421e19c800 JavaThread "stderr" [_thread_in_native, id=9516, stack(0x000000ee03e00000,0x000000ee03f00000)]
  0x000002421e19b000 JavaThread "stdout" [_thread_in_native, id=18460, stack(0x000000ee03f00000,0x000000ee04000000)]
  0x000002421e2c1800 JavaThread "Cache worker for Java compile cache (C:\Users\ì„±ì§€í˜„\.gradle\caches\7.0.2\javaCompile)" [_thread_blocked, id=17448, stack(0x000000ee04000000,0x000000ee04100000)]
  0x000002421e2c2800 JavaThread "Cache worker for Java compile cache (C:\android-sdk\Woddy\.gradle\7.0.2\javaCompile)" [_thread_blocked, id=18740, stack(0x000000ee04100000,0x000000ee04200000)]
=>0x000002421fc00800 JavaThread "C2 CompilerThread1" daemon [_thread_in_native, id=11836, stack(0x000000ee02100000,0x000000ee02200000)]

Other Threads:
  0x000002421b550000 VMThread "VM Thread" [stack: 0x000000ee00100000,0x000000ee00200000] [id=6396]
  0x000002421bfe8000 WatcherThread [stack: 0x000000ee00b00000,0x000000ee00c00000] [id=8080]
  0x000002427f949800 GCTaskThread "GC Thread#0" [stack: 0x000000ee7fc00000,0x000000ee7fd00000] [id=15980]
  0x000002421c55b800 GCTaskThread "GC Thread#1" [stack: 0x000000ee00d00000,0x000000ee00e00000] [id=1944]
  0x000002421c73c000 GCTaskThread "GC Thread#2" [stack: 0x000000ee00e00000,0x000000ee00f00000] [id=14380]
  0x000002421e2d2000 GCTaskThread "GC Thread#3" [stack: 0x000000ee01b00000,0x000000ee01c00000] [id=6672]
  0x000002427f979000 ConcurrentGCThread "G1 Main Marker" [stack: 0x000000ee7fd00000,0x000000ee7fe00000] [id=18932]
  0x000002427f97a800 ConcurrentGCThread "G1 Conc#0" [stack: 0x000000ee7fe00000,0x000000ee7ff00000] [id=1684]
  0x000002427f9fd800 ConcurrentGCThread "G1 Refine#0" [stack: 0x000000ee7ff00000,0x000000ee80000000] [id=18476]
  0x0000024222498800 ConcurrentGCThread "G1 Refine#1" [stack: 0x000000ee03a00000,0x000000ee03b00000] [id=14316]
  0x000002421b3a0800 ConcurrentGCThread "G1 Young RemSet Sampling" [stack: 0x000000ee00000000,0x000000ee00100000] [id=13144]

Threads with active compile tasks:
C2 CompilerThread0  78413 16689       4       com.sun.tools.javac.code.Types$SignatureGenerator::assembleSig (533 bytes)
C2 CompilerThread1  78413 16681       4       com.sun.tools.javac.code.Types::capture (556 bytes)

VM state:not at safepoint (normal execution)

VM Mutex/Monitor currently owned by a thread: None

Heap address: 0x0000000080000000, size: 2048 MB, Compressed Oops mode: 32-bit
Narrow klass base: 0x0000000000000000, Narrow klass shift: 3
Compressed class space size: 1073741824 Address: 0x0000000100000000

Heap:
 garbage-first heap   total 225280K, used 163319K [0x0000000080000000, 0x0000000100000000)
  region size 1024K, 38 young (38912K), 4 survivors (4096K)
 Metaspace       used 105116K, capacity 107784K, committed 107988K, reserved 1142784K
  class space    used 12906K, capacity 13855K, committed 13900K, reserved 1048576K
Heap Regions: E=young(eden), S=young(survivor), O=old, HS=humongous(starts), HC=humongous(continues), CS=collection set, F=free, A=archive, TAMS=top-at-mark-start (previous, next)
|   0|0x0000000080000000, 0x0000000080100000, 0x0000000080100000|100%|HS|  |TAMS 0x0000000080100000, 0x0000000080000000| Complete 
|   1|0x0000000080100000, 0x0000000080200000, 0x0000000080200000|100%|HC|  |TAMS 0x0000000080200000, 0x0000000080100000| Complete 
|   2|0x0000000080200000, 0x0000000080300000, 0x0000000080300000|100%|HC|  |TAMS 0x0000000080300000, 0x0000000080200000| Complete 
|   3|0x0000000080300000, 0x0000000080400000, 0x0000000080400000|100%| O|  |TAMS 0x0000000080400000, 0x0000000080300000| Untracked 
|   4|0x0000000080400000, 0x0000000080500000, 0x0000000080500000|100%| O|  |TAMS 0x0000000080500000, 0x0000000080400000| Untracked 
|   5|0x0000000080500000, 0x0000000080600000, 0x0000000080600000|100%| O|  |TAMS 0x0000000080600000, 0x0000000080500000| Untracked 
|   6|0x0000000080600000, 0x0000000080700000, 0x0000000080700000|100%| O|  |TAMS 0x0000000080700000, 0x0000000080600000| Untracked 
|   7|0x0000000080700000, 0x0000000080800000, 0x0000000080800000|100%| O|  |TAMS 0x0000000080800000, 0x0000000080700000| Untracked 
|   8|0x0000000080800000, 0x0000000080900000, 0x0000000080900000|100%| O|  |TAMS 0x0000000080900000, 0x0000000080800000| Untracked 
|   9|0x0000000080900000, 0x0000000080a00000, 0x0000000080a00000|100%| O|  |TAMS 0x0000000080a00000, 0x0000000080900000| Untracked 
|  10|0x0000000080a00000, 0x0000000080b00000, 0x0000000080b00000|100%| O|  |TAMS 0x0000000080b00000, 0x0000000080a00000| Untracked 
|  11|0x0000000080b00000, 0x0000000080c00000, 0x0000000080c00000|100%| O|  |TAMS 0x0000000080c00000, 0x0000000080b00000| Untracked 
|  12|0x0000000080c00000, 0x0000000080d00000, 0x0000000080d00000|100%| O|  |TAMS 0x0000000080d00000, 0x0000000080c00000| Untracked 
|  13|0x0000000080d00000, 0x0000000080e00000, 0x0000000080e00000|100%| O|  |TAMS 0x0000000080e00000, 0x0000000080d00000| Untracked 
|  14|0x0000000080e00000, 0x0000000080f00000, 0x0000000080f00000|100%|HS|  |TAMS 0x0000000080f00000, 0x0000000080e00000| Complete 
|  15|0x0000000080f00000, 0x0000000081000000, 0x0000000081000000|100%| O|  |TAMS 0x0000000081000000, 0x0000000080f00000| Untracked 
|  16|0x0000000081000000, 0x0000000081100000, 0x0000000081100000|100%| O|  |TAMS 0x0000000081100000, 0x0000000081000000| Untracked 
|  17|0x0000000081100000, 0x0000000081200000, 0x0000000081200000|100%| O|  |TAMS 0x0000000081200000, 0x0000000081100000| Untracked 
|  18|0x0000000081200000, 0x0000000081300000, 0x0000000081300000|100%| O|  |TAMS 0x0000000081300000, 0x0000000081200000| Untracked 
|  19|0x0000000081300000, 0x0000000081400000, 0x0000000081400000|100%| O|  |TAMS 0x0000000081400000, 0x0000000081300000| Untracked 
|  20|0x0000000081400000, 0x0000000081500000, 0x0000000081500000|100%| O|  |TAMS 0x0000000081500000, 0x0000000081400000| Untracked 
|  21|0x0000000081500000, 0x0000000081600000, 0x0000000081600000|100%| O|  |TAMS 0x0000000081600000, 0x0000000081500000| Untracked 
|  22|0x0000000081600000, 0x0000000081700000, 0x0000000081700000|100%| O|  |TAMS 0x0000000081700000, 0x0000000081600000| Untracked 
|  23|0x0000000081700000, 0x0000000081800000, 0x0000000081800000|100%|HS|  |TAMS 0x0000000081800000, 0x0000000081700000| Complete 
|  24|0x0000000081800000, 0x0000000081900000, 0x0000000081900000|100%|HC|  |TAMS 0x0000000081900000, 0x0000000081800000| Complete 
|  25|0x0000000081900000, 0x0000000081a00000, 0x0000000081a00000|100%| O|  |TAMS 0x0000000081a00000, 0x0000000081900000| Untracked 
|  26|0x0000000081a00000, 0x0000000081b00000, 0x0000000081b00000|100%| O|  |TAMS 0x0000000081b00000, 0x0000000081a00000| Untracked 
|  27|0x0000000081b00000, 0x0000000081c00000, 0x0000000081c00000|100%| O|  |TAMS 0x0000000081c00000, 0x0000000081b00000| Untracked 
|  28|0x0000000081c00000, 0x0000000081d00000, 0x0000000081d00000|100%| O|  |TAMS 0x0000000081d00000, 0x0000000081c00000| Untracked 
|  29|0x0000000081d00000, 0x0000000081e00000, 0x0000000081e00000|100%| O|  |TAMS 0x0000000081e00000, 0x0000000081d00000| Untracked 
|  30|0x0000000081e00000, 0x0000000081f00000, 0x0000000081f00000|100%| O|  |TAMS 0x0000000081f00000, 0x0000000081e00000| Untracked 
|  31|0x0000000081f00000, 0x0000000082000000, 0x0000000082000000|100%| O|  |TAMS 0x0000000082000000, 0x0000000081f00000| Untracked 
|  32|0x0000000082000000, 0x0000000082100000, 0x0000000082100000|100%| O|  |TAMS 0x0000000082100000, 0x0000000082000000| Untracked 
|  33|0x0000000082100000, 0x0000000082200000, 0x0000000082200000|100%| O|  |TAMS 0x0000000082200000, 0x0000000082100000| Untracked 
|  34|0x0000000082200000, 0x0000000082300000, 0x0000000082300000|100%| O|  |TAMS 0x0000000082300000, 0x0000000082200000| Untracked 
|  35|0x0000000082300000, 0x0000000082400000, 0x0000000082400000|100%| O|  |TAMS 0x0000000082400000, 0x0000000082300000| Untracked 
|  36|0x0000000082400000, 0x0000000082500000, 0x0000000082500000|100%| O|  |TAMS 0x0000000082500000, 0x0000000082400000| Untracked 
|  37|0x0000000082500000, 0x0000000082600000, 0x0000000082600000|100%| O|  |TAMS 0x0000000082600000, 0x0000000082500000| Untracked 
|  38|0x0000000082600000, 0x0000000082700000, 0x0000000082700000|100%| O|  |TAMS 0x0000000082700000, 0x0000000082600000| Untracked 
|  39|0x0000000082700000, 0x0000000082800000, 0x0000000082800000|100%| O|  |TAMS 0x0000000082800000, 0x0000000082700000| Untracked 
|  40|0x0000000082800000, 0x0000000082900000, 0x0000000082900000|100%| O|  |TAMS 0x0000000082900000, 0x0000000082800000| Untracked 
|  41|0x0000000082900000, 0x0000000082a00000, 0x0000000082a00000|100%| O|  |TAMS 0x0000000082a00000, 0x0000000082900000| Untracked 
|  42|0x0000000082a00000, 0x0000000082b00000, 0x0000000082b00000|100%| O|  |TAMS 0x0000000082b00000, 0x0000000082a00000| Untracked 
|  43|0x0000000082b00000, 0x0000000082c00000, 0x0000000082c00000|100%| O|  |TAMS 0x0000000082c00000, 0x0000000082b00000| Untracked 
|  44|0x0000000082c00000, 0x0000000082d00000, 0x0000000082d00000|100%| O|  |TAMS 0x0000000082d00000, 0x0000000082c00000| Untracked 
|  45|0x0000000082d00000, 0x0000000082e00000, 0x0000000082e00000|100%| O|  |TAMS 0x0000000082e00000, 0x0000000082d00000| Untracked 
|  46|0x0000000082e00000, 0x0000000082f00000, 0x0000000082f00000|100%| O|  |TAMS 0x0000000082f00000, 0x0000000082e00000| Untracked 
|  47|0x0000000082f00000, 0x0000000083000000, 0x0000000083000000|100%| O|  |TAMS 0x0000000083000000, 0x0000000082f00000| Untracked 
|  48|0x0000000083000000, 0x0000000083100000, 0x0000000083100000|100%| O|  |TAMS 0x0000000083100000, 0x0000000083000000| Untracked 
|  49|0x0000000083100000, 0x0000000083200000, 0x0000000083200000|100%| O|  |TAMS 0x0000000083200000, 0x0000000083100000| Untracked 
|  50|0x0000000083200000, 0x0000000083300000, 0x0000000083300000|100%| O|  |TAMS 0x0000000083300000, 0x0000000083200000| Untracked 
|  51|0x0000000083300000, 0x0000000083400000, 0x0000000083400000|100%| O|  |TAMS 0x0000000083400000, 0x0000000083300000| Untracked 
|  52|0x0000000083400000, 0x0000000083500000, 0x0000000083500000|100%| O|  |TAMS 0x0000000083500000, 0x0000000083400000| Untracked 
|  53|0x0000000083500000, 0x0000000083600000, 0x0000000083600000|100%| O|  |TAMS 0x0000000083600000, 0x0000000083500000| Untracked 
|  54|0x0000000083600000, 0x0000000083700000, 0x0000000083700000|100%| O|  |TAMS 0x0000000083700000, 0x0000000083600000| Untracked 
|  55|0x0000000083700000, 0x0000000083800000, 0x0000000083800000|100%| O|  |TAMS 0x0000000083800000, 0x0000000083700000| Untracked 
|  56|0x0000000083800000, 0x0000000083900000, 0x0000000083900000|100%| O|  |TAMS 0x0000000083900000, 0x0000000083800000| Untracked 
|  57|0x0000000083900000, 0x0000000083a00000, 0x0000000083a00000|100%| O|  |TAMS 0x0000000083a00000, 0x0000000083900000| Untracked 
|  58|0x0000000083a00000, 0x0000000083b00000, 0x0000000083b00000|100%| O|  |TAMS 0x0000000083b00000, 0x0000000083a00000| Untracked 
|  59|0x0000000083b00000, 0x0000000083c00000, 0x0000000083c00000|100%| O|  |TAMS 0x0000000083c00000, 0x0000000083b00000| Untracked 
|  60|0x0000000083c00000, 0x0000000083d00000, 0x0000000083d00000|100%| O|  |TAMS 0x0000000083d00000, 0x0000000083c00000| Untracked 
|  61|0x0000000083d00000, 0x0000000083e00000, 0x0000000083e00000|100%| O|  |TAMS 0x0000000083e00000, 0x0000000083d00000| Untracked 
|  62|0x0000000083e00000, 0x0000000083f00000, 0x0000000083f00000|100%| O|  |TAMS 0x0000000083f00000, 0x0000000083e00000| Untracked 
|  63|0x0000000083f00000, 0x0000000084000000, 0x0000000084000000|100%| O|  |TAMS 0x0000000084000000, 0x0000000083f00000| Untracked 
|  64|0x0000000084000000, 0x0000000084100000, 0x0000000084100000|100%| O|  |TAMS 0x0000000084100000, 0x0000000084000000| Untracked 
|  65|0x0000000084100000, 0x0000000084200000, 0x0000000084200000|100%| O|  |TAMS 0x0000000084200000, 0x0000000084100000| Untracked 
|  66|0x0000000084200000, 0x0000000084300000, 0x0000000084300000|100%| O|  |TAMS 0x0000000084300000, 0x0000000084200000| Untracked 
|  67|0x0000000084300000, 0x0000000084400000, 0x0000000084400000|100%| O|  |TAMS 0x0000000084400000, 0x0000000084300000| Untracked 
|  68|0x0000000084400000, 0x0000000084500000, 0x0000000084500000|100%| O|  |TAMS 0x0000000084500000, 0x0000000084400000| Untracked 
|  69|0x0000000084500000, 0x0000000084600000, 0x0000000084600000|100%| O|  |TAMS 0x0000000084600000, 0x0000000084500000| Untracked 
|  70|0x0000000084600000, 0x0000000084700000, 0x0000000084700000|100%| O|  |TAMS 0x0000000084700000, 0x0000000084600000| Untracked 
|  71|0x0000000084700000, 0x0000000084800000, 0x0000000084800000|100%| O|  |TAMS 0x0000000084700000, 0x0000000084700000| Untracked 
|  72|0x0000000084800000, 0x0000000084900000, 0x0000000084900000|100%| O|  |TAMS 0x00000000848ad600, 0x0000000084800000| Untracked 
|  73|0x0000000084900000, 0x0000000084a00000, 0x0000000084a00000|100%| O|  |TAMS 0x0000000084a00000, 0x0000000084900000| Untracked 
|  74|0x0000000084a00000, 0x0000000084b00000, 0x0000000084b00000|100%| O|  |TAMS 0x0000000084b00000, 0x0000000084a00000| Untracked 
|  75|0x0000000084b00000, 0x0000000084c00000, 0x0000000084c00000|100%| O|  |TAMS 0x0000000084c00000, 0x0000000084b00000| Untracked 
|  76|0x0000000084c00000, 0x0000000084d00000, 0x0000000084d00000|100%| O|  |TAMS 0x0000000084d00000, 0x0000000084c00000| Untracked 
|  77|0x0000000084d00000, 0x0000000084e00000, 0x0000000084e00000|100%| O|  |TAMS 0x0000000084e00000, 0x0000000084d00000| Untracked 
|  78|0x0000000084e00000, 0x0000000084f00000, 0x0000000084f00000|100%| O|  |TAMS 0x0000000084f00000, 0x0000000084e00000| Untracked 
|  79|0x0000000084f00000, 0x0000000085000000, 0x0000000085000000|100%| O|  |TAMS 0x0000000085000000, 0x0000000084f00000| Untracked 
|  80|0x0000000085000000, 0x0000000085100000, 0x0000000085100000|100%| O|  |TAMS 0x0000000085100000, 0x0000000085000000| Untracked 
|  81|0x0000000085100000, 0x0000000085200000, 0x0000000085200000|100%| O|  |TAMS 0x0000000085200000, 0x0000000085100000| Untracked 
|  82|0x0000000085200000, 0x0000000085300000, 0x0000000085300000|100%| O|  |TAMS 0x0000000085300000, 0x0000000085200000| Untracked 
|  83|0x0000000085300000, 0x0000000085400000, 0x0000000085400000|100%| O|  |TAMS 0x0000000085400000, 0x0000000085300000| Untracked 
|  84|0x0000000085400000, 0x0000000085500000, 0x0000000085500000|100%| O|  |TAMS 0x0000000085500000, 0x0000000085400000| Untracked 
|  85|0x0000000085500000, 0x0000000085600000, 0x0000000085600000|100%| O|  |TAMS 0x0000000085600000, 0x0000000085500000| Untracked 
|  86|0x0000000085600000, 0x0000000085700000, 0x0000000085700000|100%| O|  |TAMS 0x0000000085600000, 0x0000000085600000| Untracked 
|  87|0x0000000085700000, 0x0000000085800000, 0x0000000085800000|100%| O|  |TAMS 0x0000000085700000, 0x0000000085700000| Untracked 
|  88|0x0000000085800000, 0x0000000085900000, 0x0000000085900000|100%| O|  |TAMS 0x0000000085900000, 0x0000000085800000| Untracked 
|  89|0x0000000085900000, 0x0000000085a00000, 0x0000000085a00000|100%| O|  |TAMS 0x0000000085900000, 0x0000000085900000| Untracked 
|  90|0x0000000085a00000, 0x0000000085b00000, 0x0000000085b00000|100%| O|  |TAMS 0x0000000085b00000, 0x0000000085a00000| Untracked 
|  91|0x0000000085b00000, 0x0000000085c00000, 0x0000000085c00000|100%| O|  |TAMS 0x0000000085c00000, 0x0000000085b00000| Untracked 
|  92|0x0000000085c00000, 0x0000000085d00000, 0x0000000085d00000|100%| O|  |TAMS 0x0000000085d00000, 0x0000000085c00000| Untracked 
|  93|0x0000000085d00000, 0x0000000085e00000, 0x0000000085e00000|100%| O|  |TAMS 0x0000000085d00000, 0x0000000085d00000| Untracked 
|  94|0x0000000085e00000, 0x0000000085f00000, 0x0000000085f00000|100%| O|  |TAMS 0x0000000085e00000, 0x0000000085e00000| Untracked 
|  95|0x0000000085f00000, 0x0000000086000000, 0x0000000086000000|100%| O|  |TAMS 0x0000000085f00000, 0x0000000085f00000| Untracked 
|  96|0x0000000086000000, 0x0000000086100000, 0x0000000086100000|100%| O|  |TAMS 0x0000000086000000, 0x0000000086000000| Untracked 
|  97|0x0000000086100000, 0x0000000086200000, 0x0000000086200000|100%| O|  |TAMS 0x0000000086100000, 0x0000000086100000| Untracked 
|  98|0x0000000086200000, 0x0000000086300000, 0x0000000086300000|100%| O|  |TAMS 0x0000000086200000, 0x0000000086200000| Untracked 
|  99|0x0000000086300000, 0x0000000086400000, 0x0000000086400000|100%| O|  |TAMS 0x0000000086300000, 0x0000000086300000| Untracked 
| 100|0x0000000086400000, 0x0000000086500000, 0x0000000086500000|100%| O|  |TAMS 0x0000000086500000, 0x0000000086400000| Untracked 
| 101|0x0000000086500000, 0x0000000086600000, 0x0000000086600000|100%| O|  |TAMS 0x0000000086600000, 0x0000000086500000| Untracked 
| 102|0x0000000086600000, 0x0000000086700000, 0x0000000086700000|100%| O|  |TAMS 0x0000000086700000, 0x0000000086600000| Untracked 
| 103|0x0000000086700000, 0x0000000086800000, 0x0000000086800000|100%| O|  |TAMS 0x0000000086700000, 0x0000000086700000| Untracked 
| 104|0x0000000086800000, 0x0000000086900000, 0x0000000086900000|100%|HS|  |TAMS 0x0000000086800000, 0x0000000086800000| Complete 
| 105|0x0000000086900000, 0x0000000086a00000, 0x0000000086a00000|100%|HC|  |TAMS 0x0000000086900000, 0x0000000086900000| Complete 
| 106|0x0000000086a00000, 0x0000000086b00000, 0x0000000086b00000|100%| O|  |TAMS 0x0000000086a00000, 0x0000000086a00000| Untracked 
| 107|0x0000000086b00000, 0x0000000086c00000, 0x0000000086c00000|100%| O|  |TAMS 0x0000000086b00000, 0x0000000086b00000| Untracked 
| 108|0x0000000086c00000, 0x0000000086d00000, 0x0000000086d00000|100%| O|  |TAMS 0x0000000086c00000, 0x0000000086c00000| Untracked 
| 109|0x0000000086d00000, 0x0000000086e00000, 0x0000000086e00000|100%| O|  |TAMS 0x0000000086e00000, 0x0000000086d00000| Untracked 
| 110|0x0000000086e00000, 0x0000000086f00000, 0x0000000086f00000|100%| O|  |TAMS 0x0000000086e00000, 0x0000000086e00000| Untracked 
| 111|0x0000000086f00000, 0x0000000087000000, 0x0000000087000000|100%| O|  |TAMS 0x0000000086f00000, 0x0000000086f00000| Untracked 
| 112|0x0000000087000000, 0x0000000087100000, 0x0000000087100000|100%| O|  |TAMS 0x0000000087000000, 0x0000000087000000| Untracked 
| 113|0x0000000087100000, 0x0000000087200000, 0x0000000087200000|100%| O|  |TAMS 0x0000000087100000, 0x0000000087100000| Untracked 
| 114|0x0000000087200000, 0x0000000087300000, 0x0000000087300000|100%| O|  |TAMS 0x0000000087200000, 0x0000000087200000| Untracked 
| 115|0x0000000087300000, 0x0000000087400000, 0x0000000087400000|100%| O|  |TAMS 0x0000000087300000, 0x0000000087300000| Untracked 
| 116|0x0000000087400000, 0x0000000087500000, 0x0000000087500000|100%| O|  |TAMS 0x0000000087400000, 0x0000000087400000| Untracked 
| 117|0x0000000087500000, 0x0000000087600000, 0x0000000087600000|100%| O|  |TAMS 0x0000000087500000, 0x0000000087500000| Untracked 
| 118|0x0000000087600000, 0x0000000087700000, 0x0000000087700000|100%| O|  |TAMS 0x0000000087600000, 0x0000000087600000| Untracked 
| 119|0x0000000087700000, 0x0000000087800000, 0x0000000087800000|100%| O|  |TAMS 0x0000000087700000, 0x0000000087700000| Untracked 
| 120|0x0000000087800000, 0x0000000087900000, 0x0000000087900000|100%| O|  |TAMS 0x0000000087800000, 0x0000000087800000| Untracked 
| 121|0x0000000087900000, 0x0000000087a00000, 0x0000000087a00000|100%| O|  |TAMS 0x0000000087900000, 0x0000000087900000| Untracked 
| 122|0x0000000087a00000, 0x0000000087a00000, 0x0000000087b00000|  0%| F|  |TAMS 0x0000000087a00000, 0x0000000087a00000| Untracked 
| 123|0x0000000087b00000, 0x0000000087b00000, 0x0000000087c00000|  0%| F|  |TAMS 0x0000000087b00000, 0x0000000087b00000| Untracked 
| 124|0x0000000087c00000, 0x0000000087c00000, 0x0000000087d00000|  0%| F|  |TAMS 0x0000000087c00000, 0x0000000087c00000| Untracked 
| 125|0x0000000087d00000, 0x0000000087d00000, 0x0000000087e00000|  0%| F|  |TAMS 0x0000000087d00000, 0x0000000087d00000| Untracked 
| 126|0x0000000087e00000, 0x0000000087e00000, 0x0000000087f00000|  0%| F|  |TAMS 0x0000000087e00000, 0x0000000087e00000| Untracked 
| 127|0x0000000087f00000, 0x0000000087f00000, 0x0000000088000000|  0%| F|  |TAMS 0x0000000087f00000, 0x0000000087f00000| Untracked 
| 128|0x0000000088000000, 0x0000000088000000, 0x0000000088100000|  0%| F|  |TAMS 0x0000000088000000, 0x0000000088000000| Untracked 
| 129|0x0000000088100000, 0x0000000088100000, 0x0000000088200000|  0%| F|  |TAMS 0x0000000088100000, 0x0000000088100000| Untracked 
| 130|0x0000000088200000, 0x0000000088200000, 0x0000000088300000|  0%| F|  |TAMS 0x0000000088200000, 0x0000000088200000| Untracked 
| 131|0x0000000088300000, 0x0000000088300000, 0x0000000088400000|  0%| F|  |TAMS 0x0000000088300000, 0x0000000088300000| Untracked 
| 132|0x0000000088400000, 0x0000000088400000, 0x0000000088500000|  0%| F|  |TAMS 0x0000000088400000, 0x0000000088400000| Untracked 
| 133|0x0000000088500000, 0x0000000088500000, 0x0000000088600000|  0%| F|  |TAMS 0x0000000088500000, 0x0000000088500000| Untracked 
| 134|0x0000000088600000, 0x0000000088600000, 0x0000000088700000|  0%| F|  |TAMS 0x0000000088600000, 0x0000000088600000| Untracked 
| 135|0x0000000088700000, 0x0000000088700000, 0x0000000088800000|  0%| F|  |TAMS 0x0000000088700000, 0x0000000088700000| Untracked 
| 136|0x0000000088800000, 0x0000000088800000, 0x0000000088900000|  0%| F|  |TAMS 0x0000000088800000, 0x0000000088800000| Untracked 
| 137|0x0000000088900000, 0x0000000088900000, 0x0000000088a00000|  0%| F|  |TAMS 0x0000000088900000, 0x0000000088900000| Untracked 
| 138|0x0000000088a00000, 0x0000000088a00000, 0x0000000088b00000|  0%| F|  |TAMS 0x0000000088a00000, 0x0000000088a00000| Untracked 
| 139|0x0000000088b00000, 0x0000000088b00000, 0x0000000088c00000|  0%| F|  |TAMS 0x0000000088b00000, 0x0000000088b00000| Untracked 
| 140|0x0000000088c00000, 0x0000000088c00000, 0x0000000088d00000|  0%| F|  |TAMS 0x0000000088c00000, 0x0000000088c00000| Untracked 
| 141|0x0000000088d00000, 0x0000000088d00000, 0x0000000088e00000|  0%| F|  |TAMS 0x0000000088d00000, 0x0000000088d00000| Untracked 
| 142|0x0000000088e00000, 0x0000000088e00000, 0x0000000088f00000|  0%| F|  |TAMS 0x0000000088e00000, 0x0000000088e00000| Untracked 
| 143|0x0000000088f00000, 0x0000000088f00000, 0x0000000089000000|  0%| F|  |TAMS 0x0000000088f00000, 0x0000000088f00000| Untracked 
| 144|0x0000000089000000, 0x0000000089100000, 0x0000000089100000|100%| O|  |TAMS 0x0000000089100000, 0x0000000089000000| Untracked 
| 145|0x0000000089100000, 0x0000000089100000, 0x0000000089200000|  0%| F|  |TAMS 0x0000000089100000, 0x0000000089100000| Untracked 
| 146|0x0000000089200000, 0x0000000089200000, 0x0000000089300000|  0%| F|  |TAMS 0x0000000089200000, 0x0000000089200000| Untracked 
| 147|0x0000000089300000, 0x0000000089300000, 0x0000000089400000|  0%| F|  |TAMS 0x0000000089300000, 0x0000000089300000| Untracked 
| 148|0x0000000089400000, 0x0000000089400000, 0x0000000089500000|  0%| F|  |TAMS 0x0000000089400000, 0x0000000089400000| Untracked 
| 149|0x0000000089500000, 0x0000000089500000, 0x0000000089600000|  0%| F|  |TAMS 0x0000000089500000, 0x0000000089500000| Untracked 
| 150|0x0000000089600000, 0x000000008967dea0, 0x0000000089700000| 49%| S|CS|TAMS 0x0000000089600000, 0x0000000089600000| Complete 
| 151|0x0000000089700000, 0x0000000089800000, 0x0000000089800000|100%| S|CS|TAMS 0x0000000089700000, 0x0000000089700000| Complete 
| 152|0x0000000089800000, 0x0000000089900000, 0x0000000089900000|100%| S|CS|TAMS 0x0000000089800000, 0x0000000089800000| Complete 
| 153|0x0000000089900000, 0x0000000089a00000, 0x0000000089a00000|100%| S|CS|TAMS 0x0000000089900000, 0x0000000089900000| Complete 
| 154|0x0000000089a00000, 0x0000000089a00000, 0x0000000089b00000|  0%| F|  |TAMS 0x0000000089a00000, 0x0000000089a00000| Untracked 
| 155|0x0000000089b00000, 0x0000000089b00000, 0x0000000089c00000|  0%| F|  |TAMS 0x0000000089b00000, 0x0000000089b00000| Untracked 
| 156|0x0000000089c00000, 0x0000000089c00000, 0x0000000089d00000|  0%| F|  |TAMS 0x0000000089c00000, 0x0000000089c00000| Untracked 
| 157|0x0000000089d00000, 0x0000000089d00000, 0x0000000089e00000|  0%| F|  |TAMS 0x0000000089d00000, 0x0000000089d00000| Untracked 
| 158|0x0000000089e00000, 0x0000000089e00000, 0x0000000089f00000|  0%| F|  |TAMS 0x0000000089e00000, 0x0000000089e00000| Untracked 
| 159|0x0000000089f00000, 0x0000000089f00000, 0x000000008a000000|  0%| F|  |TAMS 0x0000000089f00000, 0x0000000089f00000| Untracked 
| 160|0x000000008a000000, 0x000000008a000000, 0x000000008a100000|  0%| F|  |TAMS 0x000000008a000000, 0x000000008a000000| Untracked 
| 161|0x000000008a100000, 0x000000008a100000, 0x000000008a200000|  0%| F|  |TAMS 0x000000008a100000, 0x000000008a100000| Untracked 
| 162|0x000000008a200000, 0x000000008a200000, 0x000000008a300000|  0%| F|  |TAMS 0x000000008a200000, 0x000000008a200000| Untracked 
| 163|0x000000008a300000, 0x000000008a300000, 0x000000008a400000|  0%| F|  |TAMS 0x000000008a300000, 0x000000008a300000| Untracked 
| 164|0x000000008a400000, 0x000000008a400000, 0x000000008a500000|  0%| F|  |TAMS 0x000000008a400000, 0x000000008a400000| Untracked 
| 165|0x000000008a500000, 0x000000008a500000, 0x000000008a600000|  0%| F|  |TAMS 0x000000008a500000, 0x000000008a500000| Untracked 
| 166|0x000000008a600000, 0x000000008a600000, 0x000000008a700000|  0%| F|  |TAMS 0x000000008a600000, 0x000000008a600000| Untracked 
| 167|0x000000008a700000, 0x000000008a700000, 0x000000008a800000|  0%| F|  |TAMS 0x000000008a700000, 0x000000008a700000| Untracked 
| 168|0x000000008a800000, 0x000000008a800000, 0x000000008a900000|  0%| F|  |TAMS 0x000000008a800000, 0x000000008a800000| Untracked 
| 169|0x000000008a900000, 0x000000008a900000, 0x000000008aa00000|  0%| F|  |TAMS 0x000000008a900000, 0x000000008a900000| Untracked 
| 170|0x000000008aa00000, 0x000000008aa00000, 0x000000008ab00000|  0%| F|  |TAMS 0x000000008aa00000, 0x000000008aa00000| Untracked 
| 171|0x000000008ab00000, 0x000000008ab00000, 0x000000008ac00000|  0%| F|  |TAMS 0x000000008ab00000, 0x000000008ab00000| Untracked 
| 172|0x000000008ac00000, 0x000000008ac00000, 0x000000008ad00000|  0%| F|  |TAMS 0x000000008ac00000, 0x000000008ac00000| Untracked 
| 173|0x000000008ad00000, 0x000000008ad00000, 0x000000008ae00000|  0%| F|  |TAMS 0x000000008ad00000, 0x000000008ad00000| Untracked 
| 174|0x000000008ae00000, 0x000000008ae00000, 0x000000008af00000|  0%| F|  |TAMS 0x000000008ae00000, 0x000000008ae00000| Untracked 
| 175|0x000000008af00000, 0x000000008af00000, 0x000000008b000000|  0%| F|  |TAMS 0x000000008af00000, 0x000000008af00000| Untracked 
| 176|0x000000008b000000, 0x000000008b000000, 0x000000008b100000|  0%| F|  |TAMS 0x000000008b000000, 0x000000008b000000| Untracked 
| 177|0x000000008b100000, 0x000000008b100000, 0x000000008b200000|  0%| F|  |TAMS 0x000000008b100000, 0x000000008b100000| Untracked 
| 178|0x000000008b200000, 0x000000008b200000, 0x000000008b300000|  0%| F|  |TAMS 0x000000008b200000, 0x000000008b200000| Untracked 
| 179|0x000000008b300000, 0x000000008b300000, 0x000000008b400000|  0%| F|  |TAMS 0x000000008b300000, 0x000000008b300000| Untracked 
| 180|0x000000008b400000, 0x000000008b400000, 0x000000008b500000|  0%| F|  |TAMS 0x000000008b400000, 0x000000008b400000| Untracked 
| 181|0x000000008b500000, 0x000000008b500000, 0x000000008b600000|  0%| F|  |TAMS 0x000000008b500000, 0x000000008b500000| Untracked 
| 182|0x000000008b600000, 0x000000008b600000, 0x000000008b700000|  0%| F|  |TAMS 0x000000008b600000, 0x000000008b600000| Untracked 
| 183|0x000000008b700000, 0x000000008b700000, 0x000000008b800000|  0%| F|  |TAMS 0x000000008b700000, 0x000000008b700000| Untracked 
| 184|0x000000008b800000, 0x000000008b800000, 0x000000008b900000|  0%| F|  |TAMS 0x000000008b800000, 0x000000008b800000| Untracked 
| 185|0x000000008b900000, 0x000000008b900000, 0x000000008ba00000|  0%| F|  |TAMS 0x000000008b900000, 0x000000008b900000| Untracked 
| 186|0x000000008ba00000, 0x000000008ba83928, 0x000000008bb00000| 51%| E|  |TAMS 0x000000008ba00000, 0x000000008ba00000| Complete 
| 187|0x000000008bb00000, 0x000000008bc00000, 0x000000008bc00000|100%| E|CS|TAMS 0x000000008bb00000, 0x000000008bb00000| Complete 
| 188|0x000000008bc00000, 0x000000008bd00000, 0x000000008bd00000|100%| E|CS|TAMS 0x000000008bc00000, 0x000000008bc00000| Complete 
| 189|0x000000008bd00000, 0x000000008be00000, 0x000000008be00000|100%| E|CS|TAMS 0x000000008bd00000, 0x000000008bd00000| Complete 
| 190|0x000000008be00000, 0x000000008bf00000, 0x000000008bf00000|100%| E|CS|TAMS 0x000000008be00000, 0x000000008be00000| Complete 
| 191|0x000000008bf00000, 0x000000008c000000, 0x000000008c000000|100%| E|CS|TAMS 0x000000008bf00000, 0x000000008bf00000| Complete 
| 192|0x000000008c000000, 0x000000008c100000, 0x000000008c100000|100%| E|CS|TAMS 0x000000008c000000, 0x000000008c000000| Complete 
| 193|0x000000008c100000, 0x000000008c200000, 0x000000008c200000|100%| E|CS|TAMS 0x000000008c100000, 0x000000008c100000| Complete 
| 194|0x000000008c200000, 0x000000008c300000, 0x000000008c300000|100%| E|CS|TAMS 0x000000008c200000, 0x000000008c200000| Complete 
| 195|0x000000008c300000, 0x000000008c400000, 0x000000008c400000|100%| E|CS|TAMS 0x000000008c300000, 0x000000008c300000| Complete 
| 196|0x000000008c400000, 0x000000008c500000, 0x000000008c500000|100%| E|CS|TAMS 0x000000008c400000, 0x000000008c400000| Complete 
| 197|0x000000008c500000, 0x000000008c600000, 0x000000008c600000|100%| E|CS|TAMS 0x000000008c500000, 0x000000008c500000| Complete 
| 198|0x000000008c600000, 0x000000008c700000, 0x000000008c700000|100%| E|CS|TAMS 0x000000008c600000, 0x000000008c600000| Complete 
| 199|0x000000008c700000, 0x000000008c800000, 0x000000008c800000|100%| E|CS|TAMS 0x000000008c700000, 0x000000008c700000| Complete 
| 200|0x000000008c800000, 0x000000008c900000, 0x000000008c900000|100%| E|CS|TAMS 0x000000008c800000, 0x000000008c800000| Complete 
| 201|0x000000008c900000, 0x000000008ca00000, 0x000000008ca00000|100%| E|CS|TAMS 0x000000008c900000, 0x000000008c900000| Complete 
| 202|0x000000008ca00000, 0x000000008cb00000, 0x000000008cb00000|100%| E|CS|TAMS 0x000000008ca00000, 0x000000008ca00000| Complete 
| 203|0x000000008cb00000, 0x000000008cc00000, 0x000000008cc00000|100%| E|CS|TAMS 0x000000008cb00000, 0x000000008cb00000| Complete 
| 204|0x000000008cc00000, 0x000000008cd00000, 0x000000008cd00000|100%| E|CS|TAMS 0x000000008cc00000, 0x000000008cc00000| Complete 
| 205|0x000000008cd00000, 0x000000008ce00000, 0x000000008ce00000|100%| E|CS|TAMS 0x000000008cd00000, 0x000000008cd00000| Complete 
| 206|0x000000008ce00000, 0x000000008cf00000, 0x000000008cf00000|100%| E|CS|TAMS 0x000000008ce00000, 0x000000008ce00000| Complete 
| 207|0x000000008cf00000, 0x000000008d000000, 0x000000008d000000|100%| E|CS|TAMS 0x000000008cf00000, 0x000000008cf00000| Complete 
| 208|0x000000008d000000, 0x000000008d100000, 0x000000008d100000|100%| E|CS|TAMS 0x000000008d000000, 0x000000008d000000| Complete 
| 209|0x000000008d100000, 0x000000008d200000, 0x000000008d200000|100%| E|CS|TAMS 0x000000008d100000, 0x000000008d100000| Complete 
| 210|0x000000008d200000, 0x000000008d300000, 0x000000008d300000|100%| E|CS|TAMS 0x000000008d200000, 0x000000008d200000| Complete 
| 211|0x000000008d300000, 0x000000008d400000, 0x000000008d400000|100%| E|CS|TAMS 0x000000008d300000, 0x000000008d300000| Complete 
| 212|0x000000008d400000, 0x000000008d500000, 0x000000008d500000|100%| E|CS|TAMS 0x000000008d400000, 0x000000008d400000| Complete 
| 213|0x000000008d500000, 0x000000008d600000, 0x000000008d600000|100%| E|CS|TAMS 0x000000008d500000, 0x000000008d500000| Complete 
| 214|0x000000008d600000, 0x000000008d700000, 0x000000008d700000|100%| E|CS|TAMS 0x000000008d600000, 0x000000008d600000| Complete 
| 215|0x000000008d700000, 0x000000008d800000, 0x000000008d800000|100%| E|CS|TAMS 0x000000008d700000, 0x000000008d700000| Complete 
| 216|0x000000008d800000, 0x000000008d900000, 0x000000008d900000|100%| E|CS|TAMS 0x000000008d800000, 0x000000008d800000| Complete 
| 217|0x000000008d900000, 0x000000008da00000, 0x000000008da00000|100%| E|CS|TAMS 0x000000008d900000, 0x000000008d900000| Complete 
| 218|0x000000008da00000, 0x000000008db00000, 0x000000008db00000|100%| E|CS|TAMS 0x000000008da00000, 0x000000008da00000| Complete 
| 219|0x000000008db00000, 0x000000008dc00000, 0x000000008dc00000|100%| E|CS|TAMS 0x000000008db00000, 0x000000008db00000| Complete 

Card table byte_map: [0x0000024214700000,0x0000024214b00000] _byte_map_base: 0x0000024214300000

Marking Bits (Prev, Next): (CMBitMap*) 0x000002427f970198, (CMBitMap*) 0x000002427f9701d0
 Prev Bits: [0x0000024214f00000, 0x0000024216f00000)
 Next Bits: [0x0000024216f00000, 0x0000024218f00000)

Polling page: 0x0000024201410000

Metaspace:

Usage:
  Non-class:     91.73 MB capacity,    90.05 MB ( 98%) used,     1.38 MB (  2%) free+waste,   305.00 KB ( <1%) overhead. 
      Class:     13.53 MB capacity,    12.60 MB ( 93%) used,   816.17 KB (  6%) free+waste,   132.44 KB ( <1%) overhead. 
       Both:    105.26 MB capacity,   102.65 MB ( 98%) used,     2.18 MB (  2%) free+waste,   437.44 KB ( <1%) overhead. 

Virtual space:
  Non-class space:       92.00 MB reserved,      91.88 MB (>99%) committed 
      Class space:        1.00 GB reserved,      13.57 MB (  1%) committed 
             Both:        1.09 GB reserved,     105.46 MB (  9%) committed 

Chunk freelists:
   Non-Class:  31.00 KB
       Class:  1.00 KB
        Both:  32.00 KB

MaxMetaspaceSize: 17179869184.00 GB
CompressedClassSpaceSize: 1.00 GB

CodeHeap 'non-profiled nmethods': size=120064Kb used=10065Kb max_used=10065Kb free=109999Kb
 bounds [0x000002420c790000, 0x000002420d170000, 0x0000024213cd0000]
CodeHeap 'profiled nmethods': size=120000Kb used=34305Kb max_used=34305Kb free=85694Kb
 bounds [0x0000024205260000, 0x0000024207400000, 0x000002420c790000]
CodeHeap 'non-nmethods': size=5696Kb used=2301Kb max_used=2353Kb free=3394Kb
 bounds [0x0000024204cd0000, 0x0000024204f40000, 0x0000024205260000]
 total_blobs=16041 nmethods=15127 adapters=824
 compilation: enabled
              stopped_count=0, restarted_count=0
 full_count=0

Compilation events (20 events):
Event: 78.261 Thread 0x000002421b574000 nmethod 16684 0x000002420d164c90 code [0x000002420d164e60, 0x000002420d165038]
Event: 78.265 Thread 0x000002421b57d800 16685       3       com.sun.tools.javac.comp.Resolve::findVar (545 bytes)
Event: 78.266 Thread 0x000002421b574000 16686       4       java.util.EnumSet::typeCheck (59 bytes)
Event: 78.267 Thread 0x000002421b574000 nmethod 16686 0x000002420d165310 code [0x000002420d1654a0, 0x000002420d165578]
Event: 78.268 Thread 0x000002421b57d800 nmethod 16685 0x00000242073df210 code [0x00000242073df6c0, 0x00000242073e1f68]
Event: 78.268 Thread 0x000002421b57d800 16687       3       com.sun.tools.javac.comp.Resolve$BasicLookupHelper::lookup (38 bytes)
Event: 78.268 Thread 0x000002421b57d800 nmethod 16687 0x00000242073e2f10 code [0x00000242073e3140, 0x00000242073e3838]
Event: 78.268 Thread 0x000002421b57d800 16688       3       com.sun.tools.javac.comp.Resolve$BasicLookupHelper::debug (26 bytes)
Event: 78.269 Thread 0x000002421b57d800 nmethod 16688 0x00000242073e3a90 code [0x00000242073e3c40, 0x00000242073e3da8]
Event: 78.270 Thread 0x000002421b574000 16689       4       com.sun.tools.javac.code.Types$SignatureGenerator::assembleSig (533 bytes)
Event: 78.274 Thread 0x000002421b57d800 16692       3       com.sun.tools.javac.comp.Check::union (39 bytes)
Event: 78.275 Thread 0x000002421b57d800 nmethod 16692 0x00000242073e3e90 code [0x00000242073e40c0, 0x00000242073e4958]
Event: 78.289 Thread 0x000002421b57d800 16693       3       com.sun.tools.javac.comp.Resolve$LookupHelper::shouldStop (40 bytes)
Event: 78.289 Thread 0x000002421b57d800 nmethod 16693 0x00000242073e4c10 code [0x00000242073e4de0, 0x00000242073e5118]
Event: 78.290 Thread 0x000002421b57d800 16694       3       com.sun.tools.javac.comp.Resolve::isAccessible (402 bytes)
Event: 78.292 Thread 0x000002421b57d800 nmethod 16694 0x00000242073e5290 code [0x00000242073e5600, 0x00000242073e7408]
Event: 78.294 Thread 0x000002421b57d800 16697   !   3       com.sun.tools.javac.comp.DeferredAttr$DeferredAttrContext::complete (165 bytes)
Event: 78.297 Thread 0x000002421b57d800 nmethod 16697 0x00000242073e7c90 code [0x00000242073e80e0, 0x00000242073ea3b8]
Event: 78.297 Thread 0x000002421b57d800 16698       3       com.sun.tools.javac.comp.Lower::freevarDefs (163 bytes)
Event: 78.299 Thread 0x000002421b57d800 nmethod 16698 0x00000242073eb110 code [0x00000242073eb480, 0x00000242073ece78]

GC Heap History (20 events):
Event: 66.252 GC heap before
{Heap before GC invocations=32 (full 0):
 garbage-first heap   total 187392K, used 133383K [0x0000000080000000, 0x0000000100000000)
  region size 1024K, 37 young (37888K), 1 survivors (1024K)
 Metaspace       used 93314K, capacity 95617K, committed 95828K, reserved 1132544K
  class space    used 11664K, capacity 12460K, committed 12492K, reserved 1048576K
}
Event: 66.260 GC heap after
{Heap after GC invocations=33 (full 0):
 garbage-first heap   total 187392K, used 98367K [0x0000000080000000, 0x0000000100000000)
  region size 1024K, 2 young (2048K), 2 survivors (2048K)
 Metaspace       used 93314K, capacity 95617K, committed 95828K, reserved 1132544K
  class space    used 11664K, capacity 12460K, committed 12492K, reserved 1048576K
}
Event: 67.116 GC heap before
{Heap before GC invocations=34 (full 0):
 garbage-first heap   total 187392K, used 136255K [0x0000000080000000, 0x0000000100000000)
  region size 1024K, 40 young (40960K), 2 survivors (2048K)
 Metaspace       used 93756K, capacity 96099K, committed 96212K, reserved 1132544K
  class space    used 11711K, capacity 12535K, committed 12620K, reserved 1048576K
}
Event: 67.128 GC heap after
{Heap after GC invocations=35 (full 0):
 garbage-first heap   total 187392K, used 98705K [0x0000000080000000, 0x0000000100000000)
  region size 1024K, 2 young (2048K), 2 survivors (2048K)
 Metaspace       used 93756K, capacity 96099K, committed 96212K, reserved 1132544K
  class space    used 11711K, capacity 12535K, committed 12620K, reserved 1048576K
}
Event: 67.238 GC heap before
{Heap before GC invocations=35 (full 0):
 garbage-first heap   total 187392K, used 105873K [0x0000000080000000, 0x0000000100000000)
  region size 1024K, 9 young (9216K), 2 survivors (2048K)
 Metaspace       used 94245K, capacity 96646K, committed 96852K, reserved 1134592K
  class space    used 11771K, capacity 12611K, committed 12748K, reserved 1048576K
}
Event: 67.250 GC heap after
{Heap after GC invocations=36 (full 0):
 garbage-first heap   total 187392K, used 96737K [0x0000000080000000, 0x0000000100000000)
  region size 1024K, 2 young (2048K), 2 survivors (2048K)
 Metaspace       used 94245K, capacity 96646K, committed 96852K, reserved 1134592K
  class space    used 11771K, capacity 12611K, committed 12748K, reserved 1048576K
}
Event: 68.076 GC heap before
{Heap before GC invocations=36 (full 0):
 garbage-first heap   total 187392K, used 137697K [0x0000000080000000, 0x0000000100000000)
  region size 1024K, 43 young (44032K), 2 survivors (2048K)
 Metaspace       used 94766K, capacity 97104K, committed 97364K, reserved 1134592K
  class space    used 11810K, capacity 12613K, committed 12748K, reserved 1048576K
}
Event: 68.116 GC heap after
{Heap after GC invocations=37 (full 0):
 garbage-first heap   total 187392K, used 105141K [0x0000000080000000, 0x0000000100000000)
  region size 1024K, 6 young (6144K), 6 survivors (6144K)
 Metaspace       used 94766K, capacity 97104K, committed 97364K, reserved 1134592K
  class space    used 11810K, capacity 12613K, committed 12748K, reserved 1048576K
}
Event: 69.961 GC heap before
{Heap before GC invocations=38 (full 0):
 garbage-first heap   total 187392K, used 143029K [0x0000000080000000, 0x0000000100000000)
  region size 1024K, 44 young (45056K), 6 survivors (6144K)
 Metaspace       used 99655K, capacity 102054K, committed 102356K, reserved 1138688K
  class space    used 12464K, capacity 13305K, committed 13388K, reserved 1048576K
}
Event: 69.981 GC heap after
{Heap after GC invocations=39 (full 0):
 garbage-first heap   total 187392K, used 107029K [0x0000000080000000, 0x0000000100000000)
  region size 1024K, 2 young (2048K), 2 survivors (2048K)
 Metaspace       used 99655K, capacity 102054K, committed 102356K, reserved 1138688K
  class space    used 12464K, capacity 13305K, committed 13388K, reserved 1048576K
}
Event: 70.206 GC heap before
{Heap before GC invocations=39 (full 0):
 garbage-first heap   total 187392K, used 113173K [0x0000000080000000, 0x0000000100000000)
  region size 1024K, 9 young (9216K), 2 survivors (2048K)
 Metaspace       used 101136K, capacity 103642K, committed 103764K, reserved 1140736K
  class space    used 12609K, capacity 13451K, committed 13516K, reserved 1048576K
}
Event: 70.219 GC heap after
{Heap after GC invocations=40 (full 0):
 garbage-first heap   total 187392K, used 106890K [0x0000000080000000, 0x0000000100000000)
  region size 1024K, 2 young (2048K), 2 survivors (2048K)
 Metaspace       used 101136K, capacity 103642K, committed 103764K, reserved 1140736K
  class space    used 12609K, capacity 13451K, committed 13516K, reserved 1048576K
}
Event: 73.806 GC heap before
{Heap before GC invocations=40 (full 0):
 garbage-first heap   total 187392K, used 147850K [0x0000000080000000, 0x0000000100000000)
  region size 1024K, 40 young (40960K), 2 survivors (2048K)
 Metaspace       used 101963K, capacity 104421K, committed 104532K, reserved 1140736K
  class space    used 12663K, capacity 13516K, committed 13516K, reserved 1048576K
}
Event: 73.823 GC heap after
{Heap after GC invocations=41 (full 0):
 garbage-first heap   total 187392K, used 119808K [0x0000000080000000, 0x0000000100000000)
  region size 1024K, 5 young (5120K), 5 survivors (5120K)
 Metaspace       used 101963K, capacity 104421K, committed 104532K, reserved 1140736K
  class space    used 12663K, capacity 13516K, committed 13516K, reserved 1048576K
}
Event: 74.629 GC heap before
{Heap before GC invocations=41 (full 0):
 garbage-first heap   total 187392K, used 151552K [0x0000000080000000, 0x0000000100000000)
  region size 1024K, 36 young (36864K), 5 survivors (5120K)
 Metaspace       used 102835K, capacity 105388K, committed 105556K, reserved 1140736K
  class space    used 12732K, capacity 13662K, committed 13772K, reserved 1048576K
}
Event: 74.648 GC heap after
{Heap after GC invocations=42 (full 0):
 garbage-first heap   total 187392K, used 125760K [0x0000000080000000, 0x0000000100000000)
  region size 1024K, 5 young (5120K), 5 survivors (5120K)
 Metaspace       used 102835K, capacity 105388K, committed 105556K, reserved 1140736K
  class space    used 12732K, capacity 13662K, committed 13772K, reserved 1048576K
}
Event: 75.696 GC heap before
{Heap before GC invocations=42 (full 0):
 garbage-first heap   total 187392K, used 153408K [0x0000000080000000, 0x0000000100000000)
  region size 1024K, 32 young (32768K), 5 survivors (5120K)
 Metaspace       used 104263K, capacity 106908K, committed 107220K, reserved 1142784K
  class space    used 12860K, capacity 13800K, committed 13900K, reserved 1048576K
}
Event: 75.710 GC heap after
{Heap after GC invocations=43 (full 0):
 garbage-first heap   total 187392K, used 128000K [0x0000000080000000, 0x0000000100000000)
  region size 1024K, 2 young (2048K), 2 survivors (2048K)
 Metaspace       used 104263K, capacity 106908K, committed 107220K, reserved 1142784K
  class space    used 12860K, capacity 13800K, committed 13900K, reserved 1048576K
}
Event: 77.323 GC heap before
{Heap before GC invocations=43 (full 0):
 garbage-first heap   total 187392K, used 155648K [0x0000000080000000, 0x0000000100000000)
  region size 1024K, 29 young (29696K), 2 survivors (2048K)
 Metaspace       used 104725K, capacity 107401K, committed 107476K, reserved 1142784K
  class space    used 12869K, capacity 13835K, committed 13900K, reserved 1048576K
}
Event: 77.335 GC heap after
{Heap after GC invocations=44 (full 0):
 garbage-first heap   total 225280K, used 129527K [0x0000000080000000, 0x0000000100000000)
  region size 1024K, 4 young (4096K), 4 survivors (4096K)
 Metaspace       used 104725K, capacity 107401K, committed 107476K, reserved 1142784K
  class space    used 12869K, capacity 13835K, committed 13900K, reserved 1048576K
}

Deoptimization events (20 events):
Event: 78.236 Thread 0x000002421e193800 Uncommon trap: trap_request=0xffffffde fr.pc=0x000002420d11812c relative=0x0000000000006b0c
Event: 78.236 Thread 0x000002421e193800 Uncommon trap: reason=class_check action=maybe_recompile pc=0x000002420d11812c method=com.sun.tools.javac.code.Types$SignatureGenerator.assembleSig(Lcom/sun/tools/javac/code/Type;)V @ 218 c2
Event: 78.236 Thread 0x000002421e193800 DEOPT PACKING pc=0x000002420d11812c sp=0x000000ee038f8e90
Event: 78.236 Thread 0x000002421e193800 DEOPT UNPACKING pc=0x0000024204cf74af sp=0x000000ee038f8ee8 mode 2
Event: 78.292 Thread 0x000002421e193800 Uncommon trap: trap_request=0xffffffde fr.pc=0x000002420cab8110 relative=0x0000000000001170
Event: 78.292 Thread 0x000002421e193800 Uncommon trap: reason=class_check action=maybe_recompile pc=0x000002420cab8110 method=com.sun.tools.javac.comp.Resolve.findInheritedMemberType(Lcom/sun/tools/javac/comp/Env;Lcom/sun/tools/javac/code/Type;Lcom/sun/tools/javac/util/Name;Lcom/sun/tools/javac
Event: 78.292 Thread 0x000002421e193800 DEOPT PACKING pc=0x000002420cab8110 sp=0x000000ee038f68e0
Event: 78.292 Thread 0x000002421e193800 DEOPT UNPACKING pc=0x0000024204cf74af sp=0x000000ee038f6780 mode 2
Event: 78.292 Thread 0x000002421e193800 Uncommon trap: trap_request=0xffffffde fr.pc=0x000002420cab8110 relative=0x0000000000001170
Event: 78.292 Thread 0x000002421e193800 Uncommon trap: reason=class_check action=maybe_recompile pc=0x000002420cab8110 method=com.sun.tools.javac.comp.Resolve.findInheritedMemberType(Lcom/sun/tools/javac/comp/Env;Lcom/sun/tools/javac/code/Type;Lcom/sun/tools/javac/util/Name;Lcom/sun/tools/javac
Event: 78.292 Thread 0x000002421e193800 DEOPT PACKING pc=0x000002420cab8110 sp=0x000000ee038f68e0
Event: 78.292 Thread 0x000002421e193800 DEOPT UNPACKING pc=0x0000024204cf74af sp=0x000000ee038f6780 mode 2
Event: 78.292 Thread 0x000002421e193800 Uncommon trap: trap_request=0xffffffde fr.pc=0x000002420cab8110 relative=0x0000000000001170
Event: 78.292 Thread 0x000002421e193800 Uncommon trap: reason=class_check action=maybe_recompile pc=0x000002420cab8110 method=com.sun.tools.javac.comp.Resolve.findInheritedMemberType(Lcom/sun/tools/javac/comp/Env;Lcom/sun/tools/javac/code/Type;Lcom/sun/tools/javac/util/Name;Lcom/sun/tools/javac
Event: 78.292 Thread 0x000002421e193800 DEOPT PACKING pc=0x000002420cab8110 sp=0x000000ee038f68e0
Event: 78.292 Thread 0x000002421e193800 DEOPT UNPACKING pc=0x0000024204cf74af sp=0x000000ee038f6780 mode 2
Event: 78.292 Thread 0x000002421e193800 Uncommon trap: trap_request=0xffffffde fr.pc=0x000002420cab8110 relative=0x0000000000001170
Event: 78.292 Thread 0x000002421e193800 Uncommon trap: reason=class_check action=maybe_recompile pc=0x000002420cab8110 method=com.sun.tools.javac.comp.Resolve.findInheritedMemberType(Lcom/sun/tools/javac/comp/Env;Lcom/sun/tools/javac/code/Type;Lcom/sun/tools/javac/util/Name;Lcom/sun/tools/javac
Event: 78.293 Thread 0x000002421e193800 DEOPT PACKING pc=0x000002420cab8110 sp=0x000000ee038f7290
Event: 78.293 Thread 0x000002421e193800 DEOPT UNPACKING pc=0x0000024204cf74af sp=0x000000ee038f7130 mode 2

Classes redefined (0 events):
No events

Internal exceptions (20 events):
Event: 78.174 Thread 0x000002421e193800 Exception <a 'sun/nio/fs/WindowsException'{0x000000008c062318}> (0x000000008c062318) thrown at [./src/hotspot/share/prims/jni.cpp, line 615]
Event: 78.208 Thread 0x000002421e193800 Exception <a 'sun/nio/fs/WindowsException'{0x000000008bdbcdf8}> (0x000000008bdbcdf8) thrown at [./src/hotspot/share/prims/jni.cpp, line 615]
Event: 78.212 Thread 0x000002421e193800 Exception <a 'sun/nio/fs/WindowsException'{0x000000008bdc3cf0}> (0x000000008bdc3cf0) thrown at [./src/hotspot/share/prims/jni.cpp, line 615]
Event: 78.215 Thread 0x000002421e193800 Exception <a 'sun/nio/fs/WindowsException'{0x000000008bdc8880}> (0x000000008bdc8880) thrown at [./src/hotspot/share/prims/jni.cpp, line 615]
Event: 78.224 Thread 0x000002421e193800 Exception <a 'sun/nio/fs/WindowsException'{0x000000008bdcdfa8}> (0x000000008bdcdfa8) thrown at [./src/hotspot/share/prims/jni.cpp, line 615]
Event: 78.233 Thread 0x000002421e193800 Exception <a 'sun/nio/fs/WindowsException'{0x000000008bddeec0}> (0x000000008bddeec0) thrown at [./src/hotspot/share/prims/jni.cpp, line 615]
Event: 78.239 Thread 0x000002421e193800 Exception <a 'sun/nio/fs/WindowsException'{0x000000008bc177a8}> (0x000000008bc177a8) thrown at [./src/hotspot/share/prims/jni.cpp, line 615]
Event: 78.239 Thread 0x000002421e193800 Exception <a 'sun/nio/fs/WindowsException'{0x000000008bc18b10}> (0x000000008bc18b10) thrown at [./src/hotspot/share/prims/jni.cpp, line 615]
Event: 78.240 Thread 0x000002421e193800 Exception <a 'sun/nio/fs/WindowsException'{0x000000008bc19b70}> (0x000000008bc19b70) thrown at [./src/hotspot/share/prims/jni.cpp, line 615]
Event: 78.240 Thread 0x000002421e193800 Exception <a 'sun/nio/fs/WindowsException'{0x000000008bc1aea8}> (0x000000008bc1aea8) thrown at [./src/hotspot/share/prims/jni.cpp, line 615]
Event: 78.240 Thread 0x000002421e193800 Exception <a 'sun/nio/fs/WindowsException'{0x000000008bc1b020}> (0x000000008bc1b020) thrown at [./src/hotspot/share/prims/jni.cpp, line 615]
Event: 78.240 Thread 0x000002421e193800 Exception <a 'sun/nio/fs/WindowsException'{0x000000008bc1d350}> (0x000000008bc1d350) thrown at [./src/hotspot/share/prims/jni.cpp, line 615]
Event: 78.246 Thread 0x000002421e193800 Exception <a 'sun/nio/fs/WindowsException'{0x000000008bc4b4f8}> (0x000000008bc4b4f8) thrown at [./src/hotspot/share/prims/jni.cpp, line 615]
Event: 78.252 Thread 0x000002421e193800 Exception <a 'sun/nio/fs/WindowsException'{0x000000008bc785d0}> (0x000000008bc785d0) thrown at [./src/hotspot/share/prims/jni.cpp, line 615]
Event: 78.261 Thread 0x000002421e193800 Exception <a 'sun/nio/fs/WindowsException'{0x000000008bca8cb0}> (0x000000008bca8cb0) thrown at [./src/hotspot/share/prims/jni.cpp, line 615]
Event: 78.267 Thread 0x000002421e193800 Exception <a 'sun/nio/fs/WindowsException'{0x000000008bce4aa8}> (0x000000008bce4aa8) thrown at [./src/hotspot/share/prims/jni.cpp, line 615]
Event: 78.276 Thread 0x000002421e193800 Exception <a 'sun/nio/fs/WindowsException'{0x000000008bb0b658}> (0x000000008bb0b658) thrown at [./src/hotspot/share/prims/jni.cpp, line 615]
Event: 78.284 Thread 0x000002421e193800 Exception <a 'sun/nio/fs/WindowsException'{0x000000008bb19488}> (0x000000008bb19488) thrown at [./src/hotspot/share/prims/jni.cpp, line 615]
Event: 78.297 Thread 0x000002421e193800 Exception <a 'sun/nio/fs/WindowsException'{0x000000008bb9a938}> (0x000000008bb9a938) thrown at [./src/hotspot/share/prims/jni.cpp, line 615]
Event: 78.306 Thread 0x000002421e193800 Exception <a 'sun/nio/fs/WindowsException'{0x000000008bba40f8}> (0x000000008bba40f8) thrown at [./src/hotspot/share/prims/jni.cpp, line 615]

Events (20 events):
Event: 77.493 loading class com/sun/tools/javac/tree/JCTree$JCStatement
Event: 77.493 loading class com/sun/tools/javac/tree/JCTree$JCStatement done
Event: 77.493 loading class com/sun/tools/javac/tree/JCTree$JCStatement
Event: 77.493 loading class com/sun/tools/javac/tree/JCTree$JCStatement done
Event: 77.494 loading class com/sun/tools/javac/comp/InferenceContext
Event: 77.494 loading class com/sun/tools/javac/comp/InferenceContext done
Event: 77.494 loading class com/sun/tools/javac/comp/Env
Event: 77.494 loading class com/sun/tools/javac/comp/Env done
Event: 77.495 loading class com/sun/tools/javac/comp/Attr
Event: 77.495 loading class com/sun/tools/javac/comp/Attr done
Event: 77.501 loading class com/sun/tools/javac/comp/Attr$ResultInfo
Event: 77.501 loading class com/sun/tools/javac/comp/Attr$ResultInfo done
Event: 77.501 loading class com/sun/tools/javac/comp/Attr
Event: 77.501 loading class com/sun/tools/javac/comp/Attr done
Event: 77.503 loading class com/sun/tools/javac/util/JCDiagnostic$DiagnosticPosition
Event: 77.503 loading class com/sun/tools/javac/util/JCDiagnostic$DiagnosticPosition done
Event: 77.503 loading class com/sun/tools/javac/comp/Attr
Event: 77.503 loading class com/sun/tools/javac/comp/Attr done
Event: 78.022 Executing VM operation: ICBufferFull
Event: 78.022 Executing VM operation: ICBufferFull done


Dynamic libraries:
0x00007ff669380000 - 0x00007ff66938a000 	C:\Program Files\Android\Android Studio\jre\bin\java.exe
0x00007ffa80a60000 - 0x00007ffa80c50000 	C:\WINDOWS\SYSTEM32\ntdll.dll
0x00007ffa7ebf0000 - 0x00007ffa7eca2000 	C:\WINDOWS\System32\KERNEL32.DLL
0x00007ffa7de40000 - 0x00007ffa7e0e6000 	C:\WINDOWS\System32\KERNELBASE.dll
0x00007ffa7da20000 - 0x00007ffa7db1a000 	C:\WINDOWS\System32\ucrtbase.dll
0x00007ffa628e0000 - 0x00007ffa628f9000 	C:\Program Files\Android\Android Studio\jre\bin\jli.dll
0x00007ffa60e00000 - 0x00007ffa60e17000 	C:\Program Files\Android\Android Studio\jre\bin\VCRUNTIME140.dll
0x00007ffa80620000 - 0x00007ffa807b4000 	C:\WINDOWS\System32\USER32.dll
0x00007ffa7dbd0000 - 0x00007ffa7dbf1000 	C:\WINDOWS\System32\win32u.dll
0x00007ffa7ebc0000 - 0x00007ffa7ebe6000 	C:\WINDOWS\System32\GDI32.dll
0x00007ffa7e910000 - 0x00007ffa7eaa8000 	C:\WINDOWS\System32\gdi32full.dll
0x00007ffa7e0f0000 - 0x00007ffa7e18e000 	C:\WINDOWS\System32\msvcp_win.dll
0x00007ffa68c20000 - 0x00007ffa68ea4000 	C:\WINDOWS\WinSxS\amd64_microsoft.windows.common-controls_6595b64144ccf1df_6.0.18362.1734_none_9e7c63e3e45fdc87\COMCTL32.dll
0x00007ffa80580000 - 0x00007ffa8061e000 	C:\WINDOWS\System32\msvcrt.dll
0x00007ffa800d0000 - 0x00007ffa80406000 	C:\WINDOWS\System32\combase.dll
0x00007ffa7ffb0000 - 0x00007ffa800cf000 	C:\WINDOWS\System32\RPCRT4.dll
0x00007ffa7ddb0000 - 0x00007ffa7de34000 	C:\WINDOWS\System32\bcryptPrimitives.dll
0x00007ffa804a0000 - 0x00007ffa804ce000 	C:\WINDOWS\System32\IMM32.DLL
0x00007ffa5e3f0000 - 0x00007ffa5e48d000 	C:\Program Files\Android\Android Studio\jre\bin\msvcp140.dll
0x00007ffa39dd0000 - 0x00007ffa3a88c000 	C:\Program Files\Android\Android Studio\jre\bin\server\jvm.dll
0x00007ffa80970000 - 0x00007ffa80a13000 	C:\WINDOWS\System32\ADVAPI32.dll
0x00007ffa7eb00000 - 0x00007ffa7eb97000 	C:\WINDOWS\System32\sechost.dll
0x00007ffa80960000 - 0x00007ffa80968000 	C:\WINDOWS\System32\PSAPI.DLL
0x00007ffa79f10000 - 0x00007ffa79f19000 	C:\WINDOWS\SYSTEM32\WSOCK32.dll
0x00007ffa7fbc0000 - 0x00007ffa7fc2f000 	C:\WINDOWS\System32\WS2_32.dll
0x00007ffa7b4f0000 - 0x00007ffa7b514000 	C:\WINDOWS\SYSTEM32\WINMM.dll
0x00007ffa76670000 - 0x00007ffa7667a000 	C:\WINDOWS\SYSTEM32\VERSION.dll
0x00007ffa7b3c0000 - 0x00007ffa7b3ed000 	C:\WINDOWS\SYSTEM32\WINMMBASE.dll
0x00007ffa7dc00000 - 0x00007ffa7dc4a000 	C:\WINDOWS\System32\cfgmgr32.dll
0x00007ffa7d910000 - 0x00007ffa7d921000 	C:\WINDOWS\System32\kernel.appcore.dll
0x00007ffa6cfc0000 - 0x00007ffa6cfd1000 	C:\Program Files\Android\Android Studio\jre\bin\verify.dll
0x00007ffa7c0a0000 - 0x00007ffa7c294000 	C:\WINDOWS\SYSTEM32\DBGHELP.DLL
0x00007ffa79910000 - 0x00007ffa7993a000 	C:\WINDOWS\SYSTEM32\dbgcore.DLL
0x00007ffa6cf90000 - 0x00007ffa6cfb9000 	C:\Program Files\Android\Android Studio\jre\bin\java.dll
0x00007ffa77300000 - 0x00007ffa7730b000 	C:\Program Files\Android\Android Studio\jre\bin\jimage.dll
0x00007ffa6cf70000 - 0x00007ffa6cf88000 	C:\Program Files\Android\Android Studio\jre\bin\zip.dll
0x00007ffa7f4d0000 - 0x00007ffa7fbb7000 	C:\WINDOWS\System32\SHELL32.dll
0x00007ffa7f3a0000 - 0x00007ffa7f449000 	C:\WINDOWS\System32\shcore.dll
0x00007ffa7e190000 - 0x00007ffa7e90b000 	C:\WINDOWS\System32\windows.storage.dll
0x00007ffa7d9a0000 - 0x00007ffa7d9be000 	C:\WINDOWS\System32\profapi.dll
0x00007ffa7d950000 - 0x00007ffa7d99a000 	C:\WINDOWS\System32\powrprof.dll
0x00007ffa7d900000 - 0x00007ffa7d910000 	C:\WINDOWS\System32\UMPDC.dll
0x00007ffa7ff50000 - 0x00007ffa7ffa2000 	C:\WINDOWS\System32\shlwapi.dll
0x00007ffa7eab0000 - 0x00007ffa7eac7000 	C:\WINDOWS\System32\cryptsp.dll
0x00007ffa6cf50000 - 0x00007ffa6cf6a000 	C:\Program Files\Android\Android Studio\jre\bin\net.dll
0x00007ffa79650000 - 0x00007ffa79749000 	C:\WINDOWS\SYSTEM32\WINHTTP.dll
0x00007ffa7d0f0000 - 0x00007ffa7d157000 	C:\WINDOWS\system32\mswsock.dll
0x00007ffa6cf30000 - 0x00007ffa6cf44000 	C:\Program Files\Android\Android Studio\jre\bin\nio.dll
0x00007ffa629d0000 - 0x00007ffa629f7000 	C:\Users\¼ºÁöÇö\.gradle\native\8bec1ad78214c89d9ad589b4d07fe93259594b29d510b10fafb7a158f7737e5d\windows-amd64\native-platform.dll
0x00007ffa49e70000 - 0x00007ffa49fad000 	C:\Users\¼ºÁöÇö\.gradle\native\53dbd7edfb1c66fb8903c78663c9afc45aea4f116125fa6feffd364cf09443e8\windows-amd64\native-platform-file-events.dll
0x00007ffa758d0000 - 0x00007ffa758da000 	C:\Program Files\Android\Android Studio\jre\bin\management.dll
0x00007ffa75890000 - 0x00007ffa7589c000 	C:\Program Files\Android\Android Studio\jre\bin\management_ext.dll
0x00007ffa7cc70000 - 0x00007ffa7cca3000 	C:\WINDOWS\system32\rsaenh.dll
0x00007ffa7ead0000 - 0x00007ffa7eaf6000 	C:\WINDOWS\System32\bcrypt.dll
0x00007ffa7d820000 - 0x00007ffa7d845000 	C:\WINDOWS\SYSTEM32\USERENV.dll
0x00007ffa7d2c0000 - 0x00007ffa7d2cc000 	C:\WINDOWS\SYSTEM32\CRYPTBASE.dll
0x00007ffa7ce00000 - 0x00007ffa7ce3a000 	C:\WINDOWS\SYSTEM32\IPHLPAPI.DLL
0x00007ffa80490000 - 0x00007ffa80498000 	C:\WINDOWS\System32\NSI.dll
0x00007ffa70bf0000 - 0x00007ffa70c06000 	C:\WINDOWS\SYSTEM32\dhcpcsvc6.DLL
0x00007ffa70d10000 - 0x00007ffa70d2c000 	C:\WINDOWS\SYSTEM32\dhcpcsvc.DLL
0x00007ffa7ce40000 - 0x00007ffa7cf0a000 	C:\WINDOWS\SYSTEM32\DNSAPI.dll

dbghelp: loaded successfully - version: 4.0.5 - missing functions: none
symbol engine: initialized successfully - sym options: 0x614 - pdb path: .;C:\Program Files\Android\Android Studio\jre\bin;C:\WINDOWS\SYSTEM32;C:\WINDOWS\WinSxS\amd64_microsoft.windows.common-controls_6595b64144ccf1df_6.0.18362.1734_none_9e7c63e3e45fdc87;C:\Program Files\Android\Android Studio\jre\bin\server;C:\Users\¼ºÁöÇö\.gradle\native\8bec1ad78214c89d9ad589b4d07fe93259594b29d510b10fafb7a158f7737e5d\windows-am;C:\Users\¼ºÁöÇö\.gradle\native\8bec1ad78214c89d9ad589b4d07fe93259594b29d510b10fafb7a158f7737e5d\windows-amd64;C:\Users\¼ºÁöÇö\.gradle\native\53dbd7edfb1c66fb8903c78663c9afc45aea4f116125fa6feffd364cf09443e8\wind;C:\Users\¼ºÁöÇö\.gradle\native\53dbd7edfb1c66fb8903c78663c9afc45aea4f116125fa6feffd364cf09443e8\w;C:\Users\¼ºÁöÇö\.gradle\native\53dbd7edfb1c66fb8903c78663c9afc45aea4f116125fa6feffd364cf09443e;C:\Users\¼ºÁöÇö\.gradle\native\53dbd7edfb1c66fb8903c78663c9afc45aea4f116125fa6feffd364cf094

VM Arguments:
jvm_args: --add-opens=java.base/java.util=ALL-UNNAMED --add-opens=java.base/java.lang=ALL-UNNAMED --add-opens=java.base/java.lang.invoke=ALL-UNNAMED --add-opens=java.base/java.util=ALL-UNNAMED --add-opens=java.prefs/java.util.prefs=ALL-UNNAMED --add-opens=java.prefs/java.util.prefs=ALL-UNNAMED --add-opens=java.base/java.nio.charset=ALL-UNNAMED --add-opens=java.base/java.net=ALL-UNNAMED --add-opens=java.base/java.util.concurrent.atomic=ALL-UNNAMED -Xmx2048m -Dfile.encoding=UTF-8 -Duser.country=KR -Duser.language=ko -Duser.variant 
java_command: org.gradle.launcher.daemon.bootstrap.GradleDaemon 7.0.2
java_class_path (initial): C:\Users\¼ºÁöÇö\.gradle\wrapper\dists\gradle-7.0.2-bin\857tjihv64xamwrf0h14cai3r\gradle-7.0.2\lib\gradle-launcher-7.0.2.jar
Launcher Type: SUN_STANDARD

[Global flags]
     intx CICompilerCount                          = 3                                         {product} {ergonomic}
     uint ConcGCThreads                            = 1                                         {product} {ergonomic}
     uint G1ConcRefinementThreads                  = 4                                         {product} {ergonomic}
   size_t G1HeapRegionSize                         = 1048576                                   {product} {ergonomic}
    uintx GCDrainStackTargetSize                   = 64                                        {product} {ergonomic}
   size_t InitialHeapSize                          = 132120576                                 {product} {ergonomic}
   size_t MarkStackSize                            = 4194304                                   {product} {ergonomic}
   size_t MaxHeapSize                              = 2147483648                                {product} {command line}
   size_t MaxNewSize                               = 1287651328                                {product} {ergonomic}
   size_t MinHeapDeltaBytes                        = 1048576                                   {product} {ergonomic}
    uintx NonNMethodCodeHeapSize                   = 5830732                                {pd product} {ergonomic}
    uintx NonProfiledCodeHeapSize                  = 122913754                              {pd product} {ergonomic}
    uintx ProfiledCodeHeapSize                     = 122913754                              {pd product} {ergonomic}
    uintx ReservedCodeCacheSize                    = 251658240                              {pd product} {ergonomic}
     bool SegmentedCodeCache                       = true                                      {product} {ergonomic}
     bool UseCompressedClassPointers               = true                                 {lp64_product} {ergonomic}
     bool UseCompressedOops                        = true                                 {lp64_product} {ergonomic}
     bool UseG1GC                                  = true                                      {product} {ergonomic}
     bool UseLargePagesIndividualAllocation        = false                                  {pd product} {ergonomic}

Logging:
Log output configuration:
 #0: stdout all=warning uptime,level,tags
 #1: stderr all=off uptime,level,tags

Environment Variables:
JAVA_HOME=C:\Program Files\Java\jdk-15.0.2
CLASSPATH=%classpath%;.;.;.
PATH=C:\Program Files\Common Files\Oracle\Java\javapath;C:\Program Files (x86)\Common Files\Oracle\Java\javapath;C:\Python27\;C:\Python27\Scripts;C:\Program Files (x86)\Intel\Intel(R) Management Engine Components\iCLS\;C:\Program Files\Intel\Intel(R) Management Engine Components\iCLS\;C:\WINDOWS\system32;C:\WINDOWS;C:\WINDOWS\System32\Wbem;C:\WINDOWS\System32\WindowsPowerShell\v1.0\;C:\WINDOWS\System32\OpenSSH\;C:\Program Files (x86)\Intel\Intel(R) Management Engine Components\DAL;C:\Program Files\Intel\Intel(R) Management Engine Components\DAL;C:\Program Files\nodejs\;C:\ProgramData\chocolatey\bin;C:\MinGW\bin;C:\Program Files\Java\jdk-15.0.2\bin;C:\Program Files\Git\cmd;C:\Python27;C:\Users\¼ºÁöÇö\AppData\Local\Microsoft\WindowsApps;C:\Users\¼ºÁöÇö\AppData\Roaming\npm;C:\Users\¼ºÁöÇö\AppData\Local\atom\bin
USERNAME=sungjihyun
OS=Windows_NT
PROCESSOR_IDENTIFIER=Intel64 Family 6 Model 142 Stepping 11, GenuineIntel



---------------  S Y S T E M  ---------------

OS: Windows 10 , 64 bit Build 18362 (10.0.18362.1714)
OS uptime: 0 days 3:45 hours

CPU:total 4 (initial active 4) (2 cores per cpu, 2 threads per core) family 6 model 142 stepping 11, cmov, cx8, fxsr, mmx, sse, sse2, sse3, ssse3, sse4.1, sse4.2, popcnt, avx, avx2, aes, clmul, erms, 3dnowpref, lzcnt, ht, tsc, tscinvbit, bmi1, bmi2, adx, fma

Memory: 4k page, system-wide physical 7986M (1072M free)
TotalPageFile size 22532M (AvailPageFile size 250M)
current process WorkingSet (physical memory assigned to process): 510M, peak: 511M
current process commit charge ("private bytes"): 540M, peak: 545M

vm_info: OpenJDK 64-Bit Server VM (11.0.8+10-b944.6842174) for windows-amd64 JRE (11.0.8+10-b944.6842174), built on Sep 19 2020 01:11:42 by "builder" with MS VC++ 14.0 (VS2015)

END.
