#
# There is insufficient memory for the Java Runtime Environment to continue.
# Native memory allocation (mmap) failed to map 38797312 bytes for Failed to commit area from 0x000000008b700000 to 0x000000008dc00000 of length 38797312.
# Possible reasons:
#   The system is out of physical RAM or swap space
#   The process is running with CompressedOops enabled, and the Java Heap may be blocking the growth of the native heap
# Possible solutions:
#   Reduce memory load on the system
#   Increase physical memory or swap space
#   Check if swap backing store is full
#   Decrease Java heap size (-Xmx/-Xms)
#   Decrease number of Java threads
#   Decrease Java thread stack sizes (-Xss)
#   Set larger code cache with -XX:ReservedCodeCacheSize=
#   JVM is running with Unscaled Compressed Oops mode in which the Java heap is
#     placed in the first 4GB address space. The Java Heap base address is the
#     maximum limit for the native heap growth. Please use -XX:HeapBaseMinAddress
#     to set the Java Heap base and to place the Java Heap above 4GB virtual address.
# This output file may be truncated or incomplete.
#
#  Out of Memory Error (./src/hotspot/os/windows/os_windows.cpp:3303), pid=12356, tid=5044
#
# JRE version: OpenJDK Runtime Environment (11.0.8+10) (build 11.0.8+10-b944.6842174)
# Java VM: OpenJDK 64-Bit Server VM (11.0.8+10-b944.6842174, mixed mode, tiered, compressed oops, g1 gc, windows-amd64)
# No core dump will be written. Minidumps are not enabled by default on client versions of Windows
#

---------------  S U M M A R Y ------------

Command Line: --add-opens=java.base/java.util=ALL-UNNAMED --add-opens=java.base/java.lang=ALL-UNNAMED --add-opens=java.base/java.lang.invoke=ALL-UNNAMED --add-opens=java.base/java.util=ALL-UNNAMED --add-opens=java.prefs/java.util.prefs=ALL-UNNAMED --add-opens=java.prefs/java.util.prefs=ALL-UNNAMED --add-opens=java.base/java.nio.charset=ALL-UNNAMED --add-opens=java.base/java.net=ALL-UNNAMED --add-opens=java.base/java.util.concurrent.atomic=ALL-UNNAMED -Xmx2048m -Dfile.encoding=UTF-8 -Duser.country=KR -Duser.language=ko -Duser.variant org.gradle.launcher.daemon.bootstrap.GradleDaemon 7.0.2

Host: Intel(R) Core(TM) i3-8145U CPU @ 2.10GHz, 4 cores, 7G,  Windows 10 , 64 bit Build 18362 (10.0.18362.1714)
Time: Sat Aug 14 16:31:33 2021 ¢¥eCN©öI¡¾©ö C¡ÍA¨ª¨öA elapsed time: 23 seconds (0d 0h 0m 23s)

---------------  T H R E A D  ---------------

Current thread (0x0000020e135fd000):  VMThread "VM Thread" [stack: 0x000000af04d00000,0x000000af04e00000] [id=5044]

Stack: [0x000000af04d00000,0x000000af04e00000]
[error occurred during error reporting (printing stack bounds), id 0xc0000005, EXCEPTION_ACCESS_VIOLATION (0xc0000005) at pc=0x0000020e00000dad]

Native frames: (J=compiled Java code, j=interpreted, Vv=VM code, C=native code)
V  [jvm.dll+0x5de50a]
V  [jvm.dll+0x7122f5]
V  [jvm.dll+0x71384d]
V  [jvm.dll+0x713e65]
V  [jvm.dll+0x713e1b]
V  [jvm.dll+0x5dd958]
V  [jvm.dll+0x5de0f8]
C  [ntdll.dll+0xa1fff]
C  [ntdll.dll+0x6aad9]
C  [ntdll.dll+0xa0c6e]
C  0x0000020e00000dad

VM_Operation (0x000000af078fd170): G1CollectForAllocation, mode: safepoint, requested by thread 0x0000020e17560000


---------------  P R O C E S S  ---------------

Threads class SMR info:
_java_thread_list=0x0000020e1a4452a0, length=50, elements={
0x0000020e77bfb800, 0x0000020e13601800, 0x0000020e13602800, 0x0000020e1361f800,
0x0000020e13621000, 0x0000020e13624000, 0x0000020e13632800, 0x0000020e1363c000,
0x0000020e1406e000, 0x0000020e14074000, 0x0000020e15618000, 0x0000020e15a98800,
0x0000020e14daf800, 0x0000020e1578f000, 0x0000020e15346000, 0x0000020e16a5c000,
0x0000020e1551c000, 0x0000020e16025800, 0x0000020e14ec7800, 0x0000020e16589800,
0x0000020e1669b000, 0x0000020e16696000, 0x0000020e16698800, 0x0000020e1669c000,
0x0000020e16697000, 0x0000020e1669a800, 0x0000020e1669d000, 0x0000020e16699800,
0x0000020e17558000, 0x0000020e1755c000, 0x0000020e17559800, 0x0000020e1755a800,
0x0000020e17557800, 0x0000020e17556800, 0x0000020e1755e800, 0x0000020e1755e000,
0x0000020e17562800, 0x0000020e1755f800, 0x0000020e17560000, 0x0000020e17561000,
0x0000020e17562000, 0x0000020e1755d000, 0x0000020e17564800, 0x0000020e17565000,
0x0000020e16698000, 0x0000020e14fb7800, 0x0000020e14fb7000, 0x0000020e14fb4800,
0x0000020e14fb6000, 0x0000020e14fb5800
}

Java Threads: ( => current thread )
  0x0000020e77bfb800 JavaThread "main" [_thread_blocked, id=17688, stack(0x000000af04700000,0x000000af04800000)]
  0x0000020e13601800 JavaThread "Reference Handler" daemon [_thread_blocked, id=18660, stack(0x000000af04e00000,0x000000af04f00000)]
  0x0000020e13602800 JavaThread "Finalizer" daemon [_thread_blocked, id=14144, stack(0x000000af04f00000,0x000000af05000000)]
  0x0000020e1361f800 JavaThread "Signal Dispatcher" daemon [_thread_blocked, id=14360, stack(0x000000af05000000,0x000000af05100000)]
  0x0000020e13621000 JavaThread "Attach Listener" daemon [_thread_blocked, id=5880, stack(0x000000af05100000,0x000000af05200000)]
  0x0000020e13624000 JavaThread "C2 CompilerThread0" daemon [_thread_blocked, id=19464, stack(0x000000af05200000,0x000000af05300000)]
  0x0000020e13632800 JavaThread "C1 CompilerThread0" daemon [_thread_blocked, id=19724, stack(0x000000af05300000,0x000000af05400000)]
  0x0000020e1363c000 JavaThread "Sweeper thread" daemon [_thread_blocked, id=16996, stack(0x000000af05400000,0x000000af05500000)]
  0x0000020e1406e000 JavaThread "Common-Cleaner" daemon [_thread_blocked, id=6092, stack(0x000000af05500000,0x000000af05600000)]
  0x0000020e14074000 JavaThread "Service Thread" daemon [_thread_blocked, id=19348, stack(0x000000af05600000,0x000000af05700000)]
  0x0000020e15618000 JavaThread "Daemon health stats" [_thread_blocked, id=1872, stack(0x000000af05b00000,0x000000af05c00000)]
  0x0000020e15a98800 JavaThread "Incoming local TCP Connector on port 57291" [_thread_in_native, id=14836, stack(0x000000af05800000,0x000000af05900000)]
  0x0000020e14daf800 JavaThread "Daemon periodic checks" [_thread_blocked, id=13172, stack(0x000000af05c00000,0x000000af05d00000)]
  0x0000020e1578f000 JavaThread "Daemon" [_thread_blocked, id=19504, stack(0x000000af05d00000,0x000000af05e00000)]
  0x0000020e15346000 JavaThread "Handler for socket connection from /127.0.0.1:57291 to /127.0.0.1:57292" [_thread_in_native, id=1852, stack(0x000000af05e00000,0x000000af05f00000)]
  0x0000020e16a5c000 JavaThread "Cancel handler" [_thread_blocked, id=6152, stack(0x000000af05f00000,0x000000af06000000)]
  0x0000020e1551c000 JavaThread "Daemon worker" [_thread_blocked, id=14924, stack(0x000000af06000000,0x000000af06100000)]
  0x0000020e16025800 JavaThread "Asynchronous log dispatcher for DefaultDaemonConnection: socket connection from /127.0.0.1:57291 to /127.0.0.1:57292" [_thread_blocked, id=7556, stack(0x000000af06100000,0x000000af06200000)]
  0x0000020e14ec7800 JavaThread "Stdin handler" [_thread_blocked, id=20256, stack(0x000000af06200000,0x000000af06300000)]
  0x0000020e16589800 JavaThread "Daemon client event forwarder" [_thread_blocked, id=15220, stack(0x000000af06300000,0x000000af06400000)]
  0x0000020e1669b000 JavaThread "Cache worker for file hash cache (C:\Users\ì„±ì§€í˜„\.gradle\caches\7.0.2\fileHashes)" [_thread_blocked, id=11028, stack(0x000000af06500000,0x000000af06600000)]
  0x0000020e16696000 JavaThread "File lock request listener" [_thread_in_native, id=19980, stack(0x000000af06600000,0x000000af06700000)]
  0x0000020e16698800 JavaThread "Cache worker for journal cache (C:\Users\ì„±ì§€í˜„\.gradle\caches\journal-1)" [_thread_blocked, id=7256, stack(0x000000af06700000,0x000000af06800000)]
  0x0000020e1669c000 JavaThread "Cache worker for file hash cache (C:\android-sdk\Woddy\.gradle\7.0.2\fileHashes)" [_thread_blocked, id=20000, stack(0x000000af06800000,0x000000af06900000)]
  0x0000020e16697000 JavaThread "File watcher server" daemon [_thread_blocked, id=18664, stack(0x000000af06900000,0x000000af06a00000)]
  0x0000020e1669a800 JavaThread "File watcher consumer" daemon [_thread_blocked, id=14504, stack(0x000000af06a00000,0x000000af06b00000)]
  0x0000020e1669d000 JavaThread "Cache worker for checksums cache (C:\android-sdk\Woddy\.gradle\checksums)" [_thread_blocked, id=16616, stack(0x000000af06b00000,0x000000af06c00000)]
  0x0000020e16699800 JavaThread "Cache worker for cache directory md-supplier (C:\Users\ì„±ì§€í˜„\.gradle\caches\7.0.2\md-supplier)" [_thread_blocked, id=15820, stack(0x000000af06c00000,0x000000af06d00000)]
  0x0000020e17558000 JavaThread "Cache worker for cache directory md-rule (C:\Users\ì„±ì§€í˜„\.gradle\caches\7.0.2\md-rule)" [_thread_blocked, id=20220, stack(0x000000af06e00000,0x000000af06f00000)]
  0x0000020e1755c000 JavaThread "Cache worker for execution history cache (C:\Users\ì„±ì§€í˜„\.gradle\caches\7.0.2\executionHistory)" [_thread_blocked, id=6488, stack(0x000000af06f00000,0x000000af07000000)]
  0x0000020e17559800 JavaThread "jar transforms" [_thread_blocked, id=14384, stack(0x000000af07000000,0x000000af07100000)]
  0x0000020e1755a800 JavaThread "jar transforms Thread 2" [_thread_blocked, id=2044, stack(0x000000af07100000,0x000000af07200000)]
  0x0000020e17557800 JavaThread "Cache worker for file content cache (C:\Users\ì„±ì§€í˜„\.gradle\caches\7.0.2\fileContent)" [_thread_blocked, id=244, stack(0x000000af07200000,0x000000af07300000)]
  0x0000020e17556800 JavaThread "Cache worker for dependencies-accessors (C:\android-sdk\Woddy\.gradle\7.0.2\dependencies-accessors)" [_thread_blocked, id=8332, stack(0x000000af07300000,0x000000af07400000)]
  0x0000020e1755e800 JavaThread "jar transforms Thread 3" [_thread_blocked, id=15088, stack(0x000000af07400000,0x000000af07500000)]
  0x0000020e1755e000 JavaThread "Cache worker for Build Output Cleanup Cache (C:\android-sdk\Woddy\.gradle\buildOutputCleanup)" [_thread_blocked, id=8112, stack(0x000000af07500000,0x000000af07600000)]
  0x0000020e17562800 JavaThread "Build operations" [_thread_blocked, id=17592, stack(0x000000af07600000,0x000000af07700000)]
  0x0000020e1755f800 JavaThread "Build operations Thread 2" [_thread_blocked, id=12596, stack(0x000000af07700000,0x000000af07800000)]
  0x0000020e17560000 JavaThread "Build operations Thread 3" [_thread_blocked, id=940, stack(0x000000af07800000,0x000000af07900000)]
  0x0000020e17561000 JavaThread "Build operations Thread 4" [_thread_blocked, id=936, stack(0x000000af07900000,0x000000af07a00000)]
  0x0000020e17562000 JavaThread "jar transforms Thread 4" [_thread_blocked, id=20012, stack(0x000000af07a00000,0x000000af07b00000)]
  0x0000020e1755d000 JavaThread "Memory manager" [_thread_blocked, id=20264, stack(0x000000af07b00000,0x000000af07c00000)]
  0x0000020e17564800 JavaThread "build event listener" [_thread_blocked, id=19436, stack(0x000000af07c00000,0x000000af07d00000)]
  0x0000020e17565000 JavaThread "pool-3-thread-1" [_thread_blocked, id=12180, stack(0x000000af07d00000,0x000000af07e00000)]
  0x0000020e16698000 JavaThread "build event listener" [_thread_blocked, id=18100, stack(0x000000af07e00000,0x000000af07f00000)]
  0x0000020e14fb7800 JavaThread "Execution worker for ':'" [_thread_blocked, id=1880, stack(0x000000af07f00000,0x000000af08000000)]
  0x0000020e14fb7000 JavaThread "Execution worker for ':' Thread 2" [_thread_blocked, id=16504, stack(0x000000af08000000,0x000000af08100000)]
  0x0000020e14fb4800 JavaThread "Execution worker for ':' Thread 3" [_thread_blocked, id=10720, stack(0x000000af08100000,0x000000af08200000)]
  0x0000020e14fb6000 JavaThread "Cache worker for execution history cache (C:\android-sdk\Woddy\.gradle\7.0.2\executionHistory)" [_thread_blocked, id=19088, stack(0x000000af08200000,0x000000af08300000)]
  0x0000020e14fb5800 JavaThread "C2 CompilerThread1" daemon [_thread_blocked, id=12880, stack(0x000000af06d00000,0x000000af06e00000)]

Other Threads:
=>0x0000020e135fd000 VMThread "VM Thread" [stack: 0x000000af04d00000,0x000000af04e00000] [id=5044]
  0x0000020e14085000 WatcherThread [stack: 0x000000af05700000,0x000000af05800000] [id=12600]
  0x0000020e77c15000 GCTaskThread "GC Thread#0" [stack: 0x000000af04800000,0x000000af04900000] [id=4492]
  0x0000020e14317000 GCTaskThread "GC Thread#1" [stack: 0x000000af05900000,0x000000af05a00000] [id=1684]
  0x0000020e144e6800 GCTaskThread "GC Thread#2" [stack: 0x000000af05a00000,0x000000af05b00000] [id=18476]
  0x0000020e161d7800 GCTaskThread "GC Thread#3" [stack: 0x000000af06400000,0x000000af06500000] [id=13712]
  0x0000020e77c44800 ConcurrentGCThread "G1 Main Marker" [stack: 0x000000af04900000,0x000000af04a00000] [id=19340]
  0x0000020e77c46000 ConcurrentGCThread "G1 Conc#0" [stack: 0x000000af04a00000,0x000000af04b00000] [id=15084]
  0x0000020e13450800 ConcurrentGCThread "G1 Refine#0" [stack: 0x000000af04b00000,0x000000af04c00000] [id=5844]
  0x0000020e13451800 ConcurrentGCThread "G1 Young RemSet Sampling" [stack: 0x000000af04c00000,0x000000af04d00000] [id=19644]

Threads with active compile tasks:
C2 CompilerThread0  23874 9477       4       org.gradle.tooling.internal.provider.runner.SubtreeFilteringBuildOperationListener::finished (72 bytes)
C2 CompilerThread1  23874 9466       4       org.gradle.internal.fingerprint.classpath.impl.ClasspathFingerprintingStrategy$ClasspathFingerprintingVisitor::access$100 (7 bytes)

VM state:at safepoint (normal execution)

VM Mutex/Monitor currently owned by a thread:  ([mutex/lock_event])
[0x0000020e77befc40] Threads_lock - owner thread: 0x0000020e135fd000
[0x0000020e77bfa050] Heap_lock - owner thread: 0x0000020e17560000

Heap address: 0x0000000080000000, size: 2048 MB, Compressed Oops mode: 32-bit
Narrow klass base: 0x0000000000000000, Narrow klass shift: 3
Compressed class space size: 1073741824 Address: 0x0000000100000000

Heap:
 garbage-first heap   total 225280K, used 72506K [0x0000000080000000, 0x0000000100000000)
  region size 1024K, 9 young (9216K), 9 survivors (9216K)
 Metaspace       used 80284K, capacity 82343K, committed 82636K, reserved 1120256K
  class space    used 10356K, capacity 11113K, committed 11212K, reserved 1048576K
Heap Regions: E=young(eden), S=young(survivor), O=old, HS=humongous(starts), HC=humongous(continues), CS=collection set, F=free, A=archive, TAMS=top-at-mark-start (previous, next)
|   0|0x0000000080000000, 0x0000000080100000, 0x0000000080100000|100%|HS|  |TAMS 0x0000000080100000, 0x0000000080000000| Complete 
|   1|0x0000000080100000, 0x0000000080200000, 0x0000000080200000|100%|HC|  |TAMS 0x0000000080200000, 0x0000000080100000| Complete 
|   2|0x0000000080200000, 0x0000000080300000, 0x0000000080300000|100%|HC|  |TAMS 0x0000000080300000, 0x0000000080200000| Complete 
|   3|0x0000000080300000, 0x0000000080400000, 0x0000000080400000|100%| O|  |TAMS 0x0000000080400000, 0x0000000080300000| Untracked 
|   4|0x0000000080400000, 0x0000000080500000, 0x0000000080500000|100%| O|  |TAMS 0x0000000080500000, 0x0000000080400000| Untracked 
|   5|0x0000000080500000, 0x0000000080600000, 0x0000000080600000|100%| O|  |TAMS 0x0000000080600000, 0x0000000080500000| Untracked 
|   6|0x0000000080600000, 0x0000000080700000, 0x0000000080700000|100%| O|  |TAMS 0x0000000080700000, 0x0000000080600000| Untracked 
|   7|0x0000000080700000, 0x0000000080800000, 0x0000000080800000|100%| O|  |TAMS 0x0000000080800000, 0x0000000080700000| Untracked 
|   8|0x0000000080800000, 0x0000000080900000, 0x0000000080900000|100%| O|  |TAMS 0x0000000080900000, 0x0000000080800000| Untracked 
|   9|0x0000000080900000, 0x0000000080a00000, 0x0000000080a00000|100%| O|  |TAMS 0x0000000080a00000, 0x0000000080900000| Untracked 
|  10|0x0000000080a00000, 0x0000000080b00000, 0x0000000080b00000|100%| O|  |TAMS 0x0000000080b00000, 0x0000000080a00000| Untracked 
|  11|0x0000000080b00000, 0x0000000080c00000, 0x0000000080c00000|100%| O|  |TAMS 0x0000000080c00000, 0x0000000080b00000| Untracked 
|  12|0x0000000080c00000, 0x0000000080d00000, 0x0000000080d00000|100%| O|  |TAMS 0x0000000080d00000, 0x0000000080c00000| Untracked 
|  13|0x0000000080d00000, 0x0000000080e00000, 0x0000000080e00000|100%| O|  |TAMS 0x0000000080e00000, 0x0000000080d00000| Untracked 
|  14|0x0000000080e00000, 0x0000000080f00000, 0x0000000080f00000|100%| O|  |TAMS 0x0000000080f00000, 0x0000000080e00000| Untracked 
|  15|0x0000000080f00000, 0x0000000081000000, 0x0000000081000000|100%| O|  |TAMS 0x0000000081000000, 0x0000000080f00000| Untracked 
|  16|0x0000000081000000, 0x0000000081100000, 0x0000000081100000|100%| O|  |TAMS 0x0000000081100000, 0x0000000081000000| Untracked 
|  17|0x0000000081100000, 0x0000000081200000, 0x0000000081200000|100%|HS|  |TAMS 0x0000000081200000, 0x0000000081100000| Complete 
|  18|0x0000000081200000, 0x0000000081300000, 0x0000000081300000|100%| O|  |TAMS 0x0000000081300000, 0x0000000081200000| Untracked 
|  19|0x0000000081300000, 0x0000000081400000, 0x0000000081400000|100%| O|  |TAMS 0x0000000081400000, 0x0000000081300000| Untracked 
|  20|0x0000000081400000, 0x0000000081500000, 0x0000000081500000|100%| O|  |TAMS 0x0000000081500000, 0x0000000081400000| Untracked 
|  21|0x0000000081500000, 0x0000000081600000, 0x0000000081600000|100%| O|  |TAMS 0x0000000081600000, 0x0000000081500000| Untracked 
|  22|0x0000000081600000, 0x0000000081700000, 0x0000000081700000|100%| O|  |TAMS 0x0000000081700000, 0x0000000081600000| Untracked 
|  23|0x0000000081700000, 0x0000000081800000, 0x0000000081800000|100%|HS|  |TAMS 0x0000000081800000, 0x0000000081700000| Complete 
|  24|0x0000000081800000, 0x0000000081900000, 0x0000000081900000|100%|HC|  |TAMS 0x0000000081900000, 0x0000000081800000| Complete 
|  25|0x0000000081900000, 0x0000000081a00000, 0x0000000081a00000|100%| O|  |TAMS 0x0000000081a00000, 0x0000000081900000| Untracked 
|  26|0x0000000081a00000, 0x0000000081b00000, 0x0000000081b00000|100%| O|  |TAMS 0x0000000081b00000, 0x0000000081a00000| Untracked 
|  27|0x0000000081b00000, 0x0000000081c00000, 0x0000000081c00000|100%| O|  |TAMS 0x0000000081c00000, 0x0000000081b00000| Untracked 
|  28|0x0000000081c00000, 0x0000000081d00000, 0x0000000081d00000|100%| O|  |TAMS 0x0000000081d00000, 0x0000000081c00000| Untracked 
|  29|0x0000000081d00000, 0x0000000081e00000, 0x0000000081e00000|100%| O|  |TAMS 0x0000000081e00000, 0x0000000081d00000| Untracked 
|  30|0x0000000081e00000, 0x0000000081f00000, 0x0000000081f00000|100%| O|  |TAMS 0x0000000081f00000, 0x0000000081e00000| Untracked 
|  31|0x0000000081f00000, 0x0000000082000000, 0x0000000082000000|100%| O|  |TAMS 0x0000000082000000, 0x0000000081f00000| Untracked 
|  32|0x0000000082000000, 0x0000000082100000, 0x0000000082100000|100%| O|  |TAMS 0x0000000082100000, 0x0000000082000000| Untracked 
|  33|0x0000000082100000, 0x0000000082200000, 0x0000000082200000|100%| O|  |TAMS 0x0000000082200000, 0x0000000082100000| Untracked 
|  34|0x0000000082200000, 0x0000000082300000, 0x0000000082300000|100%| O|  |TAMS 0x0000000082300000, 0x0000000082200000| Untracked 
|  35|0x0000000082300000, 0x0000000082400000, 0x0000000082400000|100%| O|  |TAMS 0x0000000082400000, 0x0000000082300000| Untracked 
|  36|0x0000000082400000, 0x0000000082500000, 0x0000000082500000|100%| O|  |TAMS 0x0000000082500000, 0x0000000082400000| Untracked 
|  37|0x0000000082500000, 0x0000000082600000, 0x0000000082600000|100%| O|  |TAMS 0x0000000082600000, 0x0000000082500000| Untracked 
|  38|0x0000000082600000, 0x0000000082700000, 0x0000000082700000|100%| O|  |TAMS 0x0000000082700000, 0x0000000082600000| Untracked 
|  39|0x0000000082700000, 0x0000000082800000, 0x0000000082800000|100%| O|  |TAMS 0x0000000082800000, 0x0000000082700000| Untracked 
|  40|0x0000000082800000, 0x0000000082900000, 0x0000000082900000|100%| O|  |TAMS 0x000000008287c000, 0x0000000082800000| Untracked 
|  41|0x0000000082900000, 0x0000000082a00000, 0x0000000082a00000|100%| O|  |TAMS 0x0000000082900000, 0x0000000082900000| Untracked 
|  42|0x0000000082a00000, 0x0000000082b00000, 0x0000000082b00000|100%| O|  |TAMS 0x0000000082a00000, 0x0000000082a00000| Untracked 
|  43|0x0000000082b00000, 0x0000000082c00000, 0x0000000082c00000|100%| O|  |TAMS 0x0000000082b00000, 0x0000000082b00000| Untracked 
|  44|0x0000000082c00000, 0x0000000082d00000, 0x0000000082d00000|100%| O|  |TAMS 0x0000000082c00000, 0x0000000082c00000| Untracked 
|  45|0x0000000082d00000, 0x0000000082e00000, 0x0000000082e00000|100%| O|  |TAMS 0x0000000082d00000, 0x0000000082d00000| Untracked 
|  46|0x0000000082e00000, 0x0000000082f00000, 0x0000000082f00000|100%| O|  |TAMS 0x0000000082e00000, 0x0000000082e00000| Untracked 
|  47|0x0000000082f00000, 0x0000000083000000, 0x0000000083000000|100%| O|  |TAMS 0x0000000082f00000, 0x0000000082f00000| Untracked 
|  48|0x0000000083000000, 0x0000000083100000, 0x0000000083100000|100%| O|  |TAMS 0x0000000083000000, 0x0000000083000000| Untracked 
|  49|0x0000000083100000, 0x0000000083200000, 0x0000000083200000|100%| O|  |TAMS 0x0000000083100000, 0x0000000083100000| Untracked 
|  50|0x0000000083200000, 0x0000000083300000, 0x0000000083300000|100%| O|  |TAMS 0x0000000083200000, 0x0000000083200000| Untracked 
|  51|0x0000000083300000, 0x0000000083400000, 0x0000000083400000|100%| O|  |TAMS 0x0000000083300000, 0x0000000083300000| Untracked 
|  52|0x0000000083400000, 0x0000000083500000, 0x0000000083500000|100%| O|  |TAMS 0x0000000083400000, 0x0000000083400000| Untracked 
|  53|0x0000000083500000, 0x0000000083600000, 0x0000000083600000|100%| O|  |TAMS 0x0000000083500000, 0x0000000083500000| Untracked 
|  54|0x0000000083600000, 0x0000000083700000, 0x0000000083700000|100%| O|  |TAMS 0x0000000083600000, 0x0000000083600000| Untracked 
|  55|0x0000000083700000, 0x0000000083800000, 0x0000000083800000|100%| O|  |TAMS 0x0000000083700000, 0x0000000083700000| Untracked 
|  56|0x0000000083800000, 0x0000000083900000, 0x0000000083900000|100%| O|  |TAMS 0x0000000083800000, 0x0000000083800000| Untracked 
|  57|0x0000000083900000, 0x0000000083a00000, 0x0000000083a00000|100%| O|  |TAMS 0x0000000083900000, 0x0000000083900000| Untracked 
|  58|0x0000000083a00000, 0x0000000083b00000, 0x0000000083b00000|100%| O|  |TAMS 0x0000000083a00000, 0x0000000083a00000| Untracked 
|  59|0x0000000083b00000, 0x0000000083c00000, 0x0000000083c00000|100%| O|  |TAMS 0x0000000083b00000, 0x0000000083b00000| Untracked 
|  60|0x0000000083c00000, 0x0000000083d00000, 0x0000000083d00000|100%| O|  |TAMS 0x0000000083c00000, 0x0000000083c00000| Untracked 
|  61|0x0000000083d00000, 0x0000000083dd8400, 0x0000000083e00000| 84%| O|  |TAMS 0x0000000083d00000, 0x0000000083d00000| Untracked 
|  62|0x0000000083e00000, 0x0000000083e00000, 0x0000000083f00000|  0%| F|  |TAMS 0x0000000083e00000, 0x0000000083e00000| Untracked 
|  63|0x0000000083f00000, 0x0000000083f00000, 0x0000000084000000|  0%| F|  |TAMS 0x0000000083f00000, 0x0000000083f00000| Untracked 
|  64|0x0000000084000000, 0x0000000084000000, 0x0000000084100000|  0%| F|  |TAMS 0x0000000084000000, 0x0000000084000000| Untracked 
|  65|0x0000000084100000, 0x0000000084100000, 0x0000000084200000|  0%| F|  |TAMS 0x0000000084100000, 0x0000000084100000| Untracked 
|  66|0x0000000084200000, 0x0000000084200000, 0x0000000084300000|  0%| F|  |TAMS 0x0000000084200000, 0x0000000084200000| Untracked 
|  67|0x0000000084300000, 0x0000000084300000, 0x0000000084400000|  0%| F|  |TAMS 0x0000000084300000, 0x0000000084300000| Untracked 
|  68|0x0000000084400000, 0x0000000084400000, 0x0000000084500000|  0%| F|  |TAMS 0x0000000084400000, 0x0000000084400000| Untracked 
|  69|0x0000000084500000, 0x0000000084500000, 0x0000000084600000|  0%| F|  |TAMS 0x0000000084500000, 0x0000000084500000| Untracked 
|  70|0x0000000084600000, 0x0000000084600000, 0x0000000084700000|  0%| F|  |TAMS 0x0000000084600000, 0x0000000084600000| Untracked 
|  71|0x0000000084700000, 0x0000000084700000, 0x0000000084800000|  0%| F|  |TAMS 0x0000000084700000, 0x0000000084700000| Untracked 
|  72|0x0000000084800000, 0x0000000084800000, 0x0000000084900000|  0%| F|  |TAMS 0x0000000084800000, 0x0000000084800000| Untracked 
|  73|0x0000000084900000, 0x0000000084900000, 0x0000000084a00000|  0%| F|  |TAMS 0x0000000084900000, 0x0000000084900000| Untracked 
|  74|0x0000000084a00000, 0x0000000084a00000, 0x0000000084b00000|  0%| F|  |TAMS 0x0000000084a00000, 0x0000000084a00000| Untracked 
|  75|0x0000000084b00000, 0x0000000084b00000, 0x0000000084c00000|  0%| F|  |TAMS 0x0000000084b00000, 0x0000000084b00000| Untracked 
|  76|0x0000000084c00000, 0x0000000084c00000, 0x0000000084d00000|  0%| F|  |TAMS 0x0000000084c00000, 0x0000000084c00000| Untracked 
|  77|0x0000000084d00000, 0x0000000084d00000, 0x0000000084e00000|  0%| F|  |TAMS 0x0000000084d00000, 0x0000000084d00000| Untracked 
|  78|0x0000000084e00000, 0x0000000084e00000, 0x0000000084f00000|  0%| F|  |TAMS 0x0000000084e00000, 0x0000000084e00000| Untracked 
|  79|0x0000000084f00000, 0x0000000084f00000, 0x0000000085000000|  0%| F|  |TAMS 0x0000000084f00000, 0x0000000084f00000| Untracked 
|  80|0x0000000085000000, 0x0000000085000000, 0x0000000085100000|  0%| F|  |TAMS 0x0000000085000000, 0x0000000085000000| Untracked 
|  81|0x0000000085100000, 0x0000000085100000, 0x0000000085200000|  0%| F|  |TAMS 0x0000000085100000, 0x0000000085100000| Untracked 
|  82|0x0000000085200000, 0x0000000085200000, 0x0000000085300000|  0%| F|  |TAMS 0x0000000085200000, 0x0000000085200000| Untracked 
|  83|0x0000000085300000, 0x0000000085300000, 0x0000000085400000|  0%| F|  |TAMS 0x0000000085300000, 0x0000000085300000| Untracked 
|  84|0x0000000085400000, 0x0000000085400000, 0x0000000085500000|  0%| F|  |TAMS 0x0000000085400000, 0x0000000085400000| Untracked 
|  85|0x0000000085500000, 0x0000000085500000, 0x0000000085600000|  0%| F|  |TAMS 0x0000000085500000, 0x0000000085500000| Untracked 
|  86|0x0000000085600000, 0x0000000085600000, 0x0000000085700000|  0%| F|  |TAMS 0x0000000085600000, 0x0000000085600000| Untracked 
|  87|0x0000000085700000, 0x0000000085700000, 0x0000000085800000|  0%| F|  |TAMS 0x0000000085700000, 0x0000000085700000| Untracked 
|  88|0x0000000085800000, 0x0000000085800000, 0x0000000085900000|  0%| F|  |TAMS 0x0000000085800000, 0x0000000085800000| Untracked 
|  89|0x0000000085900000, 0x0000000085900000, 0x0000000085a00000|  0%| F|  |TAMS 0x0000000085900000, 0x0000000085900000| Untracked 
|  90|0x0000000085a00000, 0x0000000085a00000, 0x0000000085b00000|  0%| F|  |TAMS 0x0000000085a00000, 0x0000000085a00000| Untracked 
|  91|0x0000000085b00000, 0x0000000085b00000, 0x0000000085c00000|  0%| F|  |TAMS 0x0000000085b00000, 0x0000000085b00000| Untracked 
|  92|0x0000000085c00000, 0x0000000085c00000, 0x0000000085d00000|  0%| F|  |TAMS 0x0000000085c00000, 0x0000000085c00000| Untracked 
|  93|0x0000000085d00000, 0x0000000085d00000, 0x0000000085e00000|  0%| F|  |TAMS 0x0000000085d00000, 0x0000000085d00000| Untracked 
|  94|0x0000000085e00000, 0x0000000085e00000, 0x0000000085f00000|  0%| F|  |TAMS 0x0000000085e00000, 0x0000000085e00000| Untracked 
|  95|0x0000000085f00000, 0x0000000085f00000, 0x0000000086000000|  0%| F|  |TAMS 0x0000000085f00000, 0x0000000085f00000| Untracked 
|  96|0x0000000086000000, 0x0000000086000000, 0x0000000086100000|  0%| F|  |TAMS 0x0000000086000000, 0x0000000086000000| Untracked 
|  97|0x0000000086100000, 0x0000000086100000, 0x0000000086200000|  0%| F|  |TAMS 0x0000000086100000, 0x0000000086100000| Untracked 
|  98|0x0000000086200000, 0x0000000086200000, 0x0000000086300000|  0%| F|  |TAMS 0x0000000086200000, 0x0000000086200000| Untracked 
|  99|0x0000000086300000, 0x0000000086300000, 0x0000000086400000|  0%| F|  |TAMS 0x0000000086300000, 0x0000000086300000| Untracked 
| 100|0x0000000086400000, 0x0000000086400000, 0x0000000086500000|  0%| F|  |TAMS 0x0000000086400000, 0x0000000086400000| Untracked 
| 101|0x0000000086500000, 0x0000000086500000, 0x0000000086600000|  0%| F|  |TAMS 0x0000000086500000, 0x0000000086500000| Untracked 
| 102|0x0000000086600000, 0x00000000866f65c0, 0x0000000086700000| 96%| S|CS|TAMS 0x0000000086600000, 0x0000000086600000| Complete 
| 103|0x0000000086700000, 0x0000000086800000, 0x0000000086800000|100%| S|CS|TAMS 0x0000000086700000, 0x0000000086700000| Complete 
| 104|0x0000000086800000, 0x0000000086900000, 0x0000000086900000|100%| S|CS|TAMS 0x0000000086800000, 0x0000000086800000| Complete 
| 105|0x0000000086900000, 0x0000000086a00000, 0x0000000086a00000|100%| S|CS|TAMS 0x0000000086900000, 0x0000000086900000| Complete 
| 106|0x0000000086a00000, 0x0000000086b00000, 0x0000000086b00000|100%| S|CS|TAMS 0x0000000086a00000, 0x0000000086a00000| Complete 
| 107|0x0000000086b00000, 0x0000000086c00000, 0x0000000086c00000|100%| S|CS|TAMS 0x0000000086b00000, 0x0000000086b00000| Complete 
| 108|0x0000000086c00000, 0x0000000086d00000, 0x0000000086d00000|100%| S|CS|TAMS 0x0000000086c00000, 0x0000000086c00000| Complete 
| 109|0x0000000086d00000, 0x0000000086e00000, 0x0000000086e00000|100%| S|CS|TAMS 0x0000000086d00000, 0x0000000086d00000| Complete 
| 110|0x0000000086e00000, 0x0000000086f00000, 0x0000000086f00000|100%| S|CS|TAMS 0x0000000086e00000, 0x0000000086e00000| Complete 
| 111|0x0000000086f00000, 0x0000000086f00000, 0x0000000087000000|  0%| F|  |TAMS 0x0000000086f00000, 0x0000000086f00000| Untracked 
| 112|0x0000000087000000, 0x0000000087000000, 0x0000000087100000|  0%| F|  |TAMS 0x0000000087000000, 0x0000000087000000| Untracked 
| 113|0x0000000087100000, 0x0000000087100000, 0x0000000087200000|  0%| F|  |TAMS 0x0000000087100000, 0x0000000087100000| Untracked 
| 114|0x0000000087200000, 0x0000000087200000, 0x0000000087300000|  0%| F|  |TAMS 0x0000000087200000, 0x0000000087200000| Untracked 
| 115|0x0000000087300000, 0x0000000087300000, 0x0000000087400000|  0%| F|  |TAMS 0x0000000087300000, 0x0000000087300000| Untracked 
| 116|0x0000000087400000, 0x0000000087400000, 0x0000000087500000|  0%| F|  |TAMS 0x0000000087400000, 0x0000000087400000| Untracked 
| 117|0x0000000087500000, 0x0000000087500000, 0x0000000087600000|  0%| F|  |TAMS 0x0000000087500000, 0x0000000087500000| Untracked 
| 118|0x0000000087600000, 0x0000000087600000, 0x0000000087700000|  0%| F|  |TAMS 0x0000000087600000, 0x0000000087600000| Untracked 
| 119|0x0000000087700000, 0x0000000087700000, 0x0000000087800000|  0%| F|  |TAMS 0x0000000087700000, 0x0000000087700000| Untracked 
| 120|0x0000000087800000, 0x0000000087800000, 0x0000000087900000|  0%| F|  |TAMS 0x0000000087800000, 0x0000000087800000| Untracked 
| 121|0x0000000087900000, 0x0000000087900000, 0x0000000087a00000|  0%| F|  |TAMS 0x0000000087900000, 0x0000000087900000| Untracked 
| 122|0x0000000087a00000, 0x0000000087a00000, 0x0000000087b00000|  0%| F|  |TAMS 0x0000000087a00000, 0x0000000087a00000| Untracked 
| 123|0x0000000087b00000, 0x0000000087b00000, 0x0000000087c00000|  0%| F|  |TAMS 0x0000000087b00000, 0x0000000087b00000| Untracked 
| 124|0x0000000087c00000, 0x0000000087c00000, 0x0000000087d00000|  0%| F|  |TAMS 0x0000000087c00000, 0x0000000087c00000| Untracked 
| 125|0x0000000087d00000, 0x0000000087d00000, 0x0000000087e00000|  0%| F|  |TAMS 0x0000000087d00000, 0x0000000087d00000| Untracked 
| 126|0x0000000087e00000, 0x0000000087e00000, 0x0000000087f00000|  0%| F|  |TAMS 0x0000000087e00000, 0x0000000087e00000| Untracked 
| 127|0x0000000087f00000, 0x0000000087f00000, 0x0000000088000000|  0%| F|  |TAMS 0x0000000087f00000, 0x0000000087f00000| Untracked 
| 128|0x0000000088000000, 0x0000000088000000, 0x0000000088100000|  0%| F|  |TAMS 0x0000000088000000, 0x0000000088000000| Untracked 
| 129|0x0000000088100000, 0x0000000088100000, 0x0000000088200000|  0%| F|  |TAMS 0x0000000088100000, 0x0000000088100000| Untracked 
| 130|0x0000000088200000, 0x0000000088200000, 0x0000000088300000|  0%| F|  |TAMS 0x0000000088200000, 0x0000000088200000| Untracked 
| 131|0x0000000088300000, 0x0000000088300000, 0x0000000088400000|  0%| F|  |TAMS 0x0000000088300000, 0x0000000088300000| Untracked 
| 132|0x0000000088400000, 0x0000000088400000, 0x0000000088500000|  0%| F|  |TAMS 0x0000000088400000, 0x0000000088400000| Untracked 
| 133|0x0000000088500000, 0x0000000088500000, 0x0000000088600000|  0%| F|  |TAMS 0x0000000088500000, 0x0000000088500000| Untracked 
| 134|0x0000000088600000, 0x0000000088600000, 0x0000000088700000|  0%| F|  |TAMS 0x0000000088600000, 0x0000000088600000| Untracked 
| 135|0x0000000088700000, 0x0000000088700000, 0x0000000088800000|  0%| F|  |TAMS 0x0000000088700000, 0x0000000088700000| Untracked 
| 136|0x0000000088800000, 0x0000000088800000, 0x0000000088900000|  0%| F|  |TAMS 0x0000000088800000, 0x0000000088800000| Untracked 
| 137|0x0000000088900000, 0x0000000088900000, 0x0000000088a00000|  0%| F|  |TAMS 0x0000000088900000, 0x0000000088900000| Untracked 
| 138|0x0000000088a00000, 0x0000000088a00000, 0x0000000088b00000|  0%| F|  |TAMS 0x0000000088a00000, 0x0000000088a00000| Untracked 
| 139|0x0000000088b00000, 0x0000000088b00000, 0x0000000088c00000|  0%| F|  |TAMS 0x0000000088b00000, 0x0000000088b00000| Untracked 
| 140|0x0000000088c00000, 0x0000000088c00000, 0x0000000088d00000|  0%| F|  |TAMS 0x0000000088c00000, 0x0000000088c00000| Untracked 
| 141|0x0000000088d00000, 0x0000000088d00000, 0x0000000088e00000|  0%| F|  |TAMS 0x0000000088d00000, 0x0000000088d00000| Untracked 
| 142|0x0000000088e00000, 0x0000000088e00000, 0x0000000088f00000|  0%| F|  |TAMS 0x0000000088e00000, 0x0000000088e00000| Untracked 
| 143|0x0000000088f00000, 0x0000000088f00000, 0x0000000089000000|  0%| F|  |TAMS 0x0000000088f00000, 0x0000000088f00000| Untracked 
| 144|0x0000000089000000, 0x0000000089000000, 0x0000000089100000|  0%| F|  |TAMS 0x0000000089000000, 0x0000000089000000| Untracked 
| 145|0x0000000089100000, 0x0000000089100000, 0x0000000089200000|  0%| F|  |TAMS 0x0000000089100000, 0x0000000089100000| Untracked 
| 146|0x0000000089200000, 0x0000000089200000, 0x0000000089300000|  0%| F|  |TAMS 0x0000000089200000, 0x0000000089200000| Untracked 
| 147|0x0000000089300000, 0x0000000089300000, 0x0000000089400000|  0%| F|  |TAMS 0x0000000089300000, 0x0000000089300000| Untracked 
| 148|0x0000000089400000, 0x0000000089400000, 0x0000000089500000|  0%| F|  |TAMS 0x0000000089400000, 0x0000000089400000| Untracked 
| 149|0x0000000089500000, 0x0000000089500000, 0x0000000089600000|  0%| F|  |TAMS 0x0000000089500000, 0x0000000089500000| Untracked 
| 150|0x0000000089600000, 0x0000000089600000, 0x0000000089700000|  0%| F|  |TAMS 0x0000000089600000, 0x0000000089600000| Untracked 
| 151|0x0000000089700000, 0x0000000089700000, 0x0000000089800000|  0%| F|  |TAMS 0x0000000089700000, 0x0000000089700000| Untracked 
| 152|0x0000000089800000, 0x0000000089800000, 0x0000000089900000|  0%| F|  |TAMS 0x0000000089800000, 0x0000000089800000| Untracked 
| 153|0x0000000089900000, 0x0000000089900000, 0x0000000089a00000|  0%| F|  |TAMS 0x0000000089900000, 0x0000000089900000| Untracked 
| 154|0x0000000089a00000, 0x0000000089a00000, 0x0000000089b00000|  0%| F|  |TAMS 0x0000000089a00000, 0x0000000089a00000| Untracked 
| 155|0x0000000089b00000, 0x0000000089b00000, 0x0000000089c00000|  0%| F|  |TAMS 0x0000000089b00000, 0x0000000089b00000| Untracked 
| 156|0x0000000089c00000, 0x0000000089c00000, 0x0000000089d00000|  0%| F|  |TAMS 0x0000000089c00000, 0x0000000089c00000| Untracked 
| 157|0x0000000089d00000, 0x0000000089d00000, 0x0000000089e00000|  0%| F|  |TAMS 0x0000000089d00000, 0x0000000089d00000| Untracked 
| 158|0x0000000089e00000, 0x0000000089e00000, 0x0000000089f00000|  0%| F|  |TAMS 0x0000000089e00000, 0x0000000089e00000| Untracked 
| 159|0x0000000089f00000, 0x0000000089f00000, 0x000000008a000000|  0%| F|  |TAMS 0x0000000089f00000, 0x0000000089f00000| Untracked 
| 160|0x000000008a000000, 0x000000008a000000, 0x000000008a100000|  0%| F|  |TAMS 0x000000008a000000, 0x000000008a000000| Untracked 
| 161|0x000000008a100000, 0x000000008a100000, 0x000000008a200000|  0%| F|  |TAMS 0x000000008a100000, 0x000000008a100000| Untracked 
| 162|0x000000008a200000, 0x000000008a200000, 0x000000008a300000|  0%| F|  |TAMS 0x000000008a200000, 0x000000008a200000| Untracked 
| 163|0x000000008a300000, 0x000000008a300000, 0x000000008a400000|  0%| F|  |TAMS 0x000000008a300000, 0x000000008a300000| Untracked 
| 164|0x000000008a400000, 0x000000008a400000, 0x000000008a500000|  0%| F|  |TAMS 0x000000008a400000, 0x000000008a400000| Untracked 
| 165|0x000000008a500000, 0x000000008a500000, 0x000000008a600000|  0%| F|  |TAMS 0x000000008a500000, 0x000000008a500000| Untracked 
| 166|0x000000008a600000, 0x000000008a600000, 0x000000008a700000|  0%| F|  |TAMS 0x000000008a600000, 0x000000008a600000| Untracked 
| 167|0x000000008a700000, 0x000000008a700000, 0x000000008a800000|  0%| F|  |TAMS 0x000000008a700000, 0x000000008a700000| Untracked 
| 168|0x000000008a800000, 0x000000008a800000, 0x000000008a900000|  0%| F|  |TAMS 0x000000008a800000, 0x000000008a800000| Untracked 
| 169|0x000000008a900000, 0x000000008a900000, 0x000000008aa00000|  0%| F|  |TAMS 0x000000008a900000, 0x000000008a900000| Untracked 
| 170|0x000000008aa00000, 0x000000008aa00000, 0x000000008ab00000|  0%| F|  |TAMS 0x000000008aa00000, 0x000000008aa00000| Untracked 
| 171|0x000000008ab00000, 0x000000008ab00000, 0x000000008ac00000|  0%| F|  |TAMS 0x000000008ab00000, 0x000000008ab00000| Untracked 
| 172|0x000000008ac00000, 0x000000008ac00000, 0x000000008ad00000|  0%| F|  |TAMS 0x000000008ac00000, 0x000000008ac00000| Untracked 
| 173|0x000000008ad00000, 0x000000008ad00000, 0x000000008ae00000|  0%| F|  |TAMS 0x000000008ad00000, 0x000000008ad00000| Untracked 
| 174|0x000000008ae00000, 0x000000008ae00000, 0x000000008af00000|  0%| F|  |TAMS 0x000000008ae00000, 0x000000008ae00000| Untracked 
| 175|0x000000008af00000, 0x000000008af00000, 0x000000008b000000|  0%| F|  |TAMS 0x000000008af00000, 0x000000008af00000| Untracked 
| 176|0x000000008b000000, 0x000000008b000000, 0x000000008b100000|  0%| F|  |TAMS 0x000000008b000000, 0x000000008b000000| Untracked 
| 177|0x000000008b100000, 0x000000008b100000, 0x000000008b200000|  0%| F|  |TAMS 0x000000008b100000, 0x000000008b100000| Untracked 
| 178|0x000000008b200000, 0x000000008b200000, 0x000000008b300000|  0%| F|  |TAMS 0x000000008b200000, 0x000000008b200000| Untracked 
| 179|0x000000008b300000, 0x000000008b300000, 0x000000008b400000|  0%| F|  |TAMS 0x000000008b300000, 0x000000008b300000| Untracked 
| 180|0x000000008b400000, 0x000000008b400000, 0x000000008b500000|  0%| F|  |TAMS 0x000000008b400000, 0x000000008b400000| Untracked 
| 181|0x000000008b500000, 0x000000008b500000, 0x000000008b600000|  0%| F|  |TAMS 0x000000008b500000, 0x000000008b500000| Untracked 
| 182|0x000000008b600000, 0x000000008b600000, 0x000000008b700000|  0%| F|  |TAMS 0x000000008b600000, 0x000000008b600000| Untracked 

Card table byte_map: [0x0000020e7d770000,0x0000020e7db70000] _byte_map_base: 0x0000020e7d370000

Marking Bits (Prev, Next): (CMBitMap*) 0x0000020e77c3bed8, (CMBitMap*) 0x0000020e77c3bf10
 Prev Bits: [0x0000020e7df70000, 0x0000020e7ff70000)
 Next Bits: [0x0000020e0f000000, 0x0000020e11000000)

Polling page: 0x0000020e77cd0000

Metaspace:

Usage:
  Non-class:     69.56 MB capacity,    68.29 MB ( 98%) used,     1.05 MB (  2%) free+waste,   224.31 KB ( <1%) overhead. 
      Class:     10.85 MB capacity,    10.11 MB ( 93%) used,   655.83 KB (  6%) free+waste,   100.94 KB ( <1%) overhead. 
       Both:     80.41 MB capacity,    78.40 MB ( 98%) used,     1.69 MB (  2%) free+waste,   325.25 KB ( <1%) overhead. 

Virtual space:
  Non-class space:       70.00 MB reserved,      69.75 MB (>99%) committed 
      Class space:        1.00 GB reserved,      10.95 MB (  1%) committed 
             Both:        1.07 GB reserved,      80.70 MB (  7%) committed 

Chunk freelists:
   Non-Class:  2.00 KB
       Class:  23.00 KB
        Both:  25.00 KB

MaxMetaspaceSize: 17179869184.00 GB
CompressedClassSpaceSize: 1.00 GB

CodeHeap 'non-profiled nmethods': size=120064Kb used=5583Kb max_used=5583Kb free=114480Kb
 bounds [0x0000020e07ac0000, 0x0000020e08040000, 0x0000020e0f000000]
CodeHeap 'profiled nmethods': size=120000Kb used=19923Kb max_used=19923Kb free=100077Kb
 bounds [0x0000020e00590000, 0x0000020e01910000, 0x0000020e07ac0000]
CodeHeap 'non-nmethods': size=5696Kb used=2266Kb max_used=2324Kb free=3429Kb
 bounds [0x0000020e00000000, 0x0000020e00270000, 0x0000020e00590000]
 total_blobs=10016 nmethods=9153 adapters=774
 compilation: enabled
              stopped_count=0, restarted_count=0
 full_count=0

Compilation events (20 events):
Event: 23.719 Thread 0x0000020e14fb5800 nmethod 9430 0x0000020e0802f610 code [0x0000020e0802f7a0, 0x0000020e0802f838]
Event: 23.719 Thread 0x0000020e14fb5800 9460       4       org.gradle.api.internal.file.FileCollectionStructureVisitor::prepareForVisit (4 bytes)
Event: 23.720 Thread 0x0000020e14fb5800 nmethod 9460 0x0000020e0802f910 code [0x0000020e0802faa0, 0x0000020e0802fb18]
Event: 23.720 Thread 0x0000020e14fb5800 9461       4       org.gradle.api.internal.artifacts.ivyservice.resolveengine.artifact.EndCollection::startFinalization (1 bytes)
Event: 23.720 Thread 0x0000020e13624000 nmethod 9419 0x0000020e0802fb90 code [0x0000020e0802fd40, 0x0000020e0802fe78]
Event: 23.720 Thread 0x0000020e13624000 9428       4       com.google.common.cache.LocalCache$StrongValueReference::copyFor (2 bytes)
Event: 23.720 Thread 0x0000020e14fb5800 nmethod 9461 0x0000020e0802ff90 code [0x0000020e08030120, 0x0000020e08030178]
Event: 23.720 Thread 0x0000020e14fb5800 9466       4       org.gradle.internal.fingerprint.classpath.impl.ClasspathFingerprintingStrategy$ClasspathFingerprintingVisitor::access$100 (7 bytes)
Event: 23.720 Thread 0x0000020e13624000 nmethod 9428 0x0000020e08030210 code [0x0000020e080303a0, 0x0000020e080303f8]
Event: 23.721 Thread 0x0000020e13624000 9468       4       org.gradle.internal.snapshot.RelativePathTracker::leave (29 bytes)
Event: 23.724 Thread 0x0000020e13624000 nmethod 9468 0x0000020e08030490 code [0x0000020e08030640, 0x0000020e080307f8]
Event: 23.724 Thread 0x0000020e13624000 9469       4       com.google.common.collect.RegularImmutableMap$EntrySet::iterator (5 bytes)
Event: 23.730 Thread 0x0000020e13624000 nmethod 9469 0x0000020e08030990 code [0x0000020e08030b40, 0x0000020e08030e38]
Event: 23.731 Thread 0x0000020e13624000 9471       4       org.gradle.tooling.internal.provider.runner.SubtreeFilteringBuildOperationListener::finished (72 bytes)
Event: 23.766 Thread 0x0000020e13624000 nmethod 9471 0x0000020e08031090 code [0x0000020e08031300, 0x0000020e080321e0]
Event: 23.766 Thread 0x0000020e13624000 9474       4       org.gradle.internal.operations.DefaultBuildOperationListenerManager$1::started (47 bytes)
Event: 23.771 Thread 0x0000020e13624000 nmethod 9474 0x0000020e08032c10 code [0x0000020e08032de0, 0x0000020e080330a8]
Event: 23.771 Thread 0x0000020e13624000 9472       4       org.gradle.internal.operations.DefaultBuildOperationListenerManager$1::finished (48 bytes)
Event: 23.776 Thread 0x0000020e13624000 nmethod 9472 0x0000020e08033410 code [0x0000020e080335e0, 0x0000020e080338e8]
Event: 23.776 Thread 0x0000020e13624000 9477       4       org.gradle.tooling.internal.provider.runner.SubtreeFilteringBuildOperationListener::finished (72 bytes)

GC Heap History (20 events):
Event: 7.955 GC heap after
{Heap after GC invocations=10 (full 0):
 garbage-first heap   total 129024K, used 23227K [0x0000000080000000, 0x0000000100000000)
  region size 1024K, 6 young (6144K), 6 survivors (6144K)
 Metaspace       used 35066K, capacity 35806K, committed 35840K, reserved 1081344K
  class space    used 4541K, capacity 4832K, committed 4864K, reserved 1048576K
}
Event: 9.000 GC heap before
{Heap before GC invocations=11 (full 0):
 garbage-first heap   total 129024K, used 85691K [0x0000000080000000, 0x0000000100000000)
  region size 1024K, 65 young (66560K), 6 survivors (6144K)
 Metaspace       used 40211K, capacity 41140K, committed 41420K, reserved 1085440K
  class space    used 5176K, capacity 5511K, committed 5580K, reserved 1048576K
}
Event: 9.022 GC heap after
{Heap after GC invocations=12 (full 0):
 garbage-first heap   total 155648K, used 26535K [0x0000000080000000, 0x0000000100000000)
  region size 1024K, 8 young (8192K), 8 survivors (8192K)
 Metaspace       used 40211K, capacity 41140K, committed 41420K, reserved 1085440K
  class space    used 5176K, capacity 5511K, committed 5580K, reserved 1048576K
}
Event: 10.212 GC heap before
{Heap before GC invocations=12 (full 0):
 garbage-first heap   total 155648K, used 94119K [0x0000000080000000, 0x0000000100000000)
  region size 1024K, 74 young (75776K), 8 survivors (8192K)
 Metaspace       used 45598K, capacity 46703K, committed 46796K, reserved 1089536K
  class space    used 5847K, capacity 6259K, committed 6348K, reserved 1048576K
}
Event: 10.224 GC heap after
{Heap after GC invocations=13 (full 0):
 garbage-first heap   total 155648K, used 29612K [0x0000000080000000, 0x0000000100000000)
  region size 1024K, 7 young (7168K), 7 survivors (7168K)
 Metaspace       used 45598K, capacity 46703K, committed 46796K, reserved 1089536K
  class space    used 5847K, capacity 6259K, committed 6348K, reserved 1048576K
}
Event: 12.304 GC heap before
{Heap before GC invocations=13 (full 0):
 garbage-first heap   total 155648K, used 117676K [0x0000000080000000, 0x0000000100000000)
  region size 1024K, 91 young (93184K), 7 survivors (7168K)
 Metaspace       used 53341K, capacity 54724K, committed 54860K, reserved 1097728K
  class space    used 6735K, capacity 7212K, committed 7244K, reserved 1048576K
}
Event: 12.321 GC heap after
{Heap after GC invocations=14 (full 0):
 garbage-first heap   total 155648K, used 41542K [0x0000000080000000, 0x0000000100000000)
  region size 1024K, 12 young (12288K), 12 survivors (12288K)
 Metaspace       used 53341K, capacity 54724K, committed 54860K, reserved 1097728K
  class space    used 6735K, capacity 7212K, committed 7244K, reserved 1048576K
}
Event: 13.509 GC heap before
{Heap before GC invocations=14 (full 0):
 garbage-first heap   total 155648K, used 75334K [0x0000000080000000, 0x0000000100000000)
  region size 1024K, 46 young (47104K), 12 survivors (12288K)
 Metaspace       used 58664K, capacity 60143K, committed 60236K, reserved 1101824K
  class space    used 7405K, capacity 7922K, committed 8012K, reserved 1048576K
}
Event: 13.538 GC heap after
{Heap after GC invocations=15 (full 0):
 garbage-first heap   total 155648K, used 44528K [0x0000000080000000, 0x0000000100000000)
  region size 1024K, 3 young (3072K), 3 survivors (3072K)
 Metaspace       used 58664K, capacity 60143K, committed 60236K, reserved 1101824K
  class space    used 7405K, capacity 7922K, committed 8012K, reserved 1048576K
}
Event: 14.764 GC heap before
{Heap before GC invocations=16 (full 0):
 garbage-first heap   total 155648K, used 100848K [0x0000000080000000, 0x0000000100000000)
  region size 1024K, 58 young (59392K), 3 survivors (3072K)
 Metaspace       used 62579K, capacity 64128K, committed 64332K, reserved 1105920K
  class space    used 7920K, capacity 8466K, committed 8524K, reserved 1048576K
}
Event: 14.779 GC heap after
{Heap after GC invocations=17 (full 0):
 garbage-first heap   total 187392K, used 48152K [0x0000000080000000, 0x0000000100000000)
  region size 1024K, 7 young (7168K), 7 survivors (7168K)
 Metaspace       used 62579K, capacity 64128K, committed 64332K, reserved 1105920K
  class space    used 7920K, capacity 8466K, committed 8524K, reserved 1048576K
}
Event: 16.896 GC heap before
{Heap before GC invocations=18 (full 0):
 garbage-first heap   total 187392K, used 119832K [0x0000000080000000, 0x0000000100000000)
  region size 1024K, 77 young (78848K), 7 survivors (7168K)
 Metaspace       used 67918K, capacity 69635K, committed 69836K, reserved 1110016K
  class space    used 8762K, capacity 9356K, committed 9420K, reserved 1048576K
}
Event: 16.914 GC heap after
{Heap after GC invocations=19 (full 0):
 garbage-first heap   total 187392K, used 53356K [0x0000000080000000, 0x0000000100000000)
  region size 1024K, 10 young (10240K), 10 survivors (10240K)
 Metaspace       used 67918K, capacity 69635K, committed 69836K, reserved 1110016K
  class space    used 8762K, capacity 9356K, committed 9420K, reserved 1048576K
}
Event: 18.522 GC heap before
{Heap before GC invocations=19 (full 0):
 garbage-first heap   total 187392K, used 126060K [0x0000000080000000, 0x0000000100000000)
  region size 1024K, 81 young (82944K), 10 survivors (10240K)
 Metaspace       used 72162K, capacity 73927K, committed 74060K, reserved 1114112K
  class space    used 9433K, capacity 10052K, committed 10060K, reserved 1048576K
}
Event: 18.542 GC heap after
{Heap after GC invocations=20 (full 0):
 garbage-first heap   total 187392K, used 58331K [0x0000000080000000, 0x0000000100000000)
  region size 1024K, 10 young (10240K), 10 survivors (10240K)
 Metaspace       used 72162K, capacity 73927K, committed 74060K, reserved 1114112K
  class space    used 9433K, capacity 10052K, committed 10060K, reserved 1048576K
}
Event: 20.814 GC heap before
{Heap before GC invocations=20 (full 0):
 garbage-first heap   total 187392K, used 132059K [0x0000000080000000, 0x0000000100000000)
  region size 1024K, 82 young (83968K), 10 survivors (10240K)
 Metaspace       used 79273K, capacity 81353K, committed 81484K, reserved 1120256K
  class space    used 10315K, capacity 11057K, committed 11084K, reserved 1048576K
}
Event: 20.838 GC heap after
{Heap after GC invocations=21 (full 0):
 garbage-first heap   total 187392K, used 63941K [0x0000000080000000, 0x0000000100000000)
  region size 1024K, 11 young (11264K), 11 survivors (11264K)
 Metaspace       used 79273K, capacity 81353K, committed 81484K, reserved 1120256K
  class space    used 10315K, capacity 11057K, committed 11084K, reserved 1048576K
}
Event: 22.596 GC heap before
{Heap before GC invocations=21 (full 0):
 garbage-first heap   total 187392K, used 135621K [0x0000000080000000, 0x0000000100000000)
  region size 1024K, 82 young (83968K), 11 survivors (11264K)
 Metaspace       used 79995K, capacity 82034K, committed 82252K, reserved 1120256K
  class space    used 10341K, capacity 11069K, committed 11084K, reserved 1048576K
}
Event: 22.618 GC heap after
{Heap after GC invocations=22 (full 0):
 garbage-first heap   total 187392K, used 68522K [0x0000000080000000, 0x0000000100000000)
  region size 1024K, 11 young (11264K), 11 survivors (11264K)
 Metaspace       used 79995K, capacity 82034K, committed 82252K, reserved 1120256K
  class space    used 10341K, capacity 11069K, committed 11084K, reserved 1048576K
}
Event: 23.801 GC heap before
{Heap before GC invocations=22 (full 0):
 garbage-first heap   total 187392K, used 140202K [0x0000000080000000, 0x0000000100000000)
  region size 1024K, 82 young (83968K), 11 survivors (11264K)
 Metaspace       used 80284K, capacity 82343K, committed 82636K, reserved 1120256K
  class space    used 10356K, capacity 11113K, committed 11212K, reserved 1048576K
}

Deoptimization events (20 events):
Event: 23.297 Thread 0x0000020e1551c000 Uncommon trap: trap_request=0xffffffbe fr.pc=0x0000020e07f50760 relative=0x0000000000002ba0
Event: 23.297 Thread 0x0000020e1551c000 Uncommon trap: reason=profile_predicate action=maybe_recompile pc=0x0000020e07f50760 method=com.esotericsoftware.kryo.io.Output.writeString(Ljava/lang/String;)V @ 50 c2
Event: 23.297 Thread 0x0000020e1551c000 DEOPT PACKING pc=0x0000020e07f50760 sp=0x000000af060f60f0
Event: 23.297 Thread 0x0000020e1551c000 DEOPT UNPACKING pc=0x0000020e000274af sp=0x000000af060f5fe8 mode 2
Event: 23.298 Thread 0x0000020e1551c000 Uncommon trap: trap_request=0xffffffbe fr.pc=0x0000020e07f4b080 relative=0x0000000000002ea0
Event: 23.298 Thread 0x0000020e1551c000 Uncommon trap: reason=profile_predicate action=maybe_recompile pc=0x0000020e07f4b080 method=com.esotericsoftware.kryo.io.Output.writeString(Ljava/lang/String;)V @ 50 c2
Event: 23.298 Thread 0x0000020e1551c000 DEOPT PACKING pc=0x0000020e07f4b080 sp=0x000000af060f6060
Event: 23.298 Thread 0x0000020e1551c000 DEOPT UNPACKING pc=0x0000020e000274af sp=0x000000af060f5fd0 mode 2
Event: 23.307 Thread 0x0000020e1551c000 Uncommon trap: trap_request=0xffffffbe fr.pc=0x0000020e07f0e85c relative=0x000000000000077c
Event: 23.307 Thread 0x0000020e1551c000 Uncommon trap: reason=profile_predicate action=maybe_recompile pc=0x0000020e07f0e85c method=org.objectweb.asm.ByteVector.encodeUtf8(Ljava/lang/String;II)Lorg/objectweb/asm/ByteVector; @ 16 c2
Event: 23.308 Thread 0x0000020e1551c000 DEOPT PACKING pc=0x0000020e07f0e85c sp=0x000000af060f74a0
Event: 23.308 Thread 0x0000020e1551c000 DEOPT UNPACKING pc=0x0000020e000274af sp=0x000000af060f7408 mode 2
Event: 23.767 Thread 0x0000020e17562800 Uncommon trap: trap_request=0xfffffff4 fr.pc=0x0000020e08032004 relative=0x0000000000000d04
Event: 23.767 Thread 0x0000020e1755f800 Uncommon trap: trap_request=0xfffffff4 fr.pc=0x0000020e08032004 relative=0x0000000000000d04
Event: 23.767 Thread 0x0000020e17562800 Uncommon trap: reason=null_check action=make_not_entrant pc=0x0000020e08032004 method=org.gradle.tooling.internal.provider.runner.SubtreeFilteringBuildOperationListener.finished(Lorg/gradle/internal/operations/BuildOperationDescriptor;Lorg/gradle/internal
Event: 23.767 Thread 0x0000020e1755f800 Uncommon trap: reason=null_check action=make_not_entrant pc=0x0000020e08032004 method=org.gradle.tooling.internal.provider.runner.SubtreeFilteringBuildOperationListener.finished(Lorg/gradle/internal/operations/BuildOperationDescriptor;Lorg/gradle/internal
Event: 23.767 Thread 0x0000020e17562800 DEOPT PACKING pc=0x0000020e08032004 sp=0x000000af076fe420
Event: 23.767 Thread 0x0000020e1755f800 DEOPT PACKING pc=0x0000020e08032004 sp=0x000000af077fe000
Event: 23.767 Thread 0x0000020e17562800 DEOPT UNPACKING pc=0x0000020e000274af sp=0x000000af076fe428 mode 2
Event: 23.767 Thread 0x0000020e1755f800 DEOPT UNPACKING pc=0x0000020e000274af sp=0x000000af077fe008 mode 2

Classes redefined (0 events):
No events

Internal exceptions (20 events):
Event: 19.596 Thread 0x0000020e1551c000 Exception <a 'java/lang/NoSuchMethodError'{0x0000000089366088}: <clinit>> (0x0000000089366088) thrown at [./src/hotspot/share/prims/jni.cpp, line 1362]
Event: 19.604 Thread 0x0000020e1551c000 Exception <a 'java/lang/NoSuchMethodError'{0x0000000089398388}: <clinit>> (0x0000000089398388) thrown at [./src/hotspot/share/prims/jni.cpp, line 1362]
Event: 19.687 Thread 0x0000020e1551c000 Exception <a 'sun/nio/fs/WindowsException'{0x00000000890c8ea8}> (0x00000000890c8ea8) thrown at [./src/hotspot/share/prims/jni.cpp, line 615]
Event: 19.776 Thread 0x0000020e16589800 Exception <a 'java/lang/NoSuchMethodError'{0x0000000088c859d8}: <clinit>> (0x0000000088c859d8) thrown at [./src/hotspot/share/prims/jni.cpp, line 1362]
Event: 19.776 Thread 0x0000020e16589800 Exception <a 'java/lang/NoSuchMethodError'{0x0000000088c8f4f0}: <clinit>> (0x0000000088c8f4f0) thrown at [./src/hotspot/share/prims/jni.cpp, line 1362]
Event: 19.800 Thread 0x0000020e16589800 Exception <a 'java/lang/NoSuchMethodError'{0x0000000088ad5620}: <clinit>> (0x0000000088ad5620) thrown at [./src/hotspot/share/prims/jni.cpp, line 1362]
Event: 19.804 Thread 0x0000020e16589800 Exception <a 'java/lang/NoSuchMethodError'{0x0000000088ae60b8}: <clinit>> (0x0000000088ae60b8) thrown at [./src/hotspot/share/prims/jni.cpp, line 1362]
Event: 19.804 Thread 0x0000020e16589800 Exception <a 'java/lang/NoSuchMethodError'{0x0000000088ae75f8}: <clinit>> (0x0000000088ae75f8) thrown at [./src/hotspot/share/prims/jni.cpp, line 1362]
Event: 19.823 Thread 0x0000020e17564800 Exception <a 'java/lang/NoSuchMethodError'{0x0000000088908868}: <clinit>> (0x0000000088908868) thrown at [./src/hotspot/share/prims/jni.cpp, line 1362]
Event: 19.825 Thread 0x0000020e17564800 Exception <a 'java/lang/NoSuchMethodError'{0x0000000088921af0}: <clinit>> (0x0000000088921af0) thrown at [./src/hotspot/share/prims/jni.cpp, line 1362]
Event: 19.897 Thread 0x0000020e16589800 Exception <a 'java/lang/NoSuchMethodError'{0x0000000088687ec8}: <clinit>> (0x0000000088687ec8) thrown at [./src/hotspot/share/prims/jni.cpp, line 1362]
Event: 19.946 Thread 0x0000020e1551c000 Exception <a 'java/lang/NoSuchMethodError'{0x00000000885ae040}: 'java.lang.Object java.lang.invoke.Invokers$Holder.linkToTargetMethod(java.lang.Object, java.lang.Object, java.lang.Object, int, java.lang.Object, java.lang.Object)'> (0x00000000885ae040) thrown at [./src/hotspot/share/interpreter/linkResolver.cpp, line 773]
Event: 19.961 Thread 0x0000020e1551c000 Exception <a 'java/lang/IncompatibleClassChangeError'{0x000000008841f538}: Found class java.lang.Object, but interface was expected> (0x000000008841f538) thrown at [./src/hotspot/share/interpreter/linkResolver.cpp, line 839]
Event: 19.990 Thread 0x0000020e1551c000 Exception <a 'java/lang/NoSuchMethodError'{0x0000000088229770}: 'int java.lang.invoke.DirectMethodHandle$Holder.invokeStaticInit(java.lang.Object, java.lang.Object, java.lang.Object, java.lang.Object, java.lang.Object)'> (0x0000000088229770) thrown at [./src/hotspot/share/interpreter/linkResolver.cpp, line 773]
Event: 20.748 Thread 0x0000020e14fb7800 Exception <a 'java/lang/NoSuchMethodError'{0x00000000870ab7b8}: 'java.lang.Object java.lang.invoke.DirectMethodHandle$Holder.invokeSpecialIFC(java.lang.Object, java.lang.Object, java.lang.Object)'> (0x00000000870ab7b8) thrown at [./src/hotspot/share/interpreter/linkResolver.cpp, line 773]
Event: 21.444 Thread 0x0000020e17562800 Exception <a 'java/lang/NoSuchMethodError'{0x0000000089f4a310}: 'void java.lang.invoke.DirectMethodHandle$Holder.invokeVirtual(java.lang.Object, java.lang.Object)'> (0x0000000089f4a310) thrown at [./src/hotspot/share/interpreter/linkResolver.cpp, line 773]
Event: 22.546 Thread 0x0000020e17561000 Implicit null exception at 0x0000020e07fd201d to 0x0000020e07fd299c
Event: 22.866 Thread 0x0000020e14fb4800 Exception <a 'java/lang/NoSuchMethodError'{0x000000008a5eb058}: <clinit>> (0x000000008a5eb058) thrown at [./src/hotspot/share/prims/jni.cpp, line 1362]
Event: 23.767 Thread 0x0000020e17562800 Implicit null exception at 0x0000020e08031434 to 0x0000020e08031fe0
Event: 23.767 Thread 0x0000020e1755f800 Implicit null exception at 0x0000020e08031434 to 0x0000020e08031fe0

Events (20 events):
Event: 22.851 loading class org/gradle/internal/snapshot/FileSystemSnapshotHierarchyVisitor done
Event: 23.279 loading class com/google/common/collect/ImmutableList$Builder
Event: 23.279 loading class com/google/common/collect/ImmutableList$Builder done
Event: 23.279 loading class org/gradle/api/internal/file/FileCollectionInternal
Event: 23.279 loading class org/gradle/api/internal/file/FileCollectionInternal done
Event: 23.279 loading class org/gradle/api/internal/file/collections/DefaultConfigurableFileCollection
Event: 23.279 loading class org/gradle/api/internal/file/collections/DefaultConfigurableFileCollection done
Event: 23.280 loading class org/gradle/api/internal/file/collections/DefaultConfigurableFileCollection$1
Event: 23.280 loading class org/gradle/api/internal/file/collections/DefaultConfigurableFileCollection$1 done
Event: 23.280 loading class org/gradle/api/internal/file/collections/ListBackedFileSet
Event: 23.280 loading class org/gradle/api/internal/file/collections/ListBackedFileSet done
Event: 23.281 loading class org/gradle/api/internal/file/collections/DefaultConfigurableFileCollection$ResolvedItemsCollector
Event: 23.281 loading class org/gradle/api/internal/file/collections/DefaultConfigurableFileCollection$ResolvedItemsCollector done
Event: 23.293 loading class org/gradle/api/internal/artifacts/ivyservice/clientmodule/ClientModuleResolver$ClientModuleComponentResolveMetadata
Event: 23.293 loading class org/gradle/api/internal/artifacts/ivyservice/clientmodule/ClientModuleResolver$ClientModuleComponentResolveMetadata done
Event: 23.294 loading class org/gradle/api/internal/artifacts/ivyservice/clientmodule/ClientModuleResolver$ClientModuleConfigurationMetadata
Event: 23.294 loading class org/gradle/api/internal/artifacts/ivyservice/clientmodule/ClientModuleResolver$ClientModuleConfigurationMetadata done
Event: 23.295 Executing VM operation: Deoptimize
Event: 23.296 Executing VM operation: Deoptimize done
Event: 23.801 Executing VM operation: G1CollectForAllocation


Dynamic libraries:
0x00007ff669380000 - 0x00007ff66938a000 	C:\Program Files\Android\Android Studio\jre\bin\java.exe
0x00007ffa80a60000 - 0x00007ffa80c50000 	C:\WINDOWS\SYSTEM32\ntdll.dll
0x00007ffa7ebf0000 - 0x00007ffa7eca2000 	C:\WINDOWS\System32\KERNEL32.DLL
0x00007ffa7de40000 - 0x00007ffa7e0e6000 	C:\WINDOWS\System32\KERNELBASE.dll
0x00007ffa7da20000 - 0x00007ffa7db1a000 	C:\WINDOWS\System32\ucrtbase.dll
0x00007ffa76770000 - 0x00007ffa76789000 	C:\Program Files\Android\Android Studio\jre\bin\jli.dll
0x00007ffa759e0000 - 0x00007ffa759f7000 	C:\Program Files\Android\Android Studio\jre\bin\VCRUNTIME140.dll
0x00007ffa80620000 - 0x00007ffa807b4000 	C:\WINDOWS\System32\USER32.dll
0x00007ffa7dbd0000 - 0x00007ffa7dbf1000 	C:\WINDOWS\System32\win32u.dll
0x00007ffa7ebc0000 - 0x00007ffa7ebe6000 	C:\WINDOWS\System32\GDI32.dll
0x00007ffa7e910000 - 0x00007ffa7eaa8000 	C:\WINDOWS\System32\gdi32full.dll
0x00007ffa7e0f0000 - 0x00007ffa7e18e000 	C:\WINDOWS\System32\msvcp_win.dll
0x00007ffa68c20000 - 0x00007ffa68ea4000 	C:\WINDOWS\WinSxS\amd64_microsoft.windows.common-controls_6595b64144ccf1df_6.0.18362.1734_none_9e7c63e3e45fdc87\COMCTL32.dll
0x00007ffa80580000 - 0x00007ffa8061e000 	C:\WINDOWS\System32\msvcrt.dll
0x00007ffa800d0000 - 0x00007ffa80406000 	C:\WINDOWS\System32\combase.dll
0x00007ffa7ffb0000 - 0x00007ffa800cf000 	C:\WINDOWS\System32\RPCRT4.dll
0x00007ffa7ddb0000 - 0x00007ffa7de34000 	C:\WINDOWS\System32\bcryptPrimitives.dll
0x00007ffa804a0000 - 0x00007ffa804ce000 	C:\WINDOWS\System32\IMM32.DLL
0x00007ffa60de0000 - 0x00007ffa60e7d000 	C:\Program Files\Android\Android Studio\jre\bin\msvcp140.dll
0x00007ffa39dd0000 - 0x00007ffa3a88c000 	C:\Program Files\Android\Android Studio\jre\bin\server\jvm.dll
0x00007ffa80970000 - 0x00007ffa80a13000 	C:\WINDOWS\System32\ADVAPI32.dll
0x00007ffa7eb00000 - 0x00007ffa7eb97000 	C:\WINDOWS\System32\sechost.dll
0x00007ffa80960000 - 0x00007ffa80968000 	C:\WINDOWS\System32\PSAPI.DLL
0x00007ffa7b4f0000 - 0x00007ffa7b514000 	C:\WINDOWS\SYSTEM32\WINMM.dll
0x00007ffa76670000 - 0x00007ffa7667a000 	C:\WINDOWS\SYSTEM32\VERSION.dll
0x00007ffa7b3c0000 - 0x00007ffa7b3ed000 	C:\WINDOWS\SYSTEM32\WINMMBASE.dll
0x00007ffa7dc00000 - 0x00007ffa7dc4a000 	C:\WINDOWS\System32\cfgmgr32.dll
0x00007ffa79f10000 - 0x00007ffa79f19000 	C:\WINDOWS\SYSTEM32\WSOCK32.dll
0x00007ffa7fbc0000 - 0x00007ffa7fc2f000 	C:\WINDOWS\System32\WS2_32.dll
0x00007ffa7d910000 - 0x00007ffa7d921000 	C:\WINDOWS\System32\kernel.appcore.dll
0x00007ffa6cfc0000 - 0x00007ffa6cfd1000 	C:\Program Files\Android\Android Studio\jre\bin\verify.dll
0x00007ffa7c0a0000 - 0x00007ffa7c294000 	C:\WINDOWS\SYSTEM32\DBGHELP.DLL
0x00007ffa79910000 - 0x00007ffa7993a000 	C:\WINDOWS\SYSTEM32\dbgcore.DLL
0x00007ffa6cf90000 - 0x00007ffa6cfb9000 	C:\Program Files\Android\Android Studio\jre\bin\java.dll
0x00007ffa77300000 - 0x00007ffa7730b000 	C:\Program Files\Android\Android Studio\jre\bin\jimage.dll
0x00007ffa6cf70000 - 0x00007ffa6cf88000 	C:\Program Files\Android\Android Studio\jre\bin\zip.dll
0x00007ffa7f4d0000 - 0x00007ffa7fbb7000 	C:\WINDOWS\System32\SHELL32.dll
0x00007ffa7f3a0000 - 0x00007ffa7f449000 	C:\WINDOWS\System32\shcore.dll
0x00007ffa7e190000 - 0x00007ffa7e90b000 	C:\WINDOWS\System32\windows.storage.dll
0x00007ffa7d9a0000 - 0x00007ffa7d9be000 	C:\WINDOWS\System32\profapi.dll
0x00007ffa7d950000 - 0x00007ffa7d99a000 	C:\WINDOWS\System32\powrprof.dll
0x00007ffa7d900000 - 0x00007ffa7d910000 	C:\WINDOWS\System32\UMPDC.dll
0x00007ffa7ff50000 - 0x00007ffa7ffa2000 	C:\WINDOWS\System32\shlwapi.dll
0x00007ffa7eab0000 - 0x00007ffa7eac7000 	C:\WINDOWS\System32\cryptsp.dll
0x00007ffa6cf50000 - 0x00007ffa6cf6a000 	C:\Program Files\Android\Android Studio\jre\bin\net.dll
0x00007ffa79650000 - 0x00007ffa79749000 	C:\WINDOWS\SYSTEM32\WINHTTP.dll
0x00007ffa7d0f0000 - 0x00007ffa7d157000 	C:\WINDOWS\system32\mswsock.dll
0x00007ffa6cf30000 - 0x00007ffa6cf44000 	C:\Program Files\Android\Android Studio\jre\bin\nio.dll
0x00007ffa629d0000 - 0x00007ffa629f7000 	C:\Users\¼ºÁöÇö\.gradle\native\8bec1ad78214c89d9ad589b4d07fe93259594b29d510b10fafb7a158f7737e5d\windows-amd64\native-platform.dll
0x00007ffa49e70000 - 0x00007ffa49fad000 	C:\Users\¼ºÁöÇö\.gradle\native\53dbd7edfb1c66fb8903c78663c9afc45aea4f116125fa6feffd364cf09443e8\windows-amd64\native-platform-file-events.dll
0x00007ffa758d0000 - 0x00007ffa758da000 	C:\Program Files\Android\Android Studio\jre\bin\management.dll
0x00007ffa75890000 - 0x00007ffa7589c000 	C:\Program Files\Android\Android Studio\jre\bin\management_ext.dll
0x00007ffa7cc70000 - 0x00007ffa7cca3000 	C:\WINDOWS\system32\rsaenh.dll
0x00007ffa7ead0000 - 0x00007ffa7eaf6000 	C:\WINDOWS\System32\bcrypt.dll
0x00007ffa7d820000 - 0x00007ffa7d845000 	C:\WINDOWS\SYSTEM32\USERENV.dll
0x00007ffa7d2c0000 - 0x00007ffa7d2cc000 	C:\WINDOWS\SYSTEM32\CRYPTBASE.dll
0x00007ffa7ce00000 - 0x00007ffa7ce3a000 	C:\WINDOWS\SYSTEM32\IPHLPAPI.DLL
0x00007ffa80490000 - 0x00007ffa80498000 	C:\WINDOWS\System32\NSI.dll
0x00007ffa70bf0000 - 0x00007ffa70c06000 	C:\WINDOWS\SYSTEM32\dhcpcsvc6.DLL
0x00007ffa70d10000 - 0x00007ffa70d2c000 	C:\WINDOWS\SYSTEM32\dhcpcsvc.DLL
0x00007ffa7ce40000 - 0x00007ffa7cf0a000 	C:\WINDOWS\SYSTEM32\DNSAPI.dll

dbghelp: loaded successfully - version: 4.0.5 - missing functions: none
symbol engine: initialized successfully - sym options: 0x614 - pdb path: .;C:\Program Files\Android\Android Studio\jre\bin;C:\WINDOWS\SYSTEM32;C:\WINDOWS\WinSxS\amd64_microsoft.windows.common-controls_6595b64144ccf1df_6.0.18362.1734_none_9e7c63e3e45fdc87;C:\Program Files\Android\Android Studio\jre\bin\server;C:\Users\¼ºÁöÇö\.gradle\native\8bec1ad78214c89d9ad589b4d07fe93259594b29d510b10fafb7a158f7737e5d\windows-am;C:\Users\¼ºÁöÇö\.gradle\native\8bec1ad78214c89d9ad589b4d07fe93259594b29d510b10fafb7a158f7737e5d\windows-amd64;C:\Users\¼ºÁöÇö\.gradle\native\53dbd7edfb1c66fb8903c78663c9afc45aea4f116125fa6feffd364cf09443e8\wind;C:\Users\¼ºÁöÇö\.gradle\native\53dbd7edfb1c66fb8903c78663c9afc45aea4f116125fa6feffd364cf09443e8\w;C:\Users\¼ºÁöÇö\.gradle\native\53dbd7edfb1c66fb8903c78663c9afc45aea4f116125fa6feffd364cf09443e;C:\Users\¼ºÁöÇö\.gradle\native\53dbd7edfb1c66fb8903c78663c9afc45aea4f116125fa6feffd364cf094

VM Arguments:
jvm_args: --add-opens=java.base/java.util=ALL-UNNAMED --add-opens=java.base/java.lang=ALL-UNNAMED --add-opens=java.base/java.lang.invoke=ALL-UNNAMED --add-opens=java.base/java.util=ALL-UNNAMED --add-opens=java.prefs/java.util.prefs=ALL-UNNAMED --add-opens=java.prefs/java.util.prefs=ALL-UNNAMED --add-opens=java.base/java.nio.charset=ALL-UNNAMED --add-opens=java.base/java.net=ALL-UNNAMED --add-opens=java.base/java.util.concurrent.atomic=ALL-UNNAMED -Xmx2048m -Dfile.encoding=UTF-8 -Duser.country=KR -Duser.language=ko -Duser.variant 
java_command: org.gradle.launcher.daemon.bootstrap.GradleDaemon 7.0.2
java_class_path (initial): C:\Users\¼ºÁöÇö\.gradle\wrapper\dists\gradle-7.0.2-bin\857tjihv64xamwrf0h14cai3r\gradle-7.0.2\lib\gradle-launcher-7.0.2.jar
Launcher Type: SUN_STANDARD

[Global flags]
     intx CICompilerCount                          = 3                                         {product} {ergonomic}
     uint ConcGCThreads                            = 1                                         {product} {ergonomic}
     uint G1ConcRefinementThreads                  = 4                                         {product} {ergonomic}
   size_t G1HeapRegionSize                         = 1048576                                   {product} {ergonomic}
    uintx GCDrainStackTargetSize                   = 64                                        {product} {ergonomic}
   size_t InitialHeapSize                          = 132120576                                 {product} {ergonomic}
   size_t MarkStackSize                            = 4194304                                   {product} {ergonomic}
   size_t MaxHeapSize                              = 2147483648                                {product} {command line}
   size_t MaxNewSize                               = 1287651328                                {product} {ergonomic}
   size_t MinHeapDeltaBytes                        = 1048576                                   {product} {ergonomic}
    uintx NonNMethodCodeHeapSize                   = 5830732                                {pd product} {ergonomic}
    uintx NonProfiledCodeHeapSize                  = 122913754                              {pd product} {ergonomic}
    uintx ProfiledCodeHeapSize                     = 122913754                              {pd product} {ergonomic}
    uintx ReservedCodeCacheSize                    = 251658240                              {pd product} {ergonomic}
     bool SegmentedCodeCache                       = true                                      {product} {ergonomic}
     bool UseCompressedClassPointers               = true                                 {lp64_product} {ergonomic}
     bool UseCompressedOops                        = true                                 {lp64_product} {ergonomic}
     bool UseG1GC                                  = true                                      {product} {ergonomic}
     bool UseLargePagesIndividualAllocation        = false                                  {pd product} {ergonomic}

Logging:
Log output configuration:
 #0: stdout all=warning uptime,level,tags
 #1: stderr all=off uptime,level,tags

Environment Variables:
JAVA_HOME=C:\Program Files\Java\jdk-15.0.2
CLASSPATH=%classpath%;.;.;.
PATH=C:\Program Files\Common Files\Oracle\Java\javapath;C:\Program Files (x86)\Common Files\Oracle\Java\javapath;C:\Python27\;C:\Python27\Scripts;C:\Program Files (x86)\Intel\Intel(R) Management Engine Components\iCLS\;C:\Program Files\Intel\Intel(R) Management Engine Components\iCLS\;C:\WINDOWS\system32;C:\WINDOWS;C:\WINDOWS\System32\Wbem;C:\WINDOWS\System32\WindowsPowerShell\v1.0\;C:\WINDOWS\System32\OpenSSH\;C:\Program Files (x86)\Intel\Intel(R) Management Engine Components\DAL;C:\Program Files\Intel\Intel(R) Management Engine Components\DAL;C:\Program Files\nodejs\;C:\ProgramData\chocolatey\bin;C:\MinGW\bin;C:\Program Files\Java\jdk-15.0.2\bin;C:\Program Files\Git\cmd;C:\Python27;C:\Users\¼ºÁöÇö\AppData\Local\Microsoft\WindowsApps;C:\Users\¼ºÁöÇö\AppData\Roaming\npm;C:\Users\¼ºÁöÇö\AppData\Local\atom\bin
USERNAME=sungjihyun
OS=Windows_NT
PROCESSOR_IDENTIFIER=Intel64 Family 6 Model 142 Stepping 11, GenuineIntel



---------------  S Y S T E M  ---------------

OS: Windows 10 , 64 bit Build 18362 (10.0.18362.1714)
OS uptime: 0 days 3:47 hours

CPU:total 4 (initial active 4) (2 cores per cpu, 2 threads per core) family 6 model 142 stepping 11, cmov, cx8, fxsr, mmx, sse, sse2, sse3, ssse3, sse4.1, sse4.2, popcnt, avx, avx2, aes, clmul, erms, 3dnowpref, lzcnt, ht, tsc, tscinvbit, bmi1, bmi2, adx, fma

Memory: 4k page, system-wide physical 7986M (951M free)
TotalPageFile size 22532M (AvailPageFile size 4M)
current process WorkingSet (physical memory assigned to process): 421M, peak: 424M
current process commit charge ("private bytes"): 449M, peak: 486M

vm_info: OpenJDK 64-Bit Server VM (11.0.8+10-b944.6842174) for windows-amd64 JRE (11.0.8+10-b944.6842174), built on Sep 19 2020 01:11:42 by "builder" with MS VC++ 14.0 (VS2015)

END.
